[ 2011-11-25T11:15:09+08:00 ] ERR: (ThinkException) 非法操作method="post"
[ 2011-11-25T11:16:05+08:00 ] ERR: (ThinkException) 非法操作method="post"
[ 2011-11-25T13:25:06+08:00 ] ERR: (ThinkException) 非法操作editpic
[ 2011-11-25T14:29:27+08:00 ] ERR: (ThinkException) 非法操作updatepic
[ 2011-11-25T14:30:27+08:00 ] ERR: (ThinkException) 非法操作updatepic
[ 2011-11-25T14:46:26+08:00 ] ERR: (ThinkException) 非法操作index
[ 2011-11-25T15:07:13+08:00 ] ERR: (ThinkException) Action:search您所请求的方法不存在！
[ 2011-11-25T15:07:13+08:00 ] ERR: (ThinkException) Action:search您所请求的方法不存在！
[ 2011-11-25T15:07:15+08:00 ] ERR: (ThinkException) Action:search您所请求的方法不存在！
[ 2011-11-25T15:43:56+08:00 ] ERR: (ThinkException) 非法操作updatetopic
[ 2011-11-25T16:02:10+08:00 ] ERR: (ThinkException) 非法操作topics
[ 2011-11-25T16:02:33+08:00 ] ERR: (ThinkException) 非法操作index
[ 2011-11-25T16:09:23+08:00 ] ERR: (ThinkException) 非法操作topic
[ 2011-11-25T16:41:24+08:00 ] ERR: (ThinkException) 非法操作index
[ 2011-11-25T16:42:20+08:00 ] ERR: (ThinkException) 非法操作index
[ 2011-11-25T18:05:10+08:00 ] ERR: (ThinkException) 非法操作update
[ 2011-11-25T18:14:28+08:00 ] ERR: (ThinkException) 非法操作shownews
[ 2011-11-25T18:19:07+08:00 ] ERR: (ThinkException) 非法操作editall
[ 2011-11-25T18:22:59+08:00 ] ERR: (ThinkException) 模板不存在[./App/Tpl/default/Admin/News/shownews.html]
[ 2011-11-25T18:27:02+08:00 ] ERR: (ThinkException) 非法操作shownews
[ 2011-11-25T18:27:08+08:00 ] ERR: (ThinkException) 非法操作editnews
[ 2011-11-25T19:16:02+08:00 ] ERR: (ThinkException) 非法操作showpics
[ 2011-11-25T19:16:17+08:00 ] ERR: (ThinkException) 非法操作showtopics
[ 2011-11-25T19:16:43+08:00 ] ERR: (ThinkException) 非法操作showtopics
[ 2011-11-25T19:18:19+08:00 ] ERR: (ThinkException) 非法操作showpics
