[ 2011-11-22T00:30:48+08:00 ] ERR: (ThinkException) 无法加载模块forum
[ 2011-11-22T01:16:17+08:00 ] ERR: (ThinkException) 无法加载模块
[ 2011-11-22T01:16:18+08:00 ] ERR: (ThinkException) 无法加载模块forum
[ 2011-11-22T01:16:18+08:00 ] ERR: (ThinkException) 无法加载模块forum
[ 2011-11-22T01:16:18+08:00 ] ERR: (ThinkException) 无法加载模块images
[ 2011-11-22T01:16:18+08:00 ] ERR: (ThinkException) 无法加载模块images
[ 2011-11-22T01:16:18+08:00 ] ERR: (ThinkException) 无法加载模块forum
[ 2011-11-22T02:02:03+08:00 ] ERR: (ThinkException) 无法加载模块
[ 2011-11-22T02:02:03+08:00 ] ERR: (ThinkException) 无法加载模块forum
[ 2011-11-22T02:04:34+08:00 ] ERR: (ThinkException) 无法加载模块community
[ 2011-11-22T02:35:36+08:00 ] ERR: (ThinkException) 无法加载模块forum
[ 2011-11-22T04:13:05+08:00 ] ERR: (ThinkException) 无法加载模块
[ 2011-11-22T04:13:05+08:00 ] ERR: (ThinkException) 无法加载模块community
[ 2011-11-22T04:26:54+08:00 ] ERR: (ThinkException) 无法加载模块community
[ 2011-11-22T05:24:46+08:00 ] ERR: (ThinkException) 无法加载模块forum
[ 2011-11-22T07:08:47+08:00 ] ERR: (ThinkException) 无法加载模块
[ 2011-11-22T07:08:47+08:00 ] ERR: (ThinkException) 无法加载模块phpMyAdmin
[ 2011-11-22T07:08:47+08:00 ] ERR: (ThinkException) 无法加载模块phpmyadmin
[ 2011-11-22T07:08:47+08:00 ] ERR: (ThinkException) 无法加载模块pma
[ 2011-11-22T07:08:47+08:00 ] ERR: (ThinkException) 无法加载模块myadmin
[ 2011-11-22T07:08:47+08:00 ] ERR: (ThinkException) 无法加载模块MyAdmin
[ 2011-11-22T07:25:27+08:00 ] ERR: (ThinkException) 无法加载模块
[ 2011-11-22T07:25:27+08:00 ] ERR: (ThinkException) 无法加载模块community
[ 2011-11-22T08:16:10+08:00 ] ERR: (ThinkException) 无法加载模块
[ 2011-11-22T08:16:32+08:00 ] ERR: (ThinkException) 无法加载模块
[ 2011-11-22T08:16:52+08:00 ] ERR: (ThinkException) 无法加载模块
[ 2011-11-22T08:17:13+08:00 ] ERR: (ThinkException) 无法加载模块
[ 2011-11-22T08:17:30+08:00 ] ERR: (ThinkException) 无法加载模块
[ 2011-11-22T08:17:31+08:00 ] ERR: (ThinkException) 无法加载模块
[ 2011-11-22T08:17:32+08:00 ] ERR: (ThinkException) 无法加载模块
[ 2011-11-22T08:17:42+08:00 ] ERR: (ThinkException) 无法加载模块
[ 2011-11-22T08:17:45+08:00 ] ERR: (ThinkException) 无法加载模块
[ 2011-11-22T08:18:26+08:00 ] ERR: (ThinkException) 无法加载模块
[ 2011-11-22T08:18:27+08:00 ] ERR: (ThinkException) 无法加载模块
[ 2011-11-22T08:18:28+08:00 ] ERR: (ThinkException) 无法加载模块
[ 2011-11-22T08:18:29+08:00 ] ERR: (ThinkException) 无法加载模块Public
[ 2011-11-22T08:18:29+08:00 ] ERR: (ThinkException) 无法加载模块Public
[ 2011-11-22T08:18:50+08:00 ] ERR: (ThinkException) 无法加载模块
[ 2011-11-22T08:18:50+08:00 ] ERR: (ThinkException) 无法加载模块
[ 2011-11-22T08:19:18+08:00 ] ERR: (ThinkException) 无法加载模块
[ 2011-11-22T08:19:18+08:00 ] ERR: (ThinkException) 无法加载模块
[ 2011-11-22T08:19:19+08:00 ] ERR: (ThinkException) 无法加载模块
[ 2011-11-22T08:19:19+08:00 ] ERR: (ThinkException) 无法加载模块
[ 2011-11-22T08:38:45+08:00 ] ERR: (ThinkException) 无法加载模块
[ 2011-11-22T08:38:45+08:00 ] ERR: (ThinkException) 无法加载模块
[ 2011-11-22T08:38:48+08:00 ] ERR: (ThinkException) 无法加载模块
[ 2011-11-22T08:38:51+08:00 ] ERR: (ThinkException) 无法加载模块
[ 2011-11-22T08:38:54+08:00 ] ERR: (ThinkException) 无法加载模块
[ 2011-11-22T08:38:57+08:00 ] ERR: (ThinkException) 无法加载模块
[ 2011-11-22T08:39:00+08:00 ] ERR: (ThinkException) 无法加载模块
[ 2011-11-22T08:39:03+08:00 ] ERR: (ThinkException) 无法加载模块
[ 2011-11-22T08:39:06+08:00 ] ERR: (ThinkException) 无法加载模块
[ 2011-11-22T08:39:09+08:00 ] ERR: (ThinkException) 无法加载模块
[ 2011-11-22T08:39:12+08:00 ] ERR: (ThinkException) 无法加载模块
[ 2011-11-22T08:39:15+08:00 ] ERR: (ThinkException) 无法加载模块
[ 2011-11-22T08:39:18+08:00 ] ERR: (ThinkException) 无法加载模块
[ 2011-11-22T08:39:21+08:00 ] ERR: (ThinkException) 无法加载模块
[ 2011-11-22T08:39:24+08:00 ] ERR: (ThinkException) 无法加载模块
[ 2011-11-22T08:39:27+08:00 ] ERR: (ThinkException) 无法加载模块
[ 2011-11-22T08:39:30+08:00 ] ERR: (ThinkException) 无法加载模块
[ 2011-11-22T08:39:33+08:00 ] ERR: (ThinkException) 无法加载模块
[ 2011-11-22T08:39:36+08:00 ] ERR: (ThinkException) 无法加载模块
[ 2011-11-22T08:39:39+08:00 ] ERR: (ThinkException) 无法加载模块
[ 2011-11-22T08:39:42+08:00 ] ERR: (ThinkException) 无法加载模块
[ 2011-11-22T08:39:45+08:00 ] ERR: (ThinkException) 无法加载模块
[ 2011-11-22T08:39:48+08:00 ] ERR: (ThinkException) 无法加载模块
[ 2011-11-22T08:39:51+08:00 ] ERR: (ThinkException) 无法加载模块
[ 2011-11-22T08:39:54+08:00 ] ERR: (ThinkException) 无法加载模块
[ 2011-11-22T08:39:57+08:00 ] ERR: (ThinkException) 无法加载模块
[ 2011-11-22T08:40:00+08:00 ] ERR: (ThinkException) 无法加载模块
[ 2011-11-22T08:40:03+08:00 ] ERR: (ThinkException) 无法加载模块
[ 2011-11-22T08:40:06+08:00 ] ERR: (ThinkException) 无法加载模块
[ 2011-11-22T08:40:09+08:00 ] ERR: (ThinkException) 无法加载模块
[ 2011-11-22T08:40:12+08:00 ] ERR: (ThinkException) 无法加载模块
[ 2011-11-22T08:40:15+08:00 ] ERR: (ThinkException) 无法加载模块
[ 2011-11-22T08:40:18+08:00 ] ERR: (ThinkException) 无法加载模块
[ 2011-11-22T08:40:21+08:00 ] ERR: (ThinkException) 无法加载模块
[ 2011-11-22T08:40:24+08:00 ] ERR: (ThinkException) 无法加载模块
[ 2011-11-22T08:40:27+08:00 ] ERR: (ThinkException) 无法加载模块
[ 2011-11-22T08:40:30+08:00 ] ERR: (ThinkException) 无法加载模块
[ 2011-11-22T08:40:33+08:00 ] ERR: (ThinkException) 无法加载模块
[ 2011-11-22T08:40:36+08:00 ] ERR: (ThinkException) 无法加载模块
[ 2011-11-22T08:40:39+08:00 ] ERR: (ThinkException) 无法加载模块
[ 2011-11-22T08:40:42+08:00 ] ERR: (ThinkException) 无法加载模块
[ 2011-11-22T08:40:45+08:00 ] ERR: (ThinkException) 无法加载模块
[ 2011-11-22T08:40:48+08:00 ] ERR: (ThinkException) 无法加载模块
[ 2011-11-22T08:40:51+08:00 ] ERR: (ThinkException) 无法加载模块
[ 2011-11-22T08:40:54+08:00 ] ERR: (ThinkException) 无法加载模块
[ 2011-11-22T08:40:57+08:00 ] ERR: (ThinkException) 无法加载模块
[ 2011-11-22T08:41:00+08:00 ] ERR: (ThinkException) 无法加载模块
[ 2011-11-22T08:41:03+08:00 ] ERR: (ThinkException) 无法加载模块
[ 2011-11-22T08:41:06+08:00 ] ERR: (ThinkException) 无法加载模块
[ 2011-11-22T08:41:09+08:00 ] ERR: (ThinkException) 无法加载模块
[ 2011-11-22T08:41:12+08:00 ] ERR: (ThinkException) 无法加载模块
[ 2011-11-22T08:41:15+08:00 ] ERR: (ThinkException) 无法加载模块
[ 2011-11-22T08:41:18+08:00 ] ERR: (ThinkException) 无法加载模块
[ 2011-11-22T08:41:21+08:00 ] ERR: (ThinkException) 无法加载模块
[ 2011-11-22T08:41:24+08:00 ] ERR: (ThinkException) 无法加载模块
[ 2011-11-22T08:41:27+08:00 ] ERR: (ThinkException) 无法加载模块
[ 2011-11-22T08:41:30+08:00 ] ERR: (ThinkException) 无法加载模块
[ 2011-11-22T08:41:33+08:00 ] ERR: (ThinkException) 无法加载模块
[ 2011-11-22T08:41:36+08:00 ] ERR: (ThinkException) 无法加载模块
[ 2011-11-22T08:41:39+08:00 ] ERR: (ThinkException) 无法加载模块
[ 2011-11-22T08:41:42+08:00 ] ERR: (ThinkException) 无法加载模块
[ 2011-11-22T08:41:45+08:00 ] ERR: (ThinkException) 无法加载模块
[ 2011-11-22T08:41:48+08:00 ] ERR: (ThinkException) 无法加载模块
[ 2011-11-22T08:41:51+08:00 ] ERR: (ThinkException) 无法加载模块
[ 2011-11-22T08:41:54+08:00 ] ERR: (ThinkException) 无法加载模块
[ 2011-11-22T08:41:57+08:00 ] ERR: (ThinkException) 无法加载模块
[ 2011-11-22T08:42:00+08:00 ] ERR: (ThinkException) 无法加载模块
[ 2011-11-22T08:42:03+08:00 ] ERR: (ThinkException) 无法加载模块
[ 2011-11-22T08:42:06+08:00 ] ERR: (ThinkException) 无法加载模块
[ 2011-11-22T08:42:09+08:00 ] ERR: (ThinkException) 无法加载模块
[ 2011-11-22T08:42:12+08:00 ] ERR: (ThinkException) 无法加载模块
[ 2011-11-22T08:42:15+08:00 ] ERR: (ThinkException) 无法加载模块
[ 2011-11-22T08:42:18+08:00 ] ERR: (ThinkException) 无法加载模块
[ 2011-11-22T08:42:21+08:00 ] ERR: (ThinkException) 无法加载模块
[ 2011-11-22T08:42:24+08:00 ] ERR: (ThinkException) 无法加载模块
[ 2011-11-22T08:42:27+08:00 ] ERR: (ThinkException) 无法加载模块
[ 2011-11-22T08:42:30+08:00 ] ERR: (ThinkException) 无法加载模块
[ 2011-11-22T08:42:33+08:00 ] ERR: (ThinkException) 无法加载模块
[ 2011-11-22T08:42:36+08:00 ] ERR: (ThinkException) 无法加载模块
[ 2011-11-22T08:42:39+08:00 ] ERR: (ThinkException) 无法加载模块
[ 2011-11-22T08:42:42+08:00 ] ERR: (ThinkException) 无法加载模块
[ 2011-11-22T08:42:45+08:00 ] ERR: (ThinkException) 无法加载模块
[ 2011-11-22T08:42:48+08:00 ] ERR: (ThinkException) 无法加载模块
[ 2011-11-22T08:42:51+08:00 ] ERR: (ThinkException) 无法加载模块
[ 2011-11-22T08:42:54+08:00 ] ERR: (ThinkException) 无法加载模块
[ 2011-11-22T08:42:57+08:00 ] ERR: (ThinkException) 无法加载模块
[ 2011-11-22T08:43:00+08:00 ] ERR: (ThinkException) 无法加载模块
[ 2011-11-22T08:43:03+08:00 ] ERR: (ThinkException) 无法加载模块
[ 2011-11-22T08:43:06+08:00 ] ERR: (ThinkException) 无法加载模块
[ 2011-11-22T08:43:09+08:00 ] ERR: (ThinkException) 无法加载模块
[ 2011-11-22T08:43:12+08:00 ] ERR: (ThinkException) 无法加载模块
[ 2011-11-22T08:43:15+08:00 ] ERR: (ThinkException) 无法加载模块
[ 2011-11-22T08:43:18+08:00 ] ERR: (ThinkException) 无法加载模块
[ 2011-11-22T08:43:21+08:00 ] ERR: (ThinkException) 无法加载模块
[ 2011-11-22T08:43:24+08:00 ] ERR: (ThinkException) 无法加载模块
[ 2011-11-22T08:43:27+08:00 ] ERR: (ThinkException) 无法加载模块
[ 2011-11-22T08:43:30+08:00 ] ERR: (ThinkException) 无法加载模块
[ 2011-11-22T08:43:33+08:00 ] ERR: (ThinkException) 无法加载模块
[ 2011-11-22T08:43:36+08:00 ] ERR: (ThinkException) 无法加载模块
[ 2011-11-22T08:43:39+08:00 ] ERR: (ThinkException) 无法加载模块
[ 2011-11-22T08:43:42+08:00 ] ERR: (ThinkException) 无法加载模块
[ 2011-11-22T08:43:45+08:00 ] ERR: (ThinkException) 无法加载模块
[ 2011-11-22T08:43:48+08:00 ] ERR: (ThinkException) 无法加载模块
[ 2011-11-22T08:43:51+08:00 ] ERR: (ThinkException) 无法加载模块
[ 2011-11-22T08:43:54+08:00 ] ERR: (ThinkException) 无法加载模块
[ 2011-11-22T08:43:57+08:00 ] ERR: (ThinkException) 无法加载模块
[ 2011-11-22T08:44:00+08:00 ] ERR: (ThinkException) 无法加载模块
[ 2011-11-22T08:44:03+08:00 ] ERR: (ThinkException) 无法加载模块
[ 2011-11-22T08:44:06+08:00 ] ERR: (ThinkException) 无法加载模块
[ 2011-11-22T08:44:09+08:00 ] ERR: (ThinkException) 无法加载模块
[ 2011-11-22T08:44:12+08:00 ] ERR: (ThinkException) 无法加载模块
[ 2011-11-22T08:44:15+08:00 ] ERR: (ThinkException) 无法加载模块
[ 2011-11-22T08:44:18+08:00 ] ERR: (ThinkException) 无法加载模块
[ 2011-11-22T08:44:21+08:00 ] ERR: (ThinkException) 无法加载模块
[ 2011-11-22T08:44:24+08:00 ] ERR: (ThinkException) 无法加载模块
[ 2011-11-22T08:44:27+08:00 ] ERR: (ThinkException) 无法加载模块
[ 2011-11-22T08:44:30+08:00 ] ERR: (ThinkException) 无法加载模块
[ 2011-11-22T08:44:33+08:00 ] ERR: (ThinkException) 无法加载模块
[ 2011-11-22T08:44:36+08:00 ] ERR: (ThinkException) 无法加载模块
[ 2011-11-22T08:44:39+08:00 ] ERR: (ThinkException) 无法加载模块
[ 2011-11-22T08:44:42+08:00 ] ERR: (ThinkException) 无法加载模块
[ 2011-11-22T08:44:45+08:00 ] ERR: (ThinkException) 无法加载模块
[ 2011-11-22T08:44:48+08:00 ] ERR: (ThinkException) 无法加载模块
[ 2011-11-22T08:44:51+08:00 ] ERR: (ThinkException) 无法加载模块
[ 2011-11-22T08:44:54+08:00 ] ERR: (ThinkException) 无法加载模块
[ 2011-11-22T08:44:57+08:00 ] ERR: (ThinkException) 无法加载模块
[ 2011-11-22T08:45:00+08:00 ] ERR: (ThinkException) 无法加载模块
[ 2011-11-22T08:45:03+08:00 ] ERR: (ThinkException) 无法加载模块
[ 2011-11-22T08:45:06+08:00 ] ERR: (ThinkException) 无法加载模块
[ 2011-11-22T08:45:09+08:00 ] ERR: (ThinkException) 无法加载模块
[ 2011-11-22T08:45:12+08:00 ] ERR: (ThinkException) 无法加载模块
[ 2011-11-22T08:45:15+08:00 ] ERR: (ThinkException) 无法加载模块
[ 2011-11-22T08:45:18+08:00 ] ERR: (ThinkException) 无法加载模块
[ 2011-11-22T08:45:21+08:00 ] ERR: (ThinkException) 无法加载模块
[ 2011-11-22T08:45:24+08:00 ] ERR: (ThinkException) 无法加载模块
[ 2011-11-22T08:45:27+08:00 ] ERR: (ThinkException) 无法加载模块
[ 2011-11-22T08:45:30+08:00 ] ERR: (ThinkException) 无法加载模块
[ 2011-11-22T08:45:33+08:00 ] ERR: (ThinkException) 无法加载模块
[ 2011-11-22T08:45:36+08:00 ] ERR: (ThinkException) 无法加载模块
[ 2011-11-22T08:45:39+08:00 ] ERR: (ThinkException) 无法加载模块
[ 2011-11-22T08:45:42+08:00 ] ERR: (ThinkException) 无法加载模块
[ 2011-11-22T08:45:45+08:00 ] ERR: (ThinkException) 无法加载模块
[ 2011-11-22T08:45:48+08:00 ] ERR: (ThinkException) 无法加载模块
[ 2011-11-22T08:45:51+08:00 ] ERR: (ThinkException) 无法加载模块
[ 2011-11-22T08:45:54+08:00 ] ERR: (ThinkException) 无法加载模块
[ 2011-11-22T08:45:57+08:00 ] ERR: (ThinkException) 无法加载模块
[ 2011-11-22T08:46:00+08:00 ] ERR: (ThinkException) 无法加载模块
[ 2011-11-22T08:46:03+08:00 ] ERR: (ThinkException) 无法加载模块
[ 2011-11-22T08:46:06+08:00 ] ERR: (ThinkException) 无法加载模块
[ 2011-11-22T08:46:09+08:00 ] ERR: (ThinkException) 无法加载模块
[ 2011-11-22T08:46:12+08:00 ] ERR: (ThinkException) 无法加载模块
[ 2011-11-22T08:46:16+08:00 ] ERR: (ThinkException) 无法加载模块
[ 2011-11-22T08:46:19+08:00 ] ERR: (ThinkException) 无法加载模块
[ 2011-11-22T08:46:22+08:00 ] ERR: (ThinkException) 无法加载模块
[ 2011-11-22T08:46:25+08:00 ] ERR: (ThinkException) 无法加载模块
[ 2011-11-22T08:46:28+08:00 ] ERR: (ThinkException) 无法加载模块
[ 2011-11-22T08:46:31+08:00 ] ERR: (ThinkException) 无法加载模块
[ 2011-11-22T08:46:34+08:00 ] ERR: (ThinkException) 无法加载模块
[ 2011-11-22T08:46:37+08:00 ] ERR: (ThinkException) 无法加载模块
[ 2011-11-22T08:46:40+08:00 ] ERR: (ThinkException) 无法加载模块
[ 2011-11-22T08:46:43+08:00 ] ERR: (ThinkException) 无法加载模块
[ 2011-11-22T08:46:46+08:00 ] ERR: (ThinkException) 无法加载模块
[ 2011-11-22T08:46:49+08:00 ] ERR: (ThinkException) 无法加载模块
[ 2011-11-22T08:46:52+08:00 ] ERR: (ThinkException) 无法加载模块
[ 2011-11-22T08:46:55+08:00 ] ERR: (ThinkException) 无法加载模块
[ 2011-11-22T08:46:58+08:00 ] ERR: (ThinkException) 无法加载模块
[ 2011-11-22T08:47:01+08:00 ] ERR: (ThinkException) 无法加载模块
[ 2011-11-22T08:47:04+08:00 ] ERR: (ThinkException) 无法加载模块
[ 2011-11-22T08:47:07+08:00 ] ERR: (ThinkException) 无法加载模块
[ 2011-11-22T08:47:10+08:00 ] ERR: (ThinkException) 无法加载模块
[ 2011-11-22T08:47:13+08:00 ] ERR: (ThinkException) 无法加载模块
[ 2011-11-22T08:47:16+08:00 ] ERR: (ThinkException) 无法加载模块
[ 2011-11-22T08:47:19+08:00 ] ERR: (ThinkException) 无法加载模块
[ 2011-11-22T08:47:22+08:00 ] ERR: (ThinkException) 无法加载模块
[ 2011-11-22T09:28:36+08:00 ] ERR: (ThinkException) 无法加载模块
[ 2011-11-22T09:28:36+08:00 ] ERR: (ThinkException) 无法加载模块
[ 2011-11-22T09:28:39+08:00 ] ERR: (ThinkException) 无法加载模块
[ 2011-11-22T09:28:42+08:00 ] ERR: (ThinkException) 无法加载模块
[ 2011-11-22T09:28:45+08:00 ] ERR: (ThinkException) 无法加载模块
[ 2011-11-22T09:28:47+08:00 ] ERR: (ThinkException) 无法加载模块
[ 2011-11-22T09:28:48+08:00 ] ERR: (ThinkException) 无法加载模块
[ 2011-11-22T09:28:50+08:00 ] ERR: (ThinkException) 无法加载模块
[ 2011-11-22T09:28:53+08:00 ] ERR: (ThinkException) 无法加载模块
[ 2011-11-22T09:28:56+08:00 ] ERR: (ThinkException) 无法加载模块
[ 2011-11-22T09:29:37+08:00 ] ERR: (ThinkException) 无法加载模块
[ 2011-11-22T09:45:39+08:00 ] ERR: (ThinkException) 无法加载模块
[ 2011-11-22T09:45:39+08:00 ] ERR: (ThinkException) 无法加载模块
[ 2011-11-22T09:45:40+08:00 ] ERR: (ThinkException) 无法加载模块
[ 2011-11-22T09:45:43+08:00 ] ERR: (ThinkException) 无法加载模块
[ 2011-11-22T09:45:47+08:00 ] ERR: (ThinkException) 无法加载模块
[ 2011-11-22T09:45:57+08:00 ] ERR: (ThinkException) 无法加载模块
[ 2011-11-22T09:45:59+08:00 ] ERR: (ThinkException) 无法加载模块
[ 2011-11-22T09:46:02+08:00 ] ERR: (ThinkException) 无法加载模块
[ 2011-11-22T09:46:05+08:00 ] ERR: (ThinkException) 无法加载模块
[ 2011-11-22T09:46:08+08:00 ] ERR: (ThinkException) 无法加载模块
[ 2011-11-22T09:46:11+08:00 ] ERR: (ThinkException) 无法加载模块
[ 2011-11-22T09:46:14+08:00 ] ERR: (ThinkException) 无法加载模块
[ 2011-11-22T09:46:17+08:00 ] ERR: (ThinkException) 无法加载模块
[ 2011-11-22T09:46:20+08:00 ] ERR: (ThinkException) 无法加载模块
[ 2011-11-22T09:46:23+08:00 ] ERR: (ThinkException) 无法加载模块
[ 2011-11-22T09:46:26+08:00 ] ERR: (ThinkException) 无法加载模块
[ 2011-11-22T09:46:30+08:00 ] ERR: (ThinkException) 无法加载模块
[ 2011-11-22T09:46:33+08:00 ] ERR: (ThinkException) 无法加载模块
[ 2011-11-22T09:46:36+08:00 ] ERR: (ThinkException) 无法加载模块
[ 2011-11-22T09:46:39+08:00 ] ERR: (ThinkException) 无法加载模块
[ 2011-11-22T09:46:42+08:00 ] ERR: (ThinkException) 无法加载模块
[ 2011-11-22T09:46:45+08:00 ] ERR: (ThinkException) 无法加载模块
[ 2011-11-22T09:46:48+08:00 ] ERR: (ThinkException) 无法加载模块
[ 2011-11-22T09:46:51+08:00 ] ERR: (ThinkException) 无法加载模块
[ 2011-11-22T09:46:54+08:00 ] ERR: (ThinkException) 无法加载模块
[ 2011-11-22T09:46:57+08:00 ] ERR: (ThinkException) 无法加载模块
[ 2011-11-22T09:47:00+08:00 ] ERR: (ThinkException) 无法加载模块
[ 2011-11-22T09:47:03+08:00 ] ERR: (ThinkException) 无法加载模块
[ 2011-11-22T09:47:06+08:00 ] ERR: (ThinkException) 无法加载模块
[ 2011-11-22T09:47:09+08:00 ] ERR: (ThinkException) 无法加载模块
[ 2011-11-22T09:47:12+08:00 ] ERR: (ThinkException) 无法加载模块
[ 2011-11-22T09:47:15+08:00 ] ERR: (ThinkException) 无法加载模块
[ 2011-11-22T09:47:18+08:00 ] ERR: (ThinkException) 无法加载模块
[ 2011-11-22T09:56:13+08:00 ] ERR: (ThinkException) 无法加载模块forum
[ 2011-11-22T09:57:03+08:00 ] ERR: (ThinkException) 无法加载模块forum
[ 2011-11-22T09:57:22+08:00 ] ERR: (ThinkException) 无法加载模块forum
[ 2011-11-22T10:00:16+08:00 ] ERR: (ThinkException) 无法加载模块
[ 2011-11-22T10:00:16+08:00 ] ERR: (ThinkException) 无法加载模块
[ 2011-11-22T10:00:17+08:00 ] ERR: (ThinkException) 无法加载模块
[ 2011-11-22T10:00:17+08:00 ] ERR: (ThinkException) 无法加载模块
[ 2011-11-22T10:00:19+08:00 ] ERR: (ThinkException) 无法加载模块
[ 2011-11-22T10:00:20+08:00 ] ERR: (ThinkException) 无法加载模块
[ 2011-11-22T10:00:22+08:00 ] ERR: (ThinkException) 无法加载模块
[ 2011-11-22T10:00:23+08:00 ] ERR: (ThinkException) 无法加载模块
[ 2011-11-22T10:00:25+08:00 ] ERR: (ThinkException) 无法加载模块
[ 2011-11-22T10:00:26+08:00 ] ERR: (ThinkException) 无法加载模块
[ 2011-11-22T10:00:28+08:00 ] ERR: (ThinkException) 无法加载模块
[ 2011-11-22T10:00:29+08:00 ] ERR: (ThinkException) 无法加载模块
[ 2011-11-22T10:00:31+08:00 ] ERR: (ThinkException) 无法加载模块
[ 2011-11-22T10:00:32+08:00 ] ERR: (ThinkException) 无法加载模块
[ 2011-11-22T10:00:34+08:00 ] ERR: (ThinkException) 无法加载模块
[ 2011-11-22T10:00:35+08:00 ] ERR: (ThinkException) 无法加载模块
[ 2011-11-22T10:00:37+08:00 ] ERR: (ThinkException) 无法加载模块
[ 2011-11-22T10:00:38+08:00 ] ERR: (ThinkException) 无法加载模块
[ 2011-11-22T10:00:38+08:00 ] ERR: (ThinkException) 无法加载模块
[ 2011-11-22T10:00:39+08:00 ] ERR: (ThinkException) 无法加载模块
[ 2011-11-22T10:00:41+08:00 ] ERR: (ThinkException) 无法加载模块
[ 2011-11-22T10:00:42+08:00 ] ERR: (ThinkException) 无法加载模块
[ 2011-11-22T10:00:44+08:00 ] ERR: (ThinkException) 无法加载模块
[ 2011-11-22T10:00:45+08:00 ] ERR: (ThinkException) 无法加载模块
[ 2011-11-22T10:00:48+08:00 ] ERR: (ThinkException) 无法加载模块
[ 2011-11-22T10:00:50+08:00 ] ERR: (ThinkException) 无法加载模块
[ 2011-11-22T10:00:50+08:00 ] ERR: (ThinkException) 无法加载模块
[ 2011-11-22T10:00:52+08:00 ] ERR: (ThinkException) 无法加载模块
[ 2011-11-22T10:00:52+08:00 ] ERR: (ThinkException) 无法加载模块
[ 2011-11-22T10:00:53+08:00 ] ERR: (ThinkException) 无法加载模块
[ 2011-11-22T10:00:55+08:00 ] ERR: (ThinkException) 无法加载模块
[ 2011-11-22T10:00:56+08:00 ] ERR: (ThinkException) 无法加载模块
[ 2011-11-22T10:00:58+08:00 ] ERR: (ThinkException) 无法加载模块
[ 2011-11-22T10:00:59+08:00 ] ERR: (ThinkException) 无法加载模块
[ 2011-11-22T10:00:59+08:00 ] ERR: (ThinkException) 无法加载模块
[ 2011-11-22T10:00:59+08:00 ] ERR: (ThinkException) 无法加载模块
[ 2011-11-22T10:01:00+08:00 ] ERR: (ThinkException) 无法加载模块
[ 2011-11-22T10:01:00+08:00 ] ERR: (ThinkException) 无法加载模块
[ 2011-11-22T10:01:02+08:00 ] ERR: (ThinkException) 无法加载模块
[ 2011-11-22T10:01:03+08:00 ] ERR: (ThinkException) 无法加载模块
[ 2011-11-22T10:01:05+08:00 ] ERR: (ThinkException) 无法加载模块
[ 2011-11-22T10:01:06+08:00 ] ERR: (ThinkException) 无法加载模块
[ 2011-11-22T10:01:08+08:00 ] ERR: (ThinkException) 无法加载模块
[ 2011-11-22T10:01:09+08:00 ] ERR: (ThinkException) 无法加载模块
[ 2011-11-22T10:01:09+08:00 ] ERR: (ThinkException) 无法加载模块
[ 2011-11-22T10:01:09+08:00 ] ERR: (ThinkException) 无法加载模块
[ 2011-11-22T10:01:10+08:00 ] ERR: (ThinkException) 无法加载模块
[ 2011-11-22T10:01:12+08:00 ] ERR: (ThinkException) 无法加载模块
[ 2011-11-22T10:01:12+08:00 ] ERR: (ThinkException) 无法加载模块
[ 2011-11-22T10:01:15+08:00 ] ERR: (ThinkException) 无法加载模块
[ 2011-11-22T10:01:15+08:00 ] ERR: (ThinkException) 无法加载模块
[ 2011-11-22T10:01:18+08:00 ] ERR: (ThinkException) 无法加载模块
[ 2011-11-22T10:01:18+08:00 ] ERR: (ThinkException) 无法加载模块
[ 2011-11-22T10:01:21+08:00 ] ERR: (ThinkException) 无法加载模块
[ 2011-11-22T10:01:21+08:00 ] ERR: (ThinkException) 无法加载模块
[ 2011-11-22T10:01:24+08:00 ] ERR: (ThinkException) 无法加载模块
[ 2011-11-22T10:01:24+08:00 ] ERR: (ThinkException) 无法加载模块
[ 2011-11-22T10:01:27+08:00 ] ERR: (ThinkException) 无法加载模块
[ 2011-11-22T10:01:27+08:00 ] ERR: (ThinkException) 无法加载模块
[ 2011-11-22T10:01:30+08:00 ] ERR: (ThinkException) 无法加载模块
[ 2011-11-22T10:01:33+08:00 ] ERR: (ThinkException) 无法加载模块
[ 2011-11-22T10:01:36+08:00 ] ERR: (ThinkException) 无法加载模块
[ 2011-11-22T10:01:39+08:00 ] ERR: (ThinkException) 无法加载模块
[ 2011-11-22T10:01:42+08:00 ] ERR: (ThinkException) 无法加载模块
[ 2011-11-22T10:01:45+08:00 ] ERR: (ThinkException) 无法加载模块
[ 2011-11-22T10:01:48+08:00 ] ERR: (ThinkException) 无法加载模块
[ 2011-11-22T10:01:51+08:00 ] ERR: (ThinkException) 无法加载模块
[ 2011-11-22T10:01:54+08:00 ] ERR: (ThinkException) 无法加载模块
[ 2011-11-22T10:01:55+08:00 ] ERR: (ThinkException) 无法加载模块
[ 2011-11-22T10:01:55+08:00 ] ERR: (ThinkException) 无法加载模块
[ 2011-11-22T10:01:58+08:00 ] ERR: (ThinkException) 无法加载模块
[ 2011-11-22T10:02:01+08:00 ] ERR: (ThinkException) 无法加载模块
[ 2011-11-22T10:02:04+08:00 ] ERR: (ThinkException) 无法加载模块
[ 2011-11-22T10:02:07+08:00 ] ERR: (ThinkException) 无法加载模块
[ 2011-11-22T10:02:10+08:00 ] ERR: (ThinkException) 无法加载模块
[ 2011-11-22T10:02:13+08:00 ] ERR: (ThinkException) 无法加载模块
[ 2011-11-22T10:02:16+08:00 ] ERR: (ThinkException) 无法加载模块
[ 2011-11-22T10:02:19+08:00 ] ERR: (ThinkException) 无法加载模块
[ 2011-11-22T10:02:20+08:00 ] ERR: (ThinkException) 无法加载模块
[ 2011-11-22T10:02:20+08:00 ] ERR: (ThinkException) 无法加载模块
[ 2011-11-22T10:02:23+08:00 ] ERR: (ThinkException) 无法加载模块
[ 2011-11-22T10:02:23+08:00 ] ERR: (ThinkException) 无法加载模块
[ 2011-11-22T10:02:26+08:00 ] ERR: (ThinkException) 无法加载模块
[ 2011-11-22T10:02:28+08:00 ] ERR: (ThinkException) 无法加载模块
[ 2011-11-22T10:02:28+08:00 ] ERR: (ThinkException) 无法加载模块
[ 2011-11-22T10:02:29+08:00 ] ERR: (ThinkException) 无法加载模块
[ 2011-11-22T10:02:31+08:00 ] ERR: (ThinkException) 无法加载模块
[ 2011-11-22T10:02:31+08:00 ] ERR: (ThinkException) 无法加载模块
[ 2011-11-22T10:02:31+08:00 ] ERR: (ThinkException) 无法加载模块
[ 2011-11-22T10:02:32+08:00 ] ERR: (ThinkException) 无法加载模块
[ 2011-11-22T10:02:34+08:00 ] ERR: (ThinkException) 无法加载模块
[ 2011-11-22T10:02:35+08:00 ] ERR: (ThinkException) 无法加载模块
[ 2011-11-22T10:02:37+08:00 ] ERR: (ThinkException) 无法加载模块
[ 2011-11-22T10:02:38+08:00 ] ERR: (ThinkException) 无法加载模块
[ 2011-11-22T10:02:40+08:00 ] ERR: (ThinkException) 无法加载模块
[ 2011-11-22T10:02:41+08:00 ] ERR: (ThinkException) 无法加载模块
[ 2011-11-22T10:02:43+08:00 ] ERR: (ThinkException) 无法加载模块
[ 2011-11-22T10:02:44+08:00 ] ERR: (ThinkException) 无法加载模块
[ 2011-11-22T10:02:46+08:00 ] ERR: (ThinkException) 无法加载模块
[ 2011-11-22T10:02:47+08:00 ] ERR: (ThinkException) 无法加载模块
[ 2011-11-22T10:02:49+08:00 ] ERR: (ThinkException) 无法加载模块
[ 2011-11-22T10:02:50+08:00 ] ERR: (ThinkException) 无法加载模块
[ 2011-11-22T10:02:52+08:00 ] ERR: (ThinkException) 无法加载模块
[ 2011-11-22T10:02:53+08:00 ] ERR: (ThinkException) 无法加载模块
[ 2011-11-22T10:02:55+08:00 ] ERR: (ThinkException) 无法加载模块
[ 2011-11-22T10:02:56+08:00 ] ERR: (ThinkException) 无法加载模块
[ 2011-11-22T10:02:58+08:00 ] ERR: (ThinkException) 无法加载模块
[ 2011-11-22T10:02:59+08:00 ] ERR: (ThinkException) 无法加载模块
[ 2011-11-22T10:03:01+08:00 ] ERR: (ThinkException) 无法加载模块
[ 2011-11-22T10:03:02+08:00 ] ERR: (ThinkException) 无法加载模块
[ 2011-11-22T10:03:04+08:00 ] ERR: (ThinkException) 无法加载模块
[ 2011-11-22T10:03:05+08:00 ] ERR: (ThinkException) 无法加载模块
[ 2011-11-22T10:03:07+08:00 ] ERR: (ThinkException) 无法加载模块
[ 2011-11-22T10:03:08+08:00 ] ERR: (ThinkException) 无法加载模块
[ 2011-11-22T10:03:10+08:00 ] ERR: (ThinkException) 无法加载模块
[ 2011-11-22T10:03:11+08:00 ] ERR: (ThinkException) 无法加载模块
[ 2011-11-22T10:03:13+08:00 ] ERR: (ThinkException) 无法加载模块
[ 2011-11-22T10:03:14+08:00 ] ERR: (ThinkException) 无法加载模块
[ 2011-11-22T10:03:16+08:00 ] ERR: (ThinkException) 无法加载模块
[ 2011-11-22T10:03:17+08:00 ] ERR: (ThinkException) 无法加载模块
[ 2011-11-22T10:03:19+08:00 ] ERR: (ThinkException) 无法加载模块
[ 2011-11-22T10:03:20+08:00 ] ERR: (ThinkException) 无法加载模块
[ 2011-11-22T10:03:22+08:00 ] ERR: (ThinkException) 无法加载模块
[ 2011-11-22T10:03:23+08:00 ] ERR: (ThinkException) 无法加载模块
[ 2011-11-22T10:03:25+08:00 ] ERR: (ThinkException) 无法加载模块
[ 2011-11-22T10:03:26+08:00 ] ERR: (ThinkException) 无法加载模块
[ 2011-11-22T10:03:28+08:00 ] ERR: (ThinkException) 无法加载模块
[ 2011-11-22T10:03:29+08:00 ] ERR: (ThinkException) 无法加载模块
[ 2011-11-22T10:03:31+08:00 ] ERR: (ThinkException) 无法加载模块
[ 2011-11-22T10:03:32+08:00 ] ERR: (ThinkException) 无法加载模块
[ 2011-11-22T10:03:34+08:00 ] ERR: (ThinkException) 无法加载模块
[ 2011-11-22T10:03:35+08:00 ] ERR: (ThinkException) 无法加载模块
[ 2011-11-22T10:03:37+08:00 ] ERR: (ThinkException) 无法加载模块
[ 2011-11-22T10:03:37+08:00 ] ERR: (ThinkException) 无法加载模块
[ 2011-11-22T10:03:37+08:00 ] ERR: (ThinkException) 无法加载模块
[ 2011-11-22T10:03:38+08:00 ] ERR: (ThinkException) 无法加载模块
[ 2011-11-22T10:03:40+08:00 ] ERR: (ThinkException) 无法加载模块
[ 2011-11-22T10:03:40+08:00 ] ERR: (ThinkException) 无法加载模块
[ 2011-11-22T10:03:41+08:00 ] ERR: (ThinkException) 无法加载模块
[ 2011-11-22T10:03:43+08:00 ] ERR: (ThinkException) 无法加载模块
[ 2011-11-22T10:03:43+08:00 ] ERR: (ThinkException) 无法加载模块
[ 2011-11-22T10:03:44+08:00 ] ERR: (ThinkException) 无法加载模块
[ 2011-11-22T10:03:46+08:00 ] ERR: (ThinkException) 无法加载模块
[ 2011-11-22T10:03:46+08:00 ] ERR: (ThinkException) 无法加载模块
[ 2011-11-22T10:03:47+08:00 ] ERR: (ThinkException) 无法加载模块
[ 2011-11-22T10:03:49+08:00 ] ERR: (ThinkException) 无法加载模块
[ 2011-11-22T10:03:49+08:00 ] ERR: (ThinkException) 无法加载模块
[ 2011-11-22T10:03:50+08:00 ] ERR: (ThinkException) 无法加载模块
[ 2011-11-22T10:03:52+08:00 ] ERR: (ThinkException) 无法加载模块
[ 2011-11-22T10:03:52+08:00 ] ERR: (ThinkException) 无法加载模块
[ 2011-11-22T10:03:53+08:00 ] ERR: (ThinkException) 无法加载模块
[ 2011-11-22T10:03:55+08:00 ] ERR: (ThinkException) 无法加载模块
[ 2011-11-22T10:03:55+08:00 ] ERR: (ThinkException) 无法加载模块
[ 2011-11-22T10:03:56+08:00 ] ERR: (ThinkException) 无法加载模块
[ 2011-11-22T10:03:58+08:00 ] ERR: (ThinkException) 无法加载模块
[ 2011-11-22T10:03:58+08:00 ] ERR: (ThinkException) 无法加载模块
[ 2011-11-22T10:03:59+08:00 ] ERR: (ThinkException) 无法加载模块
[ 2011-11-22T10:04:00+08:00 ] ERR: (ThinkException) 无法加载模块
[ 2011-11-22T10:04:01+08:00 ] ERR: (ThinkException) 无法加载模块
[ 2011-11-22T10:04:01+08:00 ] ERR: (ThinkException) 无法加载模块
[ 2011-11-22T10:04:02+08:00 ] ERR: (ThinkException) 无法加载模块
[ 2011-11-22T10:04:03+08:00 ] ERR: (ThinkException) 无法加载模块
[ 2011-11-22T10:04:04+08:00 ] ERR: (ThinkException) 无法加载模块
[ 2011-11-22T10:04:05+08:00 ] ERR: (ThinkException) 无法加载模块
[ 2011-11-22T10:04:06+08:00 ] ERR: (ThinkException) 无法加载模块
[ 2011-11-22T10:04:07+08:00 ] ERR: (ThinkException) 无法加载模块
[ 2011-11-22T10:04:08+08:00 ] ERR: (ThinkException) 无法加载模块
[ 2011-11-22T10:04:09+08:00 ] ERR: (ThinkException) 无法加载模块
[ 2011-11-22T10:04:09+08:00 ] ERR: (ThinkException) 无法加载模块
[ 2011-11-22T10:04:10+08:00 ] ERR: (ThinkException) 无法加载模块
[ 2011-11-22T10:04:11+08:00 ] ERR: (ThinkException) 无法加载模块
[ 2011-11-22T10:04:12+08:00 ] ERR: (ThinkException) 无法加载模块
[ 2011-11-22T10:04:13+08:00 ] ERR: (ThinkException) 无法加载模块
[ 2011-11-22T10:04:14+08:00 ] ERR: (ThinkException) 无法加载模块
[ 2011-11-22T10:04:15+08:00 ] ERR: (ThinkException) 无法加载模块
[ 2011-11-22T10:04:15+08:00 ] ERR: (ThinkException) 无法加载模块
[ 2011-11-22T10:04:15+08:00 ] ERR: (ThinkException) 无法加载模块
[ 2011-11-22T10:04:16+08:00 ] ERR: (ThinkException) 无法加载模块
[ 2011-11-22T10:04:17+08:00 ] ERR: (ThinkException) 无法加载模块
[ 2011-11-22T10:04:18+08:00 ] ERR: (ThinkException) 无法加载模块
[ 2011-11-22T10:04:18+08:00 ] ERR: (ThinkException) 无法加载模块
[ 2011-11-22T10:04:19+08:00 ] ERR: (ThinkException) 无法加载模块
[ 2011-11-22T10:04:20+08:00 ] ERR: (ThinkException) 无法加载模块
[ 2011-11-22T10:04:21+08:00 ] ERR: (ThinkException) 无法加载模块
[ 2011-11-22T10:04:21+08:00 ] ERR: (ThinkException) 无法加载模块
[ 2011-11-22T10:04:22+08:00 ] ERR: (ThinkException) 无法加载模块
[ 2011-11-22T10:04:23+08:00 ] ERR: (ThinkException) 无法加载模块
[ 2011-11-22T10:04:24+08:00 ] ERR: (ThinkException) 无法加载模块
[ 2011-11-22T10:04:24+08:00 ] ERR: (ThinkException) 无法加载模块
[ 2011-11-22T10:04:25+08:00 ] ERR: (ThinkException) 无法加载模块
[ 2011-11-22T10:04:26+08:00 ] ERR: (ThinkException) 无法加载模块
[ 2011-11-22T10:04:27+08:00 ] ERR: (ThinkException) 无法加载模块
[ 2011-11-22T10:04:27+08:00 ] ERR: (ThinkException) 无法加载模块
[ 2011-11-22T10:04:28+08:00 ] ERR: (ThinkException) 无法加载模块
[ 2011-11-22T10:04:28+08:00 ] ERR: (ThinkException) 无法加载模块
[ 2011-11-22T10:04:28+08:00 ] ERR: (ThinkException) 无法加载模块
[ 2011-11-22T10:04:29+08:00 ] ERR: (ThinkException) 无法加载模块
[ 2011-11-22T10:04:30+08:00 ] ERR: (ThinkException) 无法加载模块
[ 2011-11-22T10:04:31+08:00 ] ERR: (ThinkException) 无法加载模块
[ 2011-11-22T10:04:31+08:00 ] ERR: (ThinkException) 无法加载模块
[ 2011-11-22T10:04:32+08:00 ] ERR: (ThinkException) 无法加载模块
[ 2011-11-22T10:04:33+08:00 ] ERR: (ThinkException) 无法加载模块
[ 2011-11-22T10:04:34+08:00 ] ERR: (ThinkException) 无法加载模块
[ 2011-11-22T10:04:34+08:00 ] ERR: (ThinkException) 无法加载模块
[ 2011-11-22T10:04:35+08:00 ] ERR: (ThinkException) 无法加载模块
[ 2011-11-22T10:04:36+08:00 ] ERR: (ThinkException) 无法加载模块
[ 2011-11-22T10:04:36+08:00 ] ERR: (ThinkException) 无法加载模块
[ 2011-11-22T10:04:36+08:00 ] ERR: (ThinkException) 无法加载模块
[ 2011-11-22T10:04:37+08:00 ] ERR: (ThinkException) 无法加载模块
[ 2011-11-22T10:04:38+08:00 ] ERR: (ThinkException) 无法加载模块
[ 2011-11-22T10:04:39+08:00 ] ERR: (ThinkException) 无法加载模块
[ 2011-11-22T10:04:39+08:00 ] ERR: (ThinkException) 无法加载模块
[ 2011-11-22T10:04:39+08:00 ] ERR: (ThinkException) 无法加载模块
[ 2011-11-22T10:04:39+08:00 ] ERR: (ThinkException) 无法加载模块
[ 2011-11-22T10:04:40+08:00 ] ERR: (ThinkException) 无法加载模块
[ 2011-11-22T10:04:41+08:00 ] ERR: (ThinkException) 无法加载模块
[ 2011-11-22T10:04:42+08:00 ] ERR: (ThinkException) 无法加载模块
[ 2011-11-22T10:04:42+08:00 ] ERR: (ThinkException) 无法加载模块
[ 2011-11-22T10:04:42+08:00 ] ERR: (ThinkException) 无法加载模块
[ 2011-11-22T10:04:43+08:00 ] ERR: (ThinkException) 无法加载模块
[ 2011-11-22T10:04:44+08:00 ] ERR: (ThinkException) 无法加载模块
[ 2011-11-22T10:04:45+08:00 ] ERR: (ThinkException) 无法加载模块
[ 2011-11-22T10:04:45+08:00 ] ERR: (ThinkException) 无法加载模块
[ 2011-11-22T10:04:45+08:00 ] ERR: (ThinkException) 无法加载模块
[ 2011-11-22T10:04:46+08:00 ] ERR: (ThinkException) 无法加载模块
[ 2011-11-22T10:04:47+08:00 ] ERR: (ThinkException) 无法加载模块
[ 2011-11-22T10:04:48+08:00 ] ERR: (ThinkException) 无法加载模块
[ 2011-11-22T10:04:48+08:00 ] ERR: (ThinkException) 无法加载模块
[ 2011-11-22T10:04:48+08:00 ] ERR: (ThinkException) 无法加载模块
[ 2011-11-22T10:04:49+08:00 ] ERR: (ThinkException) 无法加载模块
[ 2011-11-22T10:04:50+08:00 ] ERR: (ThinkException) 无法加载模块
[ 2011-11-22T10:04:51+08:00 ] ERR: (ThinkException) 无法加载模块
[ 2011-11-22T10:04:51+08:00 ] ERR: (ThinkException) 无法加载模块
[ 2011-11-22T10:04:51+08:00 ] ERR: (ThinkException) 无法加载模块
[ 2011-11-22T10:04:52+08:00 ] ERR: (ThinkException) 无法加载模块
[ 2011-11-22T10:04:53+08:00 ] ERR: (ThinkException) 无法加载模块
[ 2011-11-22T10:04:54+08:00 ] ERR: (ThinkException) 无法加载模块
[ 2011-11-22T10:04:54+08:00 ] ERR: (ThinkException) 无法加载模块
[ 2011-11-22T10:04:54+08:00 ] ERR: (ThinkException) 无法加载模块
[ 2011-11-22T10:04:55+08:00 ] ERR: (ThinkException) 无法加载模块
[ 2011-11-22T10:04:56+08:00 ] ERR: (ThinkException) 无法加载模块
[ 2011-11-22T10:04:56+08:00 ] ERR: (ThinkException) 无法加载模块
[ 2011-11-22T10:04:57+08:00 ] ERR: (ThinkException) 无法加载模块
[ 2011-11-22T10:04:57+08:00 ] ERR: (ThinkException) 无法加载模块
[ 2011-11-22T10:04:57+08:00 ] ERR: (ThinkException) 无法加载模块
[ 2011-11-22T10:04:57+08:00 ] ERR: (ThinkException) 无法加载模块
[ 2011-11-22T10:04:58+08:00 ] ERR: (ThinkException) 无法加载模块
[ 2011-11-22T10:04:59+08:00 ] ERR: (ThinkException) 无法加载模块
[ 2011-11-22T10:05:00+08:00 ] ERR: (ThinkException) 无法加载模块
[ 2011-11-22T10:05:00+08:00 ] ERR: (ThinkException) 无法加载模块
[ 2011-11-22T10:05:00+08:00 ] ERR: (ThinkException) 无法加载模块
[ 2011-11-22T10:05:01+08:00 ] ERR: (ThinkException) 无法加载模块
[ 2011-11-22T10:05:02+08:00 ] ERR: (ThinkException) 无法加载模块
[ 2011-11-22T10:05:03+08:00 ] ERR: (ThinkException) 无法加载模块
[ 2011-11-22T10:05:03+08:00 ] ERR: (ThinkException) 无法加载模块
[ 2011-11-22T10:05:03+08:00 ] ERR: (ThinkException) 无法加载模块
[ 2011-11-22T10:05:04+08:00 ] ERR: (ThinkException) 无法加载模块
[ 2011-11-22T10:05:05+08:00 ] ERR: (ThinkException) 无法加载模块
[ 2011-11-22T10:05:06+08:00 ] ERR: (ThinkException) 无法加载模块
[ 2011-11-22T10:05:06+08:00 ] ERR: (ThinkException) 无法加载模块
[ 2011-11-22T10:05:06+08:00 ] ERR: (ThinkException) 无法加载模块
[ 2011-11-22T10:05:07+08:00 ] ERR: (ThinkException) 无法加载模块
[ 2011-11-22T10:05:08+08:00 ] ERR: (ThinkException) 无法加载模块
[ 2011-11-22T10:05:09+08:00 ] ERR: (ThinkException) 无法加载模块
[ 2011-11-22T10:05:09+08:00 ] ERR: (ThinkException) 无法加载模块
[ 2011-11-22T10:05:09+08:00 ] ERR: (ThinkException) 无法加载模块
[ 2011-11-22T10:05:10+08:00 ] ERR: (ThinkException) 无法加载模块
[ 2011-11-22T10:05:11+08:00 ] ERR: (ThinkException) 无法加载模块
[ 2011-11-22T10:05:12+08:00 ] ERR: (ThinkException) 无法加载模块
[ 2011-11-22T10:05:12+08:00 ] ERR: (ThinkException) 无法加载模块
[ 2011-11-22T10:05:12+08:00 ] ERR: (ThinkException) 无法加载模块
[ 2011-11-22T10:05:13+08:00 ] ERR: (ThinkException) 无法加载模块
[ 2011-11-22T10:05:14+08:00 ] ERR: (ThinkException) 无法加载模块
[ 2011-11-22T10:05:15+08:00 ] ERR: (ThinkException) 无法加载模块
[ 2011-11-22T10:05:15+08:00 ] ERR: (ThinkException) 无法加载模块
[ 2011-11-22T10:05:15+08:00 ] ERR: (ThinkException) 无法加载模块
[ 2011-11-22T10:05:16+08:00 ] ERR: (ThinkException) 无法加载模块
[ 2011-11-22T10:05:17+08:00 ] ERR: (ThinkException) 无法加载模块
[ 2011-11-22T10:05:18+08:00 ] ERR: (ThinkException) 无法加载模块
[ 2011-11-22T10:05:18+08:00 ] ERR: (ThinkException) 无法加载模块
[ 2011-11-22T10:05:18+08:00 ] ERR: (ThinkException) 无法加载模块
[ 2011-11-22T10:05:19+08:00 ] ERR: (ThinkException) 无法加载模块
[ 2011-11-22T10:05:20+08:00 ] ERR: (ThinkException) 无法加载模块
[ 2011-11-22T10:05:21+08:00 ] ERR: (ThinkException) 无法加载模块
[ 2011-11-22T10:05:21+08:00 ] ERR: (ThinkException) 无法加载模块
[ 2011-11-22T10:05:21+08:00 ] ERR: (ThinkException) 无法加载模块
[ 2011-11-22T10:05:22+08:00 ] ERR: (ThinkException) 无法加载模块
[ 2011-11-22T10:05:23+08:00 ] ERR: (ThinkException) 无法加载模块
[ 2011-11-22T10:05:24+08:00 ] ERR: (ThinkException) 无法加载模块
[ 2011-11-22T10:05:24+08:00 ] ERR: (ThinkException) 无法加载模块
[ 2011-11-22T10:05:24+08:00 ] ERR: (ThinkException) 无法加载模块
[ 2011-11-22T10:05:25+08:00 ] ERR: (ThinkException) 无法加载模块
[ 2011-11-22T10:05:26+08:00 ] ERR: (ThinkException) 无法加载模块
[ 2011-11-22T10:05:27+08:00 ] ERR: (ThinkException) 无法加载模块
[ 2011-11-22T10:05:27+08:00 ] ERR: (ThinkException) 无法加载模块
[ 2011-11-22T10:05:27+08:00 ] ERR: (ThinkException) 无法加载模块
[ 2011-11-22T10:05:28+08:00 ] ERR: (ThinkException) 无法加载模块
[ 2011-11-22T10:05:29+08:00 ] ERR: (ThinkException) 无法加载模块
[ 2011-11-22T10:05:30+08:00 ] ERR: (ThinkException) 无法加载模块
[ 2011-11-22T10:05:30+08:00 ] ERR: (ThinkException) 无法加载模块
[ 2011-11-22T10:05:30+08:00 ] ERR: (ThinkException) 无法加载模块
[ 2011-11-22T10:05:31+08:00 ] ERR: (ThinkException) 无法加载模块
[ 2011-11-22T10:05:32+08:00 ] ERR: (ThinkException) 无法加载模块
[ 2011-11-22T10:05:33+08:00 ] ERR: (ThinkException) 无法加载模块
[ 2011-11-22T10:05:33+08:00 ] ERR: (ThinkException) 无法加载模块
[ 2011-11-22T10:05:33+08:00 ] ERR: (ThinkException) 无法加载模块
[ 2011-11-22T10:05:34+08:00 ] ERR: (ThinkException) 无法加载模块
[ 2011-11-22T10:05:35+08:00 ] ERR: (ThinkException) 无法加载模块
[ 2011-11-22T10:05:36+08:00 ] ERR: (ThinkException) 无法加载模块
[ 2011-11-22T10:05:36+08:00 ] ERR: (ThinkException) 无法加载模块
[ 2011-11-22T10:05:36+08:00 ] ERR: (ThinkException) 无法加载模块
[ 2011-11-22T10:05:37+08:00 ] ERR: (ThinkException) 无法加载模块
[ 2011-11-22T10:05:38+08:00 ] ERR: (ThinkException) 无法加载模块
[ 2011-11-22T10:05:39+08:00 ] ERR: (ThinkException) 无法加载模块
[ 2011-11-22T10:05:39+08:00 ] ERR: (ThinkException) 无法加载模块
[ 2011-11-22T10:05:39+08:00 ] ERR: (ThinkException) 无法加载模块
[ 2011-11-22T10:05:40+08:00 ] ERR: (ThinkException) 无法加载模块
[ 2011-11-22T10:05:41+08:00 ] ERR: (ThinkException) 无法加载模块
[ 2011-11-22T10:05:42+08:00 ] ERR: (ThinkException) 无法加载模块
[ 2011-11-22T10:05:42+08:00 ] ERR: (ThinkException) 无法加载模块
[ 2011-11-22T10:05:42+08:00 ] ERR: (ThinkException) 无法加载模块
[ 2011-11-22T10:05:43+08:00 ] ERR: (ThinkException) 无法加载模块
[ 2011-11-22T10:05:44+08:00 ] ERR: (ThinkException) 无法加载模块
[ 2011-11-22T10:05:45+08:00 ] ERR: (ThinkException) 无法加载模块
[ 2011-11-22T10:05:45+08:00 ] ERR: (ThinkException) 无法加载模块
[ 2011-11-22T10:05:45+08:00 ] ERR: (ThinkException) 无法加载模块
[ 2011-11-22T10:05:46+08:00 ] ERR: (ThinkException) 无法加载模块
[ 2011-11-22T10:05:47+08:00 ] ERR: (ThinkException) 无法加载模块
[ 2011-11-22T10:05:47+08:00 ] ERR: (ThinkException) 无法加载模块App
[ 2011-11-22T10:05:48+08:00 ] ERR: (ThinkException) 无法加载模块
[ 2011-11-22T10:05:48+08:00 ] ERR: (ThinkException) 无法加载模块
[ 2011-11-22T10:05:50+08:00 ] ERR: (ThinkException) 无法加载模块
[ 2011-11-22T10:05:51+08:00 ] ERR: (ThinkException) 无法加载模块
[ 2011-11-22T10:05:51+08:00 ] ERR: (ThinkException) 无法加载模块
[ 2011-11-22T10:05:52+08:00 ] ERR: (ThinkException) 无法加载模块App
[ 2011-11-22T10:05:53+08:00 ] ERR: (ThinkException) 无法加载模块
[ 2011-11-22T10:05:54+08:00 ] ERR: (ThinkException) 无法加载模块
[ 2011-11-22T10:05:54+08:00 ] ERR: (ThinkException) 无法加载模块
[ 2011-11-22T10:05:56+08:00 ] ERR: (ThinkException) 无法加载模块
[ 2011-11-22T10:05:57+08:00 ] ERR: (ThinkException) 无法加载模块
[ 2011-11-22T10:05:57+08:00 ] ERR: (ThinkException) 无法加载模块
[ 2011-11-22T10:05:59+08:00 ] ERR: (ThinkException) 无法加载模块
[ 2011-11-22T10:06:00+08:00 ] ERR: (ThinkException) 无法加载模块
[ 2011-11-22T10:06:00+08:00 ] ERR: (ThinkException) 无法加载模块
[ 2011-11-22T10:06:02+08:00 ] ERR: (ThinkException) 无法加载模块
[ 2011-11-22T10:06:02+08:00 ] ERR: (ThinkException) 无法加载模块App
[ 2011-11-22T10:06:03+08:00 ] ERR: (ThinkException) 无法加载模块
[ 2011-11-22T10:06:03+08:00 ] ERR: (ThinkException) 无法加载模块
[ 2011-11-22T10:06:05+08:00 ] ERR: (ThinkException) 无法加载模块
[ 2011-11-22T10:06:06+08:00 ] ERR: (ThinkException) 无法加载模块
[ 2011-11-22T10:06:06+08:00 ] ERR: (ThinkException) 无法加载模块
[ 2011-11-22T10:06:08+08:00 ] ERR: (ThinkException) 无法加载模块
[ 2011-11-22T10:06:09+08:00 ] ERR: (ThinkException) 无法加载模块
[ 2011-11-22T10:06:09+08:00 ] ERR: (ThinkException) 无法加载模块
[ 2011-11-22T10:06:11+08:00 ] ERR: (ThinkException) 无法加载模块
[ 2011-11-22T10:06:12+08:00 ] ERR: (ThinkException) 无法加载模块
[ 2011-11-22T10:06:12+08:00 ] ERR: (ThinkException) 无法加载模块
[ 2011-11-22T10:06:14+08:00 ] ERR: (ThinkException) 无法加载模块
[ 2011-11-22T10:06:15+08:00 ] ERR: (ThinkException) 无法加载模块
[ 2011-11-22T10:06:15+08:00 ] ERR: (ThinkException) 无法加载模块
[ 2011-11-22T10:06:17+08:00 ] ERR: (ThinkException) 无法加载模块
[ 2011-11-22T10:06:18+08:00 ] ERR: (ThinkException) 无法加载模块
[ 2011-11-22T10:06:18+08:00 ] ERR: (ThinkException) 无法加载模块
[ 2011-11-22T10:06:20+08:00 ] ERR: (ThinkException) 无法加载模块
[ 2011-11-22T10:06:21+08:00 ] ERR: (ThinkException) 无法加载模块
[ 2011-11-22T10:06:21+08:00 ] ERR: (ThinkException) 无法加载模块
[ 2011-11-22T10:06:23+08:00 ] ERR: (ThinkException) 无法加载模块
[ 2011-11-22T10:06:24+08:00 ] ERR: (ThinkException) 无法加载模块
[ 2011-11-22T10:06:24+08:00 ] ERR: (ThinkException) 无法加载模块
[ 2011-11-22T10:06:26+08:00 ] ERR: (ThinkException) 无法加载模块
[ 2011-11-22T10:06:27+08:00 ] ERR: (ThinkException) 无法加载模块
[ 2011-11-22T10:06:27+08:00 ] ERR: (ThinkException) 无法加载模块
[ 2011-11-22T10:06:29+08:00 ] ERR: (ThinkException) 无法加载模块
[ 2011-11-22T10:06:30+08:00 ] ERR: (ThinkException) 无法加载模块
[ 2011-11-22T10:06:30+08:00 ] ERR: (ThinkException) 无法加载模块
[ 2011-11-22T10:06:32+08:00 ] ERR: (ThinkException) 无法加载模块
[ 2011-11-22T10:06:33+08:00 ] ERR: (ThinkException) 无法加载模块
[ 2011-11-22T10:06:33+08:00 ] ERR: (ThinkException) 无法加载模块
[ 2011-11-22T10:06:35+08:00 ] ERR: (ThinkException) 无法加载模块
[ 2011-11-22T10:06:36+08:00 ] ERR: (ThinkException) 无法加载模块
[ 2011-11-22T10:06:36+08:00 ] ERR: (ThinkException) 无法加载模块
[ 2011-11-22T10:06:38+08:00 ] ERR: (ThinkException) 无法加载模块
[ 2011-11-22T10:06:39+08:00 ] ERR: (ThinkException) 无法加载模块
[ 2011-11-22T10:06:39+08:00 ] ERR: (ThinkException) 无法加载模块
[ 2011-11-22T10:06:41+08:00 ] ERR: (ThinkException) 无法加载模块
[ 2011-11-22T10:06:42+08:00 ] ERR: (ThinkException) 无法加载模块
[ 2011-11-22T10:06:42+08:00 ] ERR: (ThinkException) 无法加载模块
[ 2011-11-22T10:06:44+08:00 ] ERR: (ThinkException) 无法加载模块
[ 2011-11-22T10:06:45+08:00 ] ERR: (ThinkException) 无法加载模块
[ 2011-11-22T10:06:45+08:00 ] ERR: (ThinkException) 无法加载模块
[ 2011-11-22T10:06:47+08:00 ] ERR: (ThinkException) 无法加载模块
[ 2011-11-22T10:06:48+08:00 ] ERR: (ThinkException) 无法加载模块
[ 2011-11-22T10:06:48+08:00 ] ERR: (ThinkException) 无法加载模块
[ 2011-11-22T10:06:50+08:00 ] ERR: (ThinkException) 无法加载模块
[ 2011-11-22T10:06:51+08:00 ] ERR: (ThinkException) 无法加载模块
[ 2011-11-22T10:06:51+08:00 ] ERR: (ThinkException) 无法加载模块
[ 2011-11-22T10:06:53+08:00 ] ERR: (ThinkException) 无法加载模块
[ 2011-11-22T10:06:54+08:00 ] ERR: (ThinkException) 无法加载模块
[ 2011-11-22T10:06:54+08:00 ] ERR: (ThinkException) 无法加载模块
[ 2011-11-22T10:06:56+08:00 ] ERR: (ThinkException) 无法加载模块
[ 2011-11-22T10:06:57+08:00 ] ERR: (ThinkException) 无法加载模块
[ 2011-11-22T10:06:57+08:00 ] ERR: (ThinkException) 无法加载模块
[ 2011-11-22T10:06:59+08:00 ] ERR: (ThinkException) 无法加载模块
[ 2011-11-22T10:07:00+08:00 ] ERR: (ThinkException) 无法加载模块
[ 2011-11-22T10:07:00+08:00 ] ERR: (ThinkException) 无法加载模块
[ 2011-11-22T10:07:02+08:00 ] ERR: (ThinkException) 无法加载模块
[ 2011-11-22T10:07:03+08:00 ] ERR: (ThinkException) 无法加载模块
[ 2011-11-22T10:07:03+08:00 ] ERR: (ThinkException) 无法加载模块
[ 2011-11-22T10:07:05+08:00 ] ERR: (ThinkException) 无法加载模块
[ 2011-11-22T10:07:06+08:00 ] ERR: (ThinkException) 无法加载模块
[ 2011-11-22T10:07:06+08:00 ] ERR: (ThinkException) 无法加载模块
[ 2011-11-22T10:07:08+08:00 ] ERR: (ThinkException) 无法加载模块
[ 2011-11-22T10:07:09+08:00 ] ERR: (ThinkException) 无法加载模块
[ 2011-11-22T10:07:09+08:00 ] ERR: (ThinkException) 无法加载模块
[ 2011-11-22T10:07:11+08:00 ] ERR: (ThinkException) 无法加载模块
[ 2011-11-22T10:07:12+08:00 ] ERR: (ThinkException) 无法加载模块
[ 2011-11-22T10:07:12+08:00 ] ERR: (ThinkException) 无法加载模块
[ 2011-11-22T10:07:14+08:00 ] ERR: (ThinkException) 无法加载模块
[ 2011-11-22T10:07:15+08:00 ] ERR: (ThinkException) 无法加载模块
[ 2011-11-22T10:07:15+08:00 ] ERR: (ThinkException) 无法加载模块
[ 2011-11-22T10:07:17+08:00 ] ERR: (ThinkException) 无法加载模块
[ 2011-11-22T10:07:18+08:00 ] ERR: (ThinkException) 无法加载模块
[ 2011-11-22T10:07:18+08:00 ] ERR: (ThinkException) 无法加载模块
[ 2011-11-22T10:07:20+08:00 ] ERR: (ThinkException) 无法加载模块
[ 2011-11-22T10:07:21+08:00 ] ERR: (ThinkException) 无法加载模块
[ 2011-11-22T10:07:21+08:00 ] ERR: (ThinkException) 无法加载模块
[ 2011-11-22T10:07:23+08:00 ] ERR: (ThinkException) 无法加载模块
[ 2011-11-22T10:07:24+08:00 ] ERR: (ThinkException) 无法加载模块
[ 2011-11-22T10:07:24+08:00 ] ERR: (ThinkException) 无法加载模块
[ 2011-11-22T10:07:26+08:00 ] ERR: (ThinkException) 无法加载模块
[ 2011-11-22T10:07:27+08:00 ] ERR: (ThinkException) 无法加载模块
[ 2011-11-22T10:07:27+08:00 ] ERR: (ThinkException) 无法加载模块
[ 2011-11-22T10:07:29+08:00 ] ERR: (ThinkException) 无法加载模块
[ 2011-11-22T10:07:30+08:00 ] ERR: (ThinkException) 无法加载模块
[ 2011-11-22T10:07:30+08:00 ] ERR: (ThinkException) 无法加载模块
[ 2011-11-22T10:07:32+08:00 ] ERR: (ThinkException) 无法加载模块
[ 2011-11-22T10:07:33+08:00 ] ERR: (ThinkException) 无法加载模块
[ 2011-11-22T10:07:33+08:00 ] ERR: (ThinkException) 无法加载模块
[ 2011-11-22T10:07:35+08:00 ] ERR: (ThinkException) 无法加载模块
[ 2011-11-22T10:07:36+08:00 ] ERR: (ThinkException) 无法加载模块
[ 2011-11-22T10:07:36+08:00 ] ERR: (ThinkException) 无法加载模块
[ 2011-11-22T10:07:38+08:00 ] ERR: (ThinkException) 无法加载模块
[ 2011-11-22T10:07:39+08:00 ] ERR: (ThinkException) 无法加载模块
[ 2011-11-22T10:07:39+08:00 ] ERR: (ThinkException) 无法加载模块
[ 2011-11-22T10:07:41+08:00 ] ERR: (ThinkException) 无法加载模块
[ 2011-11-22T10:07:42+08:00 ] ERR: (ThinkException) 无法加载模块
[ 2011-11-22T10:07:42+08:00 ] ERR: (ThinkException) 无法加载模块
[ 2011-11-22T10:07:44+08:00 ] ERR: (ThinkException) 无法加载模块
[ 2011-11-22T10:07:45+08:00 ] ERR: (ThinkException) 无法加载模块
[ 2011-11-22T10:07:45+08:00 ] ERR: (ThinkException) 无法加载模块
[ 2011-11-22T10:07:47+08:00 ] ERR: (ThinkException) 无法加载模块
[ 2011-11-22T10:07:48+08:00 ] ERR: (ThinkException) 无法加载模块
[ 2011-11-22T10:07:48+08:00 ] ERR: (ThinkException) 无法加载模块
[ 2011-11-22T10:07:50+08:00 ] ERR: (ThinkException) 无法加载模块
[ 2011-11-22T10:07:51+08:00 ] ERR: (ThinkException) 无法加载模块
[ 2011-11-22T10:07:51+08:00 ] ERR: (ThinkException) 无法加载模块
[ 2011-11-22T10:07:53+08:00 ] ERR: (ThinkException) 无法加载模块
[ 2011-11-22T10:07:54+08:00 ] ERR: (ThinkException) 无法加载模块
[ 2011-11-22T10:07:54+08:00 ] ERR: (ThinkException) 无法加载模块
[ 2011-11-22T10:07:56+08:00 ] ERR: (ThinkException) 无法加载模块
[ 2011-11-22T10:07:57+08:00 ] ERR: (ThinkException) 无法加载模块
[ 2011-11-22T10:07:57+08:00 ] ERR: (ThinkException) 无法加载模块
[ 2011-11-22T10:07:59+08:00 ] ERR: (ThinkException) 无法加载模块
[ 2011-11-22T10:08:00+08:00 ] ERR: (ThinkException) 无法加载模块
[ 2011-11-22T10:08:00+08:00 ] ERR: (ThinkException) 无法加载模块
[ 2011-11-22T10:08:02+08:00 ] ERR: (ThinkException) 无法加载模块
[ 2011-11-22T10:08:03+08:00 ] ERR: (ThinkException) 无法加载模块
[ 2011-11-22T10:08:03+08:00 ] ERR: (ThinkException) 无法加载模块
[ 2011-11-22T10:08:05+08:00 ] ERR: (ThinkException) 无法加载模块
[ 2011-11-22T10:08:06+08:00 ] ERR: (ThinkException) 无法加载模块
[ 2011-11-22T10:08:06+08:00 ] ERR: (ThinkException) 无法加载模块
[ 2011-11-22T10:08:08+08:00 ] ERR: (ThinkException) 无法加载模块
[ 2011-11-22T10:08:09+08:00 ] ERR: (ThinkException) 无法加载模块
[ 2011-11-22T10:08:09+08:00 ] ERR: (ThinkException) 无法加载模块
[ 2011-11-22T10:08:11+08:00 ] ERR: (ThinkException) 无法加载模块
[ 2011-11-22T10:08:12+08:00 ] ERR: (ThinkException) 无法加载模块
[ 2011-11-22T10:08:12+08:00 ] ERR: (ThinkException) 无法加载模块
[ 2011-11-22T10:08:14+08:00 ] ERR: (ThinkException) 无法加载模块
[ 2011-11-22T10:08:15+08:00 ] ERR: (ThinkException) 无法加载模块
[ 2011-11-22T10:08:15+08:00 ] ERR: (ThinkException) 无法加载模块
[ 2011-11-22T10:08:17+08:00 ] ERR: (ThinkException) 无法加载模块
[ 2011-11-22T10:08:18+08:00 ] ERR: (ThinkException) 无法加载模块
[ 2011-11-22T10:08:18+08:00 ] ERR: (ThinkException) 无法加载模块
[ 2011-11-22T10:08:20+08:00 ] ERR: (ThinkException) 无法加载模块
[ 2011-11-22T10:08:21+08:00 ] ERR: (ThinkException) 无法加载模块
[ 2011-11-22T10:08:21+08:00 ] ERR: (ThinkException) 无法加载模块
[ 2011-11-22T10:08:23+08:00 ] ERR: (ThinkException) 无法加载模块
[ 2011-11-22T10:08:24+08:00 ] ERR: (ThinkException) 无法加载模块
[ 2011-11-22T10:08:24+08:00 ] ERR: (ThinkException) 无法加载模块
[ 2011-11-22T10:08:26+08:00 ] ERR: (ThinkException) 无法加载模块
[ 2011-11-22T10:08:27+08:00 ] ERR: (ThinkException) 无法加载模块
[ 2011-11-22T10:08:27+08:00 ] ERR: (ThinkException) 无法加载模块
[ 2011-11-22T10:08:29+08:00 ] ERR: (ThinkException) 无法加载模块
[ 2011-11-22T10:08:30+08:00 ] ERR: (ThinkException) 无法加载模块
[ 2011-11-22T10:08:30+08:00 ] ERR: (ThinkException) 无法加载模块
[ 2011-11-22T10:08:32+08:00 ] ERR: (ThinkException) 无法加载模块
[ 2011-11-22T10:08:32+08:00 ] ERR: (ThinkException) 无法加载模块
[ 2011-11-22T10:08:32+08:00 ] ERR: (ThinkException) 无法加载模块Public
[ 2011-11-22T10:08:32+08:00 ] ERR: (ThinkException) 无法加载模块Public
[ 2011-11-22T10:08:33+08:00 ] ERR: (ThinkException) 无法加载模块
[ 2011-11-22T10:08:33+08:00 ] ERR: (ThinkException) 无法加载模块
[ 2011-11-22T10:08:33+08:00 ] ERR: (ThinkException) 无法加载模块
[ 2011-11-22T10:08:33+08:00 ] ERR: (ThinkException) 无法加载模块
[ 2011-11-22T10:08:35+08:00 ] ERR: (ThinkException) 无法加载模块
[ 2011-11-22T10:08:36+08:00 ] ERR: (ThinkException) 无法加载模块
[ 2011-11-22T10:08:36+08:00 ] ERR: (ThinkException) 无法加载模块
[ 2011-11-22T10:08:38+08:00 ] ERR: (ThinkException) 无法加载模块
[ 2011-11-22T10:08:38+08:00 ] ERR: (ThinkException) 无法加载模块
[ 2011-11-22T10:08:38+08:00 ] ERR: (ThinkException) 无法加载模块
[ 2011-11-22T10:08:39+08:00 ] ERR: (ThinkException) 无法加载模块
[ 2011-11-22T10:08:39+08:00 ] ERR: (ThinkException) 无法加载模块
[ 2011-11-22T10:08:41+08:00 ] ERR: (ThinkException) 无法加载模块
[ 2011-11-22T10:08:42+08:00 ] ERR: (ThinkException) 无法加载模块
[ 2011-11-22T10:08:42+08:00 ] ERR: (ThinkException) 无法加载模块
[ 2011-11-22T10:08:44+08:00 ] ERR: (ThinkException) 无法加载模块
[ 2011-11-22T10:08:45+08:00 ] ERR: (ThinkException) 无法加载模块
[ 2011-11-22T10:08:45+08:00 ] ERR: (ThinkException) 无法加载模块
[ 2011-11-22T10:08:47+08:00 ] ERR: (ThinkException) 无法加载模块
[ 2011-11-22T10:08:48+08:00 ] ERR: (ThinkException) 无法加载模块
[ 2011-11-22T10:08:48+08:00 ] ERR: (ThinkException) 无法加载模块
[ 2011-11-22T10:08:50+08:00 ] ERR: (ThinkException) 无法加载模块
[ 2011-11-22T10:08:50+08:00 ] ERR: (ThinkException) 无法加载模块
[ 2011-11-22T10:08:51+08:00 ] ERR: (ThinkException) 无法加载模块
[ 2011-11-22T10:08:51+08:00 ] ERR: (ThinkException) 无法加载模块
[ 2011-11-22T10:08:53+08:00 ] ERR: (ThinkException) 无法加载模块
[ 2011-11-22T10:08:54+08:00 ] ERR: (ThinkException) 无法加载模块
[ 2011-11-22T10:08:54+08:00 ] ERR: (ThinkException) 无法加载模块
[ 2011-11-22T10:08:56+08:00 ] ERR: (ThinkException) 无法加载模块
[ 2011-11-22T10:08:57+08:00 ] ERR: (ThinkException) 无法加载模块
[ 2011-11-22T10:08:57+08:00 ] ERR: (ThinkException) 无法加载模块
[ 2011-11-22T10:08:59+08:00 ] ERR: (ThinkException) 无法加载模块
[ 2011-11-22T10:09:00+08:00 ] ERR: (ThinkException) 无法加载模块
[ 2011-11-22T10:09:00+08:00 ] ERR: (ThinkException) 无法加载模块
[ 2011-11-22T10:09:02+08:00 ] ERR: (ThinkException) 无法加载模块
[ 2011-11-22T10:09:03+08:00 ] ERR: (ThinkException) 无法加载模块
[ 2011-11-22T10:09:03+08:00 ] ERR: (ThinkException) 无法加载模块
[ 2011-11-22T10:09:05+08:00 ] ERR: (ThinkException) 无法加载模块
[ 2011-11-22T10:09:06+08:00 ] ERR: (ThinkException) 无法加载模块
[ 2011-11-22T10:09:06+08:00 ] ERR: (ThinkException) 无法加载模块
[ 2011-11-22T10:09:08+08:00 ] ERR: (ThinkException) 无法加载模块
[ 2011-11-22T10:09:09+08:00 ] ERR: (ThinkException) 无法加载模块
[ 2011-11-22T10:09:09+08:00 ] ERR: (ThinkException) 无法加载模块
[ 2011-11-22T10:09:11+08:00 ] ERR: (ThinkException) 无法加载模块
[ 2011-11-22T10:09:12+08:00 ] ERR: (ThinkException) 无法加载模块
[ 2011-11-22T10:09:12+08:00 ] ERR: (ThinkException) 无法加载模块
[ 2011-11-22T10:09:14+08:00 ] ERR: (ThinkException) 无法加载模块
[ 2011-11-22T10:09:15+08:00 ] ERR: (ThinkException) 无法加载模块
[ 2011-11-22T10:09:15+08:00 ] ERR: (ThinkException) 无法加载模块
[ 2011-11-22T10:09:17+08:00 ] ERR: (ThinkException) 无法加载模块
[ 2011-11-22T10:09:18+08:00 ] ERR: (ThinkException) 无法加载模块
[ 2011-11-22T10:09:18+08:00 ] ERR: (ThinkException) 无法加载模块
[ 2011-11-22T10:09:20+08:00 ] ERR: (ThinkException) 无法加载模块
[ 2011-11-22T10:09:21+08:00 ] ERR: (ThinkException) 无法加载模块
[ 2011-11-22T10:09:21+08:00 ] ERR: (ThinkException) 无法加载模块
[ 2011-11-22T10:09:23+08:00 ] ERR: (ThinkException) 无法加载模块
[ 2011-11-22T10:09:24+08:00 ] ERR: (ThinkException) 无法加载模块
[ 2011-11-22T10:09:24+08:00 ] ERR: (ThinkException) 无法加载模块
[ 2011-11-22T10:09:26+08:00 ] ERR: (ThinkException) 无法加载模块
[ 2011-11-22T10:09:27+08:00 ] ERR: (ThinkException) 无法加载模块
[ 2011-11-22T10:09:27+08:00 ] ERR: (ThinkException) 无法加载模块
[ 2011-11-22T10:09:30+08:00 ] ERR: (ThinkException) 无法加载模块
[ 2011-11-22T10:09:30+08:00 ] ERR: (ThinkException) 无法加载模块
[ 2011-11-22T10:09:30+08:00 ] ERR: (ThinkException) 无法加载模块
[ 2011-11-22T10:09:32+08:00 ] ERR: (ThinkException) 无法加载模块
[ 2011-11-22T10:09:33+08:00 ] ERR: (ThinkException) 无法加载模块
[ 2011-11-22T10:09:33+08:00 ] ERR: (ThinkException) 无法加载模块
[ 2011-11-22T10:09:35+08:00 ] ERR: (ThinkException) 无法加载模块
[ 2011-11-22T10:09:36+08:00 ] ERR: (ThinkException) 无法加载模块
[ 2011-11-22T10:09:36+08:00 ] ERR: (ThinkException) 无法加载模块
[ 2011-11-22T10:09:38+08:00 ] ERR: (ThinkException) 无法加载模块
[ 2011-11-22T10:09:39+08:00 ] ERR: (ThinkException) 无法加载模块
[ 2011-11-22T10:09:39+08:00 ] ERR: (ThinkException) 无法加载模块
[ 2011-11-22T10:09:41+08:00 ] ERR: (ThinkException) 无法加载模块
[ 2011-11-22T10:09:42+08:00 ] ERR: (ThinkException) 无法加载模块
[ 2011-11-22T10:09:42+08:00 ] ERR: (ThinkException) 无法加载模块
[ 2011-11-22T10:09:44+08:00 ] ERR: (ThinkException) 无法加载模块
[ 2011-11-22T10:09:45+08:00 ] ERR: (ThinkException) 无法加载模块
[ 2011-11-22T10:09:45+08:00 ] ERR: (ThinkException) 无法加载模块
[ 2011-11-22T10:09:47+08:00 ] ERR: (ThinkException) 无法加载模块
[ 2011-11-22T10:09:48+08:00 ] ERR: (ThinkException) 无法加载模块
[ 2011-11-22T10:09:48+08:00 ] ERR: (ThinkException) 无法加载模块
[ 2011-11-22T10:09:50+08:00 ] ERR: (ThinkException) 无法加载模块
[ 2011-11-22T10:09:51+08:00 ] ERR: (ThinkException) 无法加载模块
[ 2011-11-22T10:09:51+08:00 ] ERR: (ThinkException) 无法加载模块
[ 2011-11-22T10:09:53+08:00 ] ERR: (ThinkException) 无法加载模块
[ 2011-11-22T10:09:54+08:00 ] ERR: (ThinkException) 无法加载模块
[ 2011-11-22T10:09:54+08:00 ] ERR: (ThinkException) 无法加载模块
[ 2011-11-22T10:09:56+08:00 ] ERR: (ThinkException) 无法加载模块
[ 2011-11-22T10:09:57+08:00 ] ERR: (ThinkException) 无法加载模块
[ 2011-11-22T10:09:57+08:00 ] ERR: (ThinkException) 无法加载模块
[ 2011-11-22T10:09:59+08:00 ] ERR: (ThinkException) 无法加载模块
[ 2011-11-22T10:10:00+08:00 ] ERR: (ThinkException) 无法加载模块
[ 2011-11-22T10:10:00+08:00 ] ERR: (ThinkException) 无法加载模块
[ 2011-11-22T10:10:02+08:00 ] ERR: (ThinkException) 无法加载模块
[ 2011-11-22T10:10:03+08:00 ] ERR: (ThinkException) 无法加载模块
[ 2011-11-22T10:10:03+08:00 ] ERR: (ThinkException) 无法加载模块
[ 2011-11-22T10:10:05+08:00 ] ERR: (ThinkException) 无法加载模块
[ 2011-11-22T10:10:06+08:00 ] ERR: (ThinkException) 无法加载模块
[ 2011-11-22T10:10:06+08:00 ] ERR: (ThinkException) 无法加载模块
[ 2011-11-22T10:10:08+08:00 ] ERR: (ThinkException) 无法加载模块
[ 2011-11-22T10:10:09+08:00 ] ERR: (ThinkException) 无法加载模块
[ 2011-11-22T10:10:09+08:00 ] ERR: (ThinkException) 无法加载模块
[ 2011-11-22T10:10:11+08:00 ] ERR: (ThinkException) 无法加载模块
[ 2011-11-22T10:10:12+08:00 ] ERR: (ThinkException) 无法加载模块
[ 2011-11-22T10:10:12+08:00 ] ERR: (ThinkException) 无法加载模块
[ 2011-11-22T10:10:14+08:00 ] ERR: (ThinkException) 无法加载模块
[ 2011-11-22T10:10:15+08:00 ] ERR: (ThinkException) 无法加载模块
[ 2011-11-22T10:10:15+08:00 ] ERR: (ThinkException) 无法加载模块
[ 2011-11-22T10:10:17+08:00 ] ERR: (ThinkException) 无法加载模块
[ 2011-11-22T10:10:18+08:00 ] ERR: (ThinkException) 无法加载模块
[ 2011-11-22T10:10:18+08:00 ] ERR: (ThinkException) 无法加载模块
[ 2011-11-22T10:10:20+08:00 ] ERR: (ThinkException) 无法加载模块
[ 2011-11-22T10:10:21+08:00 ] ERR: (ThinkException) 无法加载模块
[ 2011-11-22T10:10:21+08:00 ] ERR: (ThinkException) 无法加载模块
[ 2011-11-22T10:10:23+08:00 ] ERR: (ThinkException) 无法加载模块
[ 2011-11-22T10:10:24+08:00 ] ERR: (ThinkException) 无法加载模块
[ 2011-11-22T10:10:24+08:00 ] ERR: (ThinkException) 无法加载模块
[ 2011-11-22T10:10:26+08:00 ] ERR: (ThinkException) 无法加载模块
[ 2011-11-22T10:10:27+08:00 ] ERR: (ThinkException) 无法加载模块
[ 2011-11-22T10:10:27+08:00 ] ERR: (ThinkException) 无法加载模块
[ 2011-11-22T10:10:29+08:00 ] ERR: (ThinkException) 无法加载模块
[ 2011-11-22T10:10:30+08:00 ] ERR: (ThinkException) 无法加载模块
[ 2011-11-22T10:10:30+08:00 ] ERR: (ThinkException) 无法加载模块
[ 2011-11-22T10:10:32+08:00 ] ERR: (ThinkException) 无法加载模块
[ 2011-11-22T10:10:33+08:00 ] ERR: (ThinkException) 无法加载模块
[ 2011-11-22T10:10:33+08:00 ] ERR: (ThinkException) 无法加载模块
[ 2011-11-22T10:10:35+08:00 ] ERR: (ThinkException) 无法加载模块
[ 2011-11-22T10:10:36+08:00 ] ERR: (ThinkException) 无法加载模块
[ 2011-11-22T10:10:36+08:00 ] ERR: (ThinkException) 无法加载模块
[ 2011-11-22T10:10:38+08:00 ] ERR: (ThinkException) 无法加载模块
[ 2011-11-22T10:10:39+08:00 ] ERR: (ThinkException) 无法加载模块
[ 2011-11-22T10:10:39+08:00 ] ERR: (ThinkException) 无法加载模块
[ 2011-11-22T10:10:41+08:00 ] ERR: (ThinkException) 无法加载模块
[ 2011-11-22T10:10:42+08:00 ] ERR: (ThinkException) 无法加载模块
[ 2011-11-22T10:10:42+08:00 ] ERR: (ThinkException) 无法加载模块
[ 2011-11-22T10:10:44+08:00 ] ERR: (ThinkException) 无法加载模块
[ 2011-11-22T10:10:45+08:00 ] ERR: (ThinkException) 无法加载模块
[ 2011-11-22T10:10:45+08:00 ] ERR: (ThinkException) 无法加载模块
[ 2011-11-22T10:10:47+08:00 ] ERR: (ThinkException) 无法加载模块
[ 2011-11-22T10:10:48+08:00 ] ERR: (ThinkException) 无法加载模块
[ 2011-11-22T10:10:48+08:00 ] ERR: (ThinkException) 无法加载模块
[ 2011-11-22T10:10:50+08:00 ] ERR: (ThinkException) 无法加载模块
[ 2011-11-22T10:10:51+08:00 ] ERR: (ThinkException) 无法加载模块
[ 2011-11-22T10:10:51+08:00 ] ERR: (ThinkException) 无法加载模块
[ 2011-11-22T10:10:53+08:00 ] ERR: (ThinkException) 无法加载模块
[ 2011-11-22T10:10:54+08:00 ] ERR: (ThinkException) 无法加载模块
[ 2011-11-22T10:10:54+08:00 ] ERR: (ThinkException) 无法加载模块
[ 2011-11-22T10:10:56+08:00 ] ERR: (ThinkException) 无法加载模块
[ 2011-11-22T10:10:57+08:00 ] ERR: (ThinkException) 无法加载模块
[ 2011-11-22T10:10:57+08:00 ] ERR: (ThinkException) 无法加载模块
[ 2011-11-22T10:10:59+08:00 ] ERR: (ThinkException) 无法加载模块
[ 2011-11-22T10:11:00+08:00 ] ERR: (ThinkException) 无法加载模块
[ 2011-11-22T10:11:00+08:00 ] ERR: (ThinkException) 无法加载模块
[ 2011-11-22T10:11:02+08:00 ] ERR: (ThinkException) 无法加载模块
[ 2011-11-22T10:11:03+08:00 ] ERR: (ThinkException) 无法加载模块
[ 2011-11-22T10:11:03+08:00 ] ERR: (ThinkException) 无法加载模块
[ 2011-11-22T10:11:05+08:00 ] ERR: (ThinkException) 无法加载模块
[ 2011-11-22T10:11:06+08:00 ] ERR: (ThinkException) 无法加载模块
[ 2011-11-22T10:11:06+08:00 ] ERR: (ThinkException) 无法加载模块
[ 2011-11-22T10:11:08+08:00 ] ERR: (ThinkException) 无法加载模块
[ 2011-11-22T10:11:09+08:00 ] ERR: (ThinkException) 无法加载模块
[ 2011-11-22T10:11:09+08:00 ] ERR: (ThinkException) 无法加载模块
[ 2011-11-22T10:11:11+08:00 ] ERR: (ThinkException) 无法加载模块
[ 2011-11-22T10:11:12+08:00 ] ERR: (ThinkException) 无法加载模块
[ 2011-11-22T10:11:12+08:00 ] ERR: (ThinkException) 无法加载模块
[ 2011-11-22T10:11:14+08:00 ] ERR: (ThinkException) 无法加载模块
[ 2011-11-22T10:11:15+08:00 ] ERR: (ThinkException) 无法加载模块
[ 2011-11-22T10:11:15+08:00 ] ERR: (ThinkException) 无法加载模块
[ 2011-11-22T10:11:17+08:00 ] ERR: (ThinkException) 无法加载模块
[ 2011-11-22T10:11:18+08:00 ] ERR: (ThinkException) 无法加载模块
[ 2011-11-22T10:11:18+08:00 ] ERR: (ThinkException) 无法加载模块
[ 2011-11-22T10:11:20+08:00 ] ERR: (ThinkException) 无法加载模块
[ 2011-11-22T10:11:21+08:00 ] ERR: (ThinkException) 无法加载模块
[ 2011-11-22T10:11:21+08:00 ] ERR: (ThinkException) 无法加载模块
[ 2011-11-22T10:11:23+08:00 ] ERR: (ThinkException) 无法加载模块
[ 2011-11-22T10:11:24+08:00 ] ERR: (ThinkException) 无法加载模块
[ 2011-11-22T10:11:24+08:00 ] ERR: (ThinkException) 无法加载模块
[ 2011-11-22T10:11:26+08:00 ] ERR: (ThinkException) 无法加载模块
[ 2011-11-22T10:11:27+08:00 ] ERR: (ThinkException) 无法加载模块
[ 2011-11-22T10:11:28+08:00 ] ERR: (ThinkException) 无法加载模块
[ 2011-11-22T10:11:29+08:00 ] ERR: (ThinkException) 无法加载模块
[ 2011-11-22T10:11:30+08:00 ] ERR: (ThinkException) 无法加载模块
[ 2011-11-22T10:11:31+08:00 ] ERR: (ThinkException) 无法加载模块
[ 2011-11-22T10:11:32+08:00 ] ERR: (ThinkException) 无法加载模块
[ 2011-11-22T10:11:33+08:00 ] ERR: (ThinkException) 无法加载模块
[ 2011-11-22T10:11:34+08:00 ] ERR: (ThinkException) 无法加载模块
[ 2011-11-22T10:11:35+08:00 ] ERR: (ThinkException) 无法加载模块
[ 2011-11-22T10:11:36+08:00 ] ERR: (ThinkException) 无法加载模块
[ 2011-11-22T10:11:37+08:00 ] ERR: (ThinkException) 无法加载模块
[ 2011-11-22T10:11:38+08:00 ] ERR: (ThinkException) 无法加载模块
[ 2011-11-22T10:11:39+08:00 ] ERR: (ThinkException) 无法加载模块
[ 2011-11-22T10:11:40+08:00 ] ERR: (ThinkException) 无法加载模块
[ 2011-11-22T10:11:41+08:00 ] ERR: (ThinkException) 无法加载模块
[ 2011-11-22T10:11:42+08:00 ] ERR: (ThinkException) 无法加载模块
[ 2011-11-22T10:11:43+08:00 ] ERR: (ThinkException) 无法加载模块
[ 2011-11-22T10:11:44+08:00 ] ERR: (ThinkException) 无法加载模块
[ 2011-11-22T10:11:45+08:00 ] ERR: (ThinkException) 无法加载模块
[ 2011-11-22T10:11:46+08:00 ] ERR: (ThinkException) 无法加载模块
[ 2011-11-22T10:11:47+08:00 ] ERR: (ThinkException) 无法加载模块
[ 2011-11-22T10:11:48+08:00 ] ERR: (ThinkException) 无法加载模块
[ 2011-11-22T10:11:49+08:00 ] ERR: (ThinkException) 无法加载模块
[ 2011-11-22T10:11:50+08:00 ] ERR: (ThinkException) 无法加载模块
[ 2011-11-22T10:11:51+08:00 ] ERR: (ThinkException) 无法加载模块
[ 2011-11-22T10:11:52+08:00 ] ERR: (ThinkException) 无法加载模块
[ 2011-11-22T10:11:53+08:00 ] ERR: (ThinkException) 无法加载模块
[ 2011-11-22T10:11:54+08:00 ] ERR: (ThinkException) 无法加载模块
[ 2011-11-22T10:11:55+08:00 ] ERR: (ThinkException) 无法加载模块
[ 2011-11-22T10:11:56+08:00 ] ERR: (ThinkException) 无法加载模块
[ 2011-11-22T10:11:57+08:00 ] ERR: (ThinkException) 无法加载模块
[ 2011-11-22T10:11:58+08:00 ] ERR: (ThinkException) 无法加载模块
[ 2011-11-22T10:11:59+08:00 ] ERR: (ThinkException) 无法加载模块
[ 2011-11-22T10:12:00+08:00 ] ERR: (ThinkException) 无法加载模块
[ 2011-11-22T10:12:01+08:00 ] ERR: (ThinkException) 无法加载模块
[ 2011-11-22T10:12:02+08:00 ] ERR: (ThinkException) 无法加载模块
[ 2011-11-22T10:12:03+08:00 ] ERR: (ThinkException) 无法加载模块
[ 2011-11-22T10:12:04+08:00 ] ERR: (ThinkException) 无法加载模块
[ 2011-11-22T10:12:05+08:00 ] ERR: (ThinkException) 无法加载模块
[ 2011-11-22T10:12:06+08:00 ] ERR: (ThinkException) 无法加载模块
[ 2011-11-22T10:12:07+08:00 ] ERR: (ThinkException) 无法加载模块
[ 2011-11-22T10:12:08+08:00 ] ERR: (ThinkException) 无法加载模块
[ 2011-11-22T10:12:09+08:00 ] ERR: (ThinkException) 无法加载模块
[ 2011-11-22T10:12:10+08:00 ] ERR: (ThinkException) 无法加载模块
[ 2011-11-22T10:12:11+08:00 ] ERR: (ThinkException) 无法加载模块
[ 2011-11-22T10:12:12+08:00 ] ERR: (ThinkException) 无法加载模块
[ 2011-11-22T10:12:13+08:00 ] ERR: (ThinkException) 无法加载模块
[ 2011-11-22T10:12:14+08:00 ] ERR: (ThinkException) 无法加载模块
[ 2011-11-22T10:12:15+08:00 ] ERR: (ThinkException) 无法加载模块
[ 2011-11-22T10:12:16+08:00 ] ERR: (ThinkException) 无法加载模块
[ 2011-11-22T10:12:17+08:00 ] ERR: (ThinkException) 无法加载模块
[ 2011-11-22T10:12:18+08:00 ] ERR: (ThinkException) 无法加载模块
[ 2011-11-22T10:12:19+08:00 ] ERR: (ThinkException) 无法加载模块
[ 2011-11-22T10:12:20+08:00 ] ERR: (ThinkException) 无法加载模块
[ 2011-11-22T10:12:21+08:00 ] ERR: (ThinkException) 无法加载模块
[ 2011-11-22T10:12:22+08:00 ] ERR: (ThinkException) 无法加载模块
[ 2011-11-22T10:12:23+08:00 ] ERR: (ThinkException) 无法加载模块
[ 2011-11-22T10:12:24+08:00 ] ERR: (ThinkException) 无法加载模块
[ 2011-11-22T10:12:25+08:00 ] ERR: (ThinkException) 无法加载模块
[ 2011-11-22T10:12:26+08:00 ] ERR: (ThinkException) 无法加载模块
[ 2011-11-22T10:12:27+08:00 ] ERR: (ThinkException) 无法加载模块
[ 2011-11-22T10:12:28+08:00 ] ERR: (ThinkException) 无法加载模块
[ 2011-11-22T10:12:30+08:00 ] ERR: (ThinkException) 无法加载模块
[ 2011-11-22T10:12:31+08:00 ] ERR: (ThinkException) 无法加载模块
[ 2011-11-22T10:12:33+08:00 ] ERR: (ThinkException) 无法加载模块
[ 2011-11-22T10:12:36+08:00 ] ERR: (ThinkException) 无法加载模块
[ 2011-11-22T10:12:39+08:00 ] ERR: (ThinkException) 无法加载模块
[ 2011-11-22T10:12:42+08:00 ] ERR: (ThinkException) 无法加载模块
[ 2011-11-22T10:12:45+08:00 ] ERR: (ThinkException) 无法加载模块
[ 2011-11-22T10:12:48+08:00 ] ERR: (ThinkException) 无法加载模块
[ 2011-11-22T10:12:51+08:00 ] ERR: (ThinkException) 无法加载模块
[ 2011-11-22T10:12:54+08:00 ] ERR: (ThinkException) 无法加载模块
[ 2011-11-22T10:12:57+08:00 ] ERR: (ThinkException) 无法加载模块
[ 2011-11-22T10:13:00+08:00 ] ERR: (ThinkException) 无法加载模块
[ 2011-11-22T10:13:03+08:00 ] ERR: (ThinkException) 无法加载模块
[ 2011-11-22T10:13:06+08:00 ] ERR: (ThinkException) 无法加载模块
[ 2011-11-22T10:13:09+08:00 ] ERR: (ThinkException) 无法加载模块
[ 2011-11-22T10:13:12+08:00 ] ERR: (ThinkException) 无法加载模块
[ 2011-11-22T10:13:15+08:00 ] ERR: (ThinkException) 无法加载模块
[ 2011-11-22T10:13:18+08:00 ] ERR: (ThinkException) 无法加载模块
[ 2011-11-22T10:13:21+08:00 ] ERR: (ThinkException) 无法加载模块
[ 2011-11-22T10:13:24+08:00 ] ERR: (ThinkException) 无法加载模块
[ 2011-11-22T10:13:27+08:00 ] ERR: (ThinkException) 无法加载模块
[ 2011-11-22T10:13:30+08:00 ] ERR: (ThinkException) 无法加载模块
[ 2011-11-22T10:13:33+08:00 ] ERR: (ThinkException) 无法加载模块
[ 2011-11-22T10:13:36+08:00 ] ERR: (ThinkException) 无法加载模块
[ 2011-11-22T10:13:39+08:00 ] ERR: (ThinkException) 无法加载模块
[ 2011-11-22T10:13:42+08:00 ] ERR: (ThinkException) 无法加载模块
[ 2011-11-22T10:13:45+08:00 ] ERR: (ThinkException) 无法加载模块
[ 2011-11-22T10:13:48+08:00 ] ERR: (ThinkException) 无法加载模块
[ 2011-11-22T10:13:51+08:00 ] ERR: (ThinkException) 无法加载模块
[ 2011-11-22T10:13:54+08:00 ] ERR: (ThinkException) 无法加载模块
[ 2011-11-22T10:13:57+08:00 ] ERR: (ThinkException) 无法加载模块
[ 2011-11-22T10:14:00+08:00 ] ERR: (ThinkException) 无法加载模块
[ 2011-11-22T10:14:03+08:00 ] ERR: (ThinkException) 无法加载模块
[ 2011-11-22T10:14:06+08:00 ] ERR: (ThinkException) 无法加载模块
[ 2011-11-22T10:14:09+08:00 ] ERR: (ThinkException) 无法加载模块
[ 2011-11-22T10:14:12+08:00 ] ERR: (ThinkException) 无法加载模块
[ 2011-11-22T10:14:15+08:00 ] ERR: (ThinkException) 无法加载模块
[ 2011-11-22T10:14:18+08:00 ] ERR: (ThinkException) 无法加载模块
[ 2011-11-22T10:14:21+08:00 ] ERR: (ThinkException) 无法加载模块
[ 2011-11-22T10:14:24+08:00 ] ERR: (ThinkException) 无法加载模块
[ 2011-11-22T10:14:27+08:00 ] ERR: (ThinkException) 无法加载模块
[ 2011-11-22T10:14:30+08:00 ] ERR: (ThinkException) 无法加载模块
[ 2011-11-22T10:14:33+08:00 ] ERR: (ThinkException) 无法加载模块
[ 2011-11-22T10:14:36+08:00 ] ERR: (ThinkException) 无法加载模块
[ 2011-11-22T10:14:39+08:00 ] ERR: (ThinkException) 无法加载模块
[ 2011-11-22T10:14:42+08:00 ] ERR: (ThinkException) 无法加载模块
[ 2011-11-22T10:14:45+08:00 ] ERR: (ThinkException) 无法加载模块
[ 2011-11-22T10:14:48+08:00 ] ERR: (ThinkException) 无法加载模块
[ 2011-11-22T10:14:51+08:00 ] ERR: (ThinkException) 无法加载模块
[ 2011-11-22T10:14:54+08:00 ] ERR: (ThinkException) 无法加载模块
[ 2011-11-22T10:14:56+08:00 ] ERR: (ThinkException) 无法加载模块App
[ 2011-11-22T10:15:02+08:00 ] ERR: (ThinkException) 无法加载模块App
[ 2011-11-22T10:15:04+08:00 ] ERR: (ThinkException) 无法加载模块cippus
[ 2011-11-22T10:15:05+08:00 ] ERR: (ThinkException) 无法加载模块App
[ 2011-11-22T10:15:10+08:00 ] ERR: (ThinkException) 无法加载模块themes
[ 2011-11-22T10:15:10+08:00 ] ERR: (ThinkException) 无法加载模块App
[ 2011-11-22T10:15:16+08:00 ] ERR: (ThinkException) 无法加载模块PHP
[ 2011-11-22T10:15:16+08:00 ] ERR: (ThinkException) 无法加载模块App
[ 2011-11-22T10:15:30+08:00 ] ERR: (ThinkException) 无法加载模块PHP
[ 2011-11-22T10:15:30+08:00 ] ERR: (ThinkException) 无法加载模块App
[ 2011-11-22T10:15:35+08:00 ] ERR: (ThinkException) 无法加载模块PHP
[ 2011-11-22T10:15:35+08:00 ] ERR: (ThinkException) 无法加载模块App
[ 2011-11-22T10:15:36+08:00 ] ERR: (ThinkException) 无法加载模块PHP
[ 2011-11-22T10:15:36+08:00 ] ERR: (ThinkException) 无法加载模块App
[ 2011-11-22T10:15:37+08:00 ] ERR: (ThinkException) 无法加载模块PHP
[ 2011-11-22T10:15:37+08:00 ] ERR: (ThinkException) 无法加载模块App
[ 2011-11-22T10:15:37+08:00 ] ERR: (ThinkException) 无法加载模块PHP
[ 2011-11-22T10:15:37+08:00 ] ERR: (ThinkException) 无法加载模块App
[ 2011-11-22T10:15:49+08:00 ] ERR: (ThinkException) 无法加载模块PHP
[ 2011-11-22T10:15:50+08:00 ] ERR: (ThinkException) 无法加载模块App
[ 2011-11-22T10:15:59+08:00 ] ERR: (ThinkException) 无法加载模块cippus
[ 2011-11-22T10:16:00+08:00 ] ERR: (ThinkException) 无法加载模块App
[ 2011-11-22T10:16:02+08:00 ] ERR: (ThinkException) 无法加载模块themes
[ 2011-11-22T10:16:02+08:00 ] ERR: (ThinkException) 无法加载模块App
[ 2011-11-22T10:16:06+08:00 ] ERR: (ThinkException) 无法加载模块PHP
[ 2011-11-22T10:16:06+08:00 ] ERR: (ThinkException) 无法加载模块App
[ 2011-11-22T10:16:58+08:00 ] ERR: (ThinkException) 无法加载模块PHP
[ 2011-11-22T10:16:58+08:00 ] ERR: (ThinkException) 无法加载模块App
[ 2011-11-22T10:17:00+08:00 ] ERR: (ThinkException) 无法加载模块PHP
[ 2011-11-22T10:17:00+08:00 ] ERR: (ThinkException) 无法加载模块App
[ 2011-11-22T10:17:17+08:00 ] ERR: (ThinkException) 无法加载模块
[ 2011-11-22T10:17:17+08:00 ] ERR: (ThinkException) 无法加载模块
[ 2011-11-22T10:17:24+08:00 ] ERR: (ThinkException) 无法加载模块App
[ 2011-11-22T10:17:29+08:00 ] ERR: (ThinkException) 无法加载模块App
[ 2011-11-22T10:17:30+08:00 ] ERR: (ThinkException) 无法加载模块cippus
[ 2011-11-22T10:17:34+08:00 ] ERR: (ThinkException) 无法加载模块themes
[ 2011-11-22T10:17:37+08:00 ] ERR: (ThinkException) 无法加载模块cippus
[ 2011-11-22T10:17:37+08:00 ] ERR: (ThinkException) 无法加载模块cippus
[ 2011-11-22T10:17:37+08:00 ] ERR: (ThinkException) 无法加载模块cippus
[ 2011-11-22T10:17:37+08:00 ] ERR: (ThinkException) 无法加载模块cippus
[ 2011-11-22T10:17:37+08:00 ] ERR: (ThinkException) 无法加载模块cippus
[ 2011-11-22T10:17:37+08:00 ] ERR: (ThinkException) 无法加载模块cippus
[ 2011-11-22T10:17:37+08:00 ] ERR: (ThinkException) 无法加载模块cippus
[ 2011-11-22T10:17:37+08:00 ] ERR: (ThinkException) 无法加载模块cippus
[ 2011-11-22T10:17:39+08:00 ] ERR: (ThinkException) 无法加载模块PHP
[ 2011-11-22T10:17:44+08:00 ] ERR: (ThinkException) 无法加载模块PHP
[ 2011-11-22T10:17:46+08:00 ] ERR: (ThinkException) 无法加载模块PHP
[ 2011-11-22T10:17:49+08:00 ] ERR: (ThinkException) 无法加载模块themes
[ 2011-11-22T10:17:51+08:00 ] ERR: (ThinkException) 无法加载模块PHP
[ 2011-11-22T10:18:04+08:00 ] ERR: (ThinkException) 无法加载模块themes
[ 2011-11-22T10:18:04+08:00 ] ERR: (ThinkException) 无法加载模块themes
[ 2011-11-22T10:18:16+08:00 ] ERR: (ThinkException) 无法加载模块PHP
[ 2011-11-22T10:18:16+08:00 ] ERR: (ThinkException) 无法加载模块App
[ 2011-11-22T10:19:48+08:00 ] ERR: (ThinkException) 无法加载模块PHP
[ 2011-11-22T10:19:48+08:00 ] ERR: (ThinkException) 无法加载模块App
[ 2011-11-22T10:20:22+08:00 ] ERR: (ThinkException) 无法加载模块App
[ 2011-11-22T10:20:32+08:00 ] ERR: (ThinkException) 无法加载模块App
[ 2011-11-22T10:20:38+08:00 ] ERR: (ThinkException) 无法加载模块PHP
[ 2011-11-22T10:20:38+08:00 ] ERR: (ThinkException) 无法加载模块App
[ 2011-11-22T10:20:59+08:00 ] ERR: (ThinkException) 无法加载模块cippus
[ 2011-11-22T10:21:01+08:00 ] ERR: (ThinkException) 无法加载模块App
[ 2011-11-22T10:21:09+08:00 ] ERR: (ThinkException) 无法加载模块cippus
[ 2011-11-22T10:21:13+08:00 ] ERR: (ThinkException) 无法加载模块cippus
[ 2011-11-22T10:21:16+08:00 ] ERR: (ThinkException) 无法加载模块themes
[ 2011-11-22T10:21:16+08:00 ] ERR: (ThinkException) 无法加载模块App
[ 2011-11-22T10:21:18+08:00 ] ERR: (ThinkException) 无法加载模块cippus
[ 2011-11-22T10:21:21+08:00 ] ERR: (ThinkException) 无法加载模块App
[ 2011-11-22T10:21:23+08:00 ] ERR: (ThinkException) 无法加载模块themes
[ 2011-11-22T10:21:23+08:00 ] ERR: (ThinkException) 无法加载模块App
[ 2011-11-22T10:33:17+08:00 ] ERR: (ThinkException) 无法加载模块
[ 2011-11-22T10:33:32+08:00 ] ERR: (ThinkException) 无法加载模块
[ 2011-11-22T10:33:32+08:00 ] ERR: (ThinkException) 无法加载模块
[ 2011-11-22T10:37:24+08:00 ] ERR: (ThinkException) 无法加载模块
[ 2011-11-22T10:37:24+08:00 ] ERR: (ThinkException) 无法加载模块
[ 2011-11-22T10:37:27+08:00 ] ERR: (ThinkException) 无法加载模块
[ 2011-11-22T10:37:30+08:00 ] ERR: (ThinkException) 无法加载模块
[ 2011-11-22T10:37:33+08:00 ] ERR: (ThinkException) 无法加载模块
[ 2011-11-22T10:37:34+08:00 ] ERR: (ThinkException) 无法加载模块
[ 2011-11-22T10:37:35+08:00 ] ERR: (ThinkException) 无法加载模块
[ 2011-11-22T10:37:36+08:00 ] ERR: (ThinkException) 无法加载模块
[ 2011-11-22T10:37:39+08:00 ] ERR: (ThinkException) 无法加载模块
[ 2011-11-22T10:37:42+08:00 ] ERR: (ThinkException) 无法加载模块
[ 2011-11-22T10:37:45+08:00 ] ERR: (ThinkException) 无法加载模块
[ 2011-11-22T10:37:48+08:00 ] ERR: (ThinkException) 无法加载模块
[ 2011-11-22T10:37:51+08:00 ] ERR: (ThinkException) 无法加载模块
[ 2011-11-22T10:37:54+08:00 ] ERR: (ThinkException) 无法加载模块
[ 2011-11-22T10:37:57+08:00 ] ERR: (ThinkException) 无法加载模块
[ 2011-11-22T10:38:00+08:00 ] ERR: (ThinkException) 无法加载模块
[ 2011-11-22T10:38:03+08:00 ] ERR: (ThinkException) 无法加载模块
[ 2011-11-22T10:38:04+08:00 ] ERR: (ThinkException) 无法加载模块App
[ 2011-11-22T10:38:06+08:00 ] ERR: (ThinkException) 无法加载模块
[ 2011-11-22T10:38:09+08:00 ] ERR: (ThinkException) 无法加载模块
[ 2011-11-22T10:38:12+08:00 ] ERR: (ThinkException) 无法加载模块
[ 2011-11-22T10:38:15+08:00 ] ERR: (ThinkException) 无法加载模块
[ 2011-11-22T10:38:18+08:00 ] ERR: (ThinkException) 无法加载模块
[ 2011-11-22T10:38:21+08:00 ] ERR: (ThinkException) 无法加载模块
[ 2011-11-22T10:38:24+08:00 ] ERR: (ThinkException) 无法加载模块
[ 2011-11-22T10:38:27+08:00 ] ERR: (ThinkException) 无法加载模块
[ 2011-11-22T10:38:30+08:00 ] ERR: (ThinkException) 无法加载模块
[ 2011-11-22T10:38:33+08:00 ] ERR: (ThinkException) 无法加载模块
[ 2011-11-22T10:38:36+08:00 ] ERR: (ThinkException) 无法加载模块
[ 2011-11-22T10:38:39+08:00 ] ERR: (ThinkException) 无法加载模块
[ 2011-11-22T10:38:42+08:00 ] ERR: (ThinkException) 无法加载模块
[ 2011-11-22T10:38:45+08:00 ] ERR: (ThinkException) 无法加载模块
[ 2011-11-22T10:38:48+08:00 ] ERR: (ThinkException) 无法加载模块
[ 2011-11-22T10:38:51+08:00 ] ERR: (ThinkException) 无法加载模块
[ 2011-11-22T10:38:54+08:00 ] ERR: (ThinkException) 无法加载模块
[ 2011-11-22T10:38:57+08:00 ] ERR: (ThinkException) 无法加载模块
[ 2011-11-22T10:39:00+08:00 ] ERR: (ThinkException) 无法加载模块
[ 2011-11-22T10:39:03+08:00 ] ERR: (ThinkException) 无法加载模块
[ 2011-11-22T10:39:06+08:00 ] ERR: (ThinkException) 无法加载模块
[ 2011-11-22T10:39:09+08:00 ] ERR: (ThinkException) 无法加载模块
[ 2011-11-22T10:39:12+08:00 ] ERR: (ThinkException) 无法加载模块
[ 2011-11-22T10:39:15+08:00 ] ERR: (ThinkException) 无法加载模块
[ 2011-11-22T10:39:18+08:00 ] ERR: (ThinkException) 无法加载模块
[ 2011-11-22T10:39:21+08:00 ] ERR: (ThinkException) 无法加载模块
[ 2011-11-22T10:39:24+08:00 ] ERR: (ThinkException) 无法加载模块
[ 2011-11-22T10:39:27+08:00 ] ERR: (ThinkException) 无法加载模块
[ 2011-11-22T10:39:30+08:00 ] ERR: (ThinkException) 无法加载模块
[ 2011-11-22T10:39:33+08:00 ] ERR: (ThinkException) 无法加载模块
[ 2011-11-22T10:39:36+08:00 ] ERR: (ThinkException) 无法加载模块
[ 2011-11-22T10:39:39+08:00 ] ERR: (ThinkException) 无法加载模块
[ 2011-11-22T10:39:42+08:00 ] ERR: (ThinkException) 无法加载模块
[ 2011-11-22T10:39:45+08:00 ] ERR: (ThinkException) 无法加载模块
[ 2011-11-22T10:39:48+08:00 ] ERR: (ThinkException) 无法加载模块
[ 2011-11-22T10:39:51+08:00 ] ERR: (ThinkException) 无法加载模块
[ 2011-11-22T10:39:54+08:00 ] ERR: (ThinkException) 无法加载模块
[ 2011-11-22T10:39:57+08:00 ] ERR: (ThinkException) 无法加载模块
[ 2011-11-22T10:40:00+08:00 ] ERR: (ThinkException) 无法加载模块
[ 2011-11-22T10:40:03+08:00 ] ERR: (ThinkException) 无法加载模块
[ 2011-11-22T10:40:06+08:00 ] ERR: (ThinkException) 无法加载模块
[ 2011-11-22T10:40:08+08:00 ] ERR: (ThinkException) 无法加载模块
[ 2011-11-22T10:40:09+08:00 ] ERR: (ThinkException) 无法加载模块
[ 2011-11-22T10:40:12+08:00 ] ERR: (ThinkException) 无法加载模块
[ 2011-11-22T10:40:15+08:00 ] ERR: (ThinkException) 无法加载模块
[ 2011-11-22T10:40:18+08:00 ] ERR: (ThinkException) 无法加载模块
[ 2011-11-22T11:01:19+08:00 ] ERR: (ThinkException) 无法加载模块
[ 2011-11-22T11:01:41+08:00 ] ERR: (ThinkException) 无法加载模块
[ 2011-11-22T11:01:42+08:00 ] ERR: (ThinkException) 无法加载模块
[ 2011-11-22T11:01:44+08:00 ] ERR: (ThinkException) 无法加载模块
[ 2011-11-22T11:01:45+08:00 ] ERR: (ThinkException) 无法加载模块
[ 2011-11-22T11:01:45+08:00 ] ERR: (ThinkException) 无法加载模块
[ 2011-11-22T11:01:47+08:00 ] ERR: (ThinkException) 无法加载模块
[ 2011-11-22T11:01:48+08:00 ] ERR: (ThinkException) 无法加载模块
[ 2011-11-22T11:08:58+08:00 ] ERR: (ThinkException) 无法加载模块
[ 2011-11-22T11:09:48+08:00 ] ERR: (ThinkException) 无法加载模块
[ 2011-11-22T11:09:48+08:00 ] ERR: (ThinkException) 无法加载模块
[ 2011-11-22T11:17:25+08:00 ] ERR: (ThinkException) 无法加载模块
[ 2011-11-22T11:17:25+08:00 ] ERR: (ThinkException) 无法加载模块images
[ 2011-11-22T11:17:26+08:00 ] ERR: (ThinkException) 无法加载模块forum
[ 2011-11-22T11:17:26+08:00 ] ERR: (ThinkException) 无法加载模块forum
[ 2011-11-22T11:17:27+08:00 ] ERR: (ThinkException) 无法加载模块images
[ 2011-11-22T11:17:28+08:00 ] ERR: (ThinkException) 无法加载模块forum
[ 2011-11-22T11:25:04+08:00 ] ERR: (ThinkException) 无法加载模块
[ 2011-11-22T11:25:05+08:00 ] ERR: (ThinkException) 无法加载模块
[ 2011-11-22T11:25:07+08:00 ] ERR: (ThinkException) 无法加载模块
[ 2011-11-22T11:25:10+08:00 ] ERR: (ThinkException) 无法加载模块
[ 2011-11-22T11:25:13+08:00 ] ERR: (ThinkException) 无法加载模块
[ 2011-11-22T11:25:16+08:00 ] ERR: (ThinkException) 无法加载模块
[ 2011-11-22T11:25:18+08:00 ] ERR: (ThinkException) 无法加载模块
[ 2011-11-22T11:25:19+08:00 ] ERR: (ThinkException) 无法加载模块
[ 2011-11-22T11:25:19+08:00 ] ERR: (ThinkException) 无法加载模块
[ 2011-11-22T11:25:22+08:00 ] ERR: (ThinkException) 无法加载模块
[ 2011-11-22T11:25:25+08:00 ] ERR: (ThinkException) 无法加载模块
[ 2011-11-22T11:25:28+08:00 ] ERR: (ThinkException) 无法加载模块
[ 2011-11-22T11:25:31+08:00 ] ERR: (ThinkException) 无法加载模块
[ 2011-11-22T11:25:34+08:00 ] ERR: (ThinkException) 无法加载模块
[ 2011-11-22T11:25:37+08:00 ] ERR: (ThinkException) 无法加载模块s
[ 2011-11-22T11:25:37+08:00 ] ERR: (ThinkException) 无法加载模块
[ 2011-11-22T11:25:37+08:00 ] ERR: (ThinkException) 无法加载模块su
[ 2011-11-22T11:25:37+08:00 ] ERR: (ThinkException) 无法加载模块
[ 2011-11-22T11:25:37+08:00 ] ERR: (ThinkException) 无法加载模块
[ 2011-11-22T11:25:38+08:00 ] ERR: (ThinkException) 无法加载模块sugo
[ 2011-11-22T11:25:38+08:00 ] ERR: (ThinkException) 无法加载模块
[ 2011-11-22T11:25:40+08:00 ] ERR: (ThinkException) 无法加载模块
[ 2011-11-22T11:25:40+08:00 ] ERR: (ThinkException) 无法加载模块
[ 2011-11-22T11:25:43+08:00 ] ERR: (ThinkException) 无法加载模块sugo
[ 2011-11-22T11:25:43+08:00 ] ERR: (ThinkException) 无法加载模块
[ 2011-11-22T11:25:43+08:00 ] ERR: (ThinkException) 无法加载模块
[ 2011-11-22T11:25:46+08:00 ] ERR: (ThinkException) 无法加载模块
[ 2011-11-22T11:25:47+08:00 ] ERR: (ThinkException) 无法加载模块
[ 2011-11-22T11:25:58+08:00 ] ERR: (ThinkException) 无法加载模块
[ 2011-11-22T11:27:12+08:00 ] ERR: (ThinkException) 无法加载模块
[ 2011-11-22T11:27:50+08:00 ] ERR: (ThinkException) 无法加载模块
[ 2011-11-22T11:44:45+08:00 ] ERR: (ThinkException) 无法加载模块
[ 2011-11-22T11:44:45+08:00 ] ERR: (ThinkException) 无法加载模块
[ 2011-11-22T11:44:47+08:00 ] ERR: (ThinkException) 无法加载模块
[ 2011-11-22T11:44:51+08:00 ] ERR: (ThinkException) 无法加载模块
[ 2011-11-22T11:44:53+08:00 ] ERR: (ThinkException) 无法加载模块
[ 2011-11-22T11:45:20+08:00 ] ERR: (ThinkException) 无法加载模块
[ 2011-11-22T11:45:35+08:00 ] ERR: (ThinkException) 无法加载模块
[ 2011-11-22T11:45:57+08:00 ] ERR: (ThinkException) 无法加载模块
[ 2011-11-22T11:45:59+08:00 ] ERR: (ThinkException) 无法加载模块
[ 2011-11-22T11:46:05+08:00 ] ERR: (ThinkException) 无法加载模块
[ 2011-11-22T11:46:32+08:00 ] ERR: (ThinkException) 无法加载模块p
[ 2011-11-22T11:46:36+08:00 ] ERR: (ThinkException) 无法加载模块ph
[ 2011-11-22T11:46:36+08:00 ] ERR: (ThinkException) 无法加载模块
[ 2011-11-22T11:46:36+08:00 ] ERR: (ThinkException) 无法加载模块php
[ 2011-11-22T11:46:36+08:00 ] ERR: (ThinkException) 无法加载模块
[ 2011-11-22T11:46:37+08:00 ] ERR: (ThinkException) 无法加载模块
[ 2011-11-22T11:46:37+08:00 ] ERR: (ThinkException) 无法加载模块
[ 2011-11-22T11:46:37+08:00 ] ERR: (ThinkException) 无法加载模块php
[ 2011-11-22T11:46:38+08:00 ] ERR: (ThinkException) 无法加载模块
[ 2011-11-22T11:46:38+08:00 ] ERR: (ThinkException) 无法加载模块phpmy
[ 2011-11-22T11:46:38+08:00 ] ERR: (ThinkException) 无法加载模块
[ 2011-11-22T11:47:09+08:00 ] ERR: (ThinkException) 无法加载模块d
[ 2011-11-22T11:47:09+08:00 ] ERR: (ThinkException) 无法加载模块
[ 2011-11-22T11:47:10+08:00 ] ERR: (ThinkException) 无法加载模块
[ 2011-11-22T11:47:11+08:00 ] ERR: (ThinkException) 无法加载模块
[ 2011-11-22T11:47:13+08:00 ] ERR: (ThinkException) 无法加载模块
[ 2011-11-22T11:48:00+08:00 ] ERR: (ThinkException) 无法加载模块
[ 2011-11-22T11:48:03+08:00 ] ERR: (ThinkException) 无法加载模块
[ 2011-11-22T11:48:20+08:00 ] ERR: (ThinkException) 无法加载模块
[ 2011-11-22T11:48:25+08:00 ] ERR: (ThinkException) 无法加载模块
[ 2011-11-22T11:49:09+08:00 ] ERR: (ThinkException) 无法加载模块
[ 2011-11-22T11:49:12+08:00 ] ERR: (ThinkException) 无法加载模块
[ 2011-11-22T11:49:43+08:00 ] ERR: (ThinkException) 无法加载模块
[ 2011-11-22T11:49:54+08:00 ] ERR: (ThinkException) 无法加载模块
[ 2011-11-22T11:49:59+08:00 ] ERR: (ThinkException) 无法加载模块
[ 2011-11-22T11:50:10+08:00 ] ERR: (ThinkException) 无法加载模块
[ 2011-11-22T11:50:21+08:00 ] ERR: (ThinkException) 无法加载模块
[ 2011-11-22T11:50:29+08:00 ] ERR: (ThinkException) 无法加载模块
[ 2011-11-22T11:50:44+08:00 ] ERR: (ThinkException) 无法加载模块
[ 2011-11-22T11:50:47+08:00 ] ERR: (ThinkException) 无法加载模块
[ 2011-11-22T11:52:45+08:00 ] ERR: (ThinkException) 无法加载模块
[ 2011-11-22T11:52:47+08:00 ] ERR: (ThinkException) 无法加载模块
[ 2011-11-22T11:52:55+08:00 ] ERR: (ThinkException) 无法加载模块
[ 2011-11-22T11:53:07+08:00 ] ERR: (ThinkException) 无法加载模块
[ 2011-11-22T11:53:09+08:00 ] ERR: (ThinkException) 无法加载模块
[ 2011-11-22T11:53:32+08:00 ] ERR: (ThinkException) 无法加载模块
[ 2011-11-22T11:53:35+08:00 ] ERR: (ThinkException) 无法加载模块
[ 2011-11-22T11:53:50+08:00 ] ERR: (ThinkException) 无法加载模块
[ 2011-11-22T11:53:51+08:00 ] ERR: (ThinkException) 无法加载模块
[ 2011-11-22T11:54:23+08:00 ] ERR: (ThinkException) 无法加载模块
[ 2011-11-22T11:54:25+08:00 ] ERR: (ThinkException) 无法加载模块
[ 2011-11-22T11:54:38+08:00 ] ERR: (ThinkException) 无法加载模块
[ 2011-11-22T11:54:39+08:00 ] ERR: (ThinkException) 无法加载模块
[ 2011-11-22T11:55:00+08:00 ] ERR: (ThinkException) 无法加载模块
[ 2011-11-22T11:55:10+08:00 ] ERR: (ThinkException) 无法加载模块
[ 2011-11-22T11:55:15+08:00 ] ERR: (ThinkException) 无法加载模块
[ 2011-11-22T11:56:53+08:00 ] ERR: (ThinkException) 无法加载模块
[ 2011-11-22T11:56:58+08:00 ] ERR: (ThinkException) 无法加载模块
[ 2011-11-22T12:08:46+08:00 ] ERR: (ThinkException) 无法加载模块
[ 2011-11-22T12:08:46+08:00 ] ERR: (ThinkException) 无法加载模块
[ 2011-11-22T12:08:49+08:00 ] ERR: (ThinkException) 无法加载模块
[ 2011-11-22T12:08:52+08:00 ] ERR: (ThinkException) 无法加载模块
[ 2011-11-22T12:08:55+08:00 ] ERR: (ThinkException) 无法加载模块
[ 2011-11-22T12:10:11+08:00 ] ERR: (ThinkException) 无法加载模块
[ 2011-11-22T12:10:11+08:00 ] ERR: (ThinkException) 无法加载模块
[ 2011-11-22T12:10:14+08:00 ] ERR: (ThinkException) 无法加载模块
[ 2011-11-22T12:10:17+08:00 ] ERR: (ThinkException) 无法加载模块
[ 2011-11-22T12:10:18+08:00 ] ERR: (ThinkException) 无法加载模块
[ 2011-11-22T12:10:19+08:00 ] ERR: (ThinkException) 无法加载模块
[ 2011-11-22T12:10:20+08:00 ] ERR: (ThinkException) 无法加载模块
[ 2011-11-22T12:10:23+08:00 ] ERR: (ThinkException) 无法加载模块
[ 2011-11-22T12:10:23+08:00 ] ERR: (ThinkException) 无法加载模块
[ 2011-11-22T12:10:26+08:00 ] ERR: (ThinkException) 无法加载模块
[ 2011-11-22T12:10:29+08:00 ] ERR: (ThinkException) 无法加载模块
[ 2011-11-22T12:10:32+08:00 ] ERR: (ThinkException) 无法加载模块
[ 2011-11-22T12:10:35+08:00 ] ERR: (ThinkException) 无法加载模块
[ 2011-11-22T12:10:36+08:00 ] ERR: (ThinkException) 无法加载模块
[ 2011-11-22T12:10:37+08:00 ] ERR: (ThinkException) 无法加载模块
[ 2011-11-22T12:10:38+08:00 ] ERR: (ThinkException) 无法加载模块
[ 2011-11-22T12:10:41+08:00 ] ERR: (ThinkException) 无法加载模块
[ 2011-11-22T12:10:44+08:00 ] ERR: (ThinkException) 无法加载模块
[ 2011-11-22T12:10:47+08:00 ] ERR: (ThinkException) 无法加载模块
[ 2011-11-22T12:10:50+08:00 ] ERR: (ThinkException) 无法加载模块
[ 2011-11-22T12:10:53+08:00 ] ERR: (ThinkException) 无法加载模块
[ 2011-11-22T12:10:56+08:00 ] ERR: (ThinkException) 无法加载模块
[ 2011-11-22T12:10:59+08:00 ] ERR: (ThinkException) 无法加载模块
[ 2011-11-22T12:11:02+08:00 ] ERR: (ThinkException) 无法加载模块
[ 2011-11-22T12:11:05+08:00 ] ERR: (ThinkException) 无法加载模块
[ 2011-11-22T12:11:08+08:00 ] ERR: (ThinkException) 无法加载模块
[ 2011-11-22T12:18:58+08:00 ] ERR: (ThinkException) 无法加载模块
[ 2011-11-22T12:27:28+08:00 ] ERR: (ThinkException) 无法加载模块images
[ 2011-11-22T12:33:42+08:00 ] ERR: (ThinkException) 无法加载模块
[ 2011-11-22T12:33:42+08:00 ] ERR: (ThinkException) 无法加载模块
[ 2011-11-22T12:34:04+08:00 ] ERR: (ThinkException) 无法加载模块
[ 2011-11-22T12:34:04+08:00 ] ERR: (ThinkException) 无法加载模块
[ 2011-11-22T12:34:04+08:00 ] ERR: (ThinkException) 无法加载模块
[ 2011-11-22T12:36:54+08:00 ] ERR: (ThinkException) 无法加载模块
[ 2011-11-22T12:37:33+08:00 ] ERR: (ThinkException) 无法加载模块images
[ 2011-11-22T12:37:42+08:00 ] ERR: (ThinkException) 无法加载模块images
[ 2011-11-22T12:45:50+08:00 ] ERR: (ThinkException) 无法加载模块
[ 2011-11-22T12:45:51+08:00 ] ERR: (ThinkException) 无法加载模块
[ 2011-11-22T12:45:54+08:00 ] ERR: (ThinkException) 无法加载模块
[ 2011-11-22T12:45:57+08:00 ] ERR: (ThinkException) 无法加载模块
[ 2011-11-22T12:46:00+08:00 ] ERR: (ThinkException) 无法加载模块
[ 2011-11-22T12:46:03+08:00 ] ERR: (ThinkException) 无法加载模块
[ 2011-11-22T12:46:06+08:00 ] ERR: (ThinkException) 无法加载模块
[ 2011-11-22T12:46:09+08:00 ] ERR: (ThinkException) 无法加载模块
[ 2011-11-22T12:46:12+08:00 ] ERR: (ThinkException) 无法加载模块
[ 2011-11-22T12:46:15+08:00 ] ERR: (ThinkException) 无法加载模块
[ 2011-11-22T12:46:18+08:00 ] ERR: (ThinkException) 无法加载模块
[ 2011-11-22T12:46:21+08:00 ] ERR: (ThinkException) 无法加载模块
[ 2011-11-22T12:46:24+08:00 ] ERR: (ThinkException) 无法加载模块
[ 2011-11-22T12:46:27+08:00 ] ERR: (ThinkException) 无法加载模块
[ 2011-11-22T12:46:30+08:00 ] ERR: (ThinkException) 无法加载模块
[ 2011-11-22T12:46:32+08:00 ] ERR: (ThinkException) 无法加载模块
[ 2011-11-22T12:46:33+08:00 ] ERR: (ThinkException) 无法加载模块
[ 2011-11-22T12:46:36+08:00 ] ERR: (ThinkException) 无法加载模块
[ 2011-11-22T12:46:39+08:00 ] ERR: (ThinkException) 无法加载模块
[ 2011-11-22T12:46:40+08:00 ] ERR: (ThinkException) 无法加载模块
[ 2011-11-22T12:46:42+08:00 ] ERR: (ThinkException) 无法加载模块
[ 2011-11-22T12:46:45+08:00 ] ERR: (ThinkException) 无法加载模块
[ 2011-11-22T12:46:48+08:00 ] ERR: (ThinkException) 无法加载模块
[ 2011-11-22T12:46:51+08:00 ] ERR: (ThinkException) 无法加载模块
[ 2011-11-22T12:46:54+08:00 ] ERR: (ThinkException) 无法加载模块
[ 2011-11-22T12:46:57+08:00 ] ERR: (ThinkException) 无法加载模块
[ 2011-11-22T12:47:00+08:00 ] ERR: (ThinkException) 无法加载模块
[ 2011-11-22T12:47:01+08:00 ] ERR: (ThinkException) 无法加载模块
[ 2011-11-22T12:47:02+08:00 ] ERR: (ThinkException) 无法加载模块
[ 2011-11-22T12:47:04+08:00 ] ERR: (ThinkException) 无法加载模块
[ 2011-11-22T12:47:05+08:00 ] ERR: (ThinkException) 无法加载模块
[ 2011-11-22T12:47:05+08:00 ] ERR: (ThinkException) 无法加载模块
[ 2011-11-22T12:47:06+08:00 ] ERR: (ThinkException) 无法加载模块
[ 2011-11-22T12:47:08+08:00 ] ERR: (ThinkException) 无法加载模块
[ 2011-11-22T12:47:09+08:00 ] ERR: (ThinkException) 无法加载模块
[ 2011-11-22T12:47:11+08:00 ] ERR: (ThinkException) 无法加载模块
[ 2011-11-22T12:47:12+08:00 ] ERR: (ThinkException) 无法加载模块
[ 2011-11-22T12:47:14+08:00 ] ERR: (ThinkException) 无法加载模块
[ 2011-11-22T12:47:15+08:00 ] ERR: (ThinkException) 无法加载模块
[ 2011-11-22T12:47:17+08:00 ] ERR: (ThinkException) 无法加载模块
[ 2011-11-22T12:47:18+08:00 ] ERR: (ThinkException) 无法加载模块
[ 2011-11-22T12:47:20+08:00 ] ERR: (ThinkException) 无法加载模块
[ 2011-11-22T12:47:21+08:00 ] ERR: (ThinkException) 无法加载模块
[ 2011-11-22T12:47:23+08:00 ] ERR: (ThinkException) 无法加载模块
[ 2011-11-22T12:47:24+08:00 ] ERR: (ThinkException) 无法加载模块
[ 2011-11-22T12:47:24+08:00 ] ERR: (ThinkException) 无法加载模块
[ 2011-11-22T12:47:25+08:00 ] ERR: (ThinkException) 无法加载模块
[ 2011-11-22T12:47:26+08:00 ] ERR: (ThinkException) 无法加载模块
[ 2011-11-22T12:47:26+08:00 ] ERR: (ThinkException) 无法加载模块
[ 2011-11-22T12:47:27+08:00 ] ERR: (ThinkException) 无法加载模块
[ 2011-11-22T12:47:27+08:00 ] ERR: (ThinkException) 无法加载模块
[ 2011-11-22T12:47:28+08:00 ] ERR: (ThinkException) 无法加载模块
[ 2011-11-22T12:47:29+08:00 ] ERR: (ThinkException) 无法加载模块
[ 2011-11-22T12:47:29+08:00 ] ERR: (ThinkException) 无法加载模块
[ 2011-11-22T12:47:30+08:00 ] ERR: (ThinkException) 无法加载模块
[ 2011-11-22T12:47:32+08:00 ] ERR: (ThinkException) 无法加载模块
[ 2011-11-22T12:47:33+08:00 ] ERR: (ThinkException) 无法加载模块
[ 2011-11-22T12:47:35+08:00 ] ERR: (ThinkException) 无法加载模块
[ 2011-11-22T12:47:36+08:00 ] ERR: (ThinkException) 无法加载模块
[ 2011-11-22T12:47:38+08:00 ] ERR: (ThinkException) 无法加载模块
[ 2011-11-22T12:47:39+08:00 ] ERR: (ThinkException) 无法加载模块
[ 2011-11-22T12:47:41+08:00 ] ERR: (ThinkException) 无法加载模块
[ 2011-11-22T12:47:42+08:00 ] ERR: (ThinkException) 无法加载模块
[ 2011-11-22T12:47:44+08:00 ] ERR: (ThinkException) 无法加载模块
[ 2011-11-22T12:47:45+08:00 ] ERR: (ThinkException) 无法加载模块
[ 2011-11-22T12:47:47+08:00 ] ERR: (ThinkException) 无法加载模块
[ 2011-11-22T12:47:47+08:00 ] ERR: (ThinkException) 无法加载模块
[ 2011-11-22T12:47:48+08:00 ] ERR: (ThinkException) 无法加载模块
[ 2011-11-22T12:47:50+08:00 ] ERR: (ThinkException) 无法加载模块
[ 2011-11-22T12:47:51+08:00 ] ERR: (ThinkException) 无法加载模块
[ 2011-11-22T12:47:53+08:00 ] ERR: (ThinkException) 无法加载模块
[ 2011-11-22T12:47:54+08:00 ] ERR: (ThinkException) 无法加载模块
[ 2011-11-22T12:47:55+08:00 ] ERR: (ThinkException) 无法加载模块
[ 2011-11-22T12:47:56+08:00 ] ERR: (ThinkException) 无法加载模块
[ 2011-11-22T12:47:57+08:00 ] ERR: (ThinkException) 无法加载模块
[ 2011-11-22T12:47:59+08:00 ] ERR: (ThinkException) 无法加载模块
[ 2011-11-22T12:48:00+08:00 ] ERR: (ThinkException) 无法加载模块
[ 2011-11-22T12:48:02+08:00 ] ERR: (ThinkException) 无法加载模块
[ 2011-11-22T12:48:03+08:00 ] ERR: (ThinkException) 无法加载模块
[ 2011-11-22T12:48:05+08:00 ] ERR: (ThinkException) 无法加载模块
[ 2011-11-22T12:48:06+08:00 ] ERR: (ThinkException) 无法加载模块
[ 2011-11-22T12:48:08+08:00 ] ERR: (ThinkException) 无法加载模块
[ 2011-11-22T12:48:09+08:00 ] ERR: (ThinkException) 无法加载模块
[ 2011-11-22T12:48:11+08:00 ] ERR: (ThinkException) 无法加载模块
[ 2011-11-22T12:48:12+08:00 ] ERR: (ThinkException) 无法加载模块
[ 2011-11-22T12:48:14+08:00 ] ERR: (ThinkException) 无法加载模块
[ 2011-11-22T12:48:15+08:00 ] ERR: (ThinkException) 无法加载模块
[ 2011-11-22T12:48:16+08:00 ] ERR: (ThinkException) 无法加载模块
[ 2011-11-22T12:48:16+08:00 ] ERR: (ThinkException) 无法加载模块
[ 2011-11-22T12:48:17+08:00 ] ERR: (ThinkException) 无法加载模块
[ 2011-11-22T12:48:18+08:00 ] ERR: (ThinkException) 无法加载模块
[ 2011-11-22T12:48:20+08:00 ] ERR: (ThinkException) 无法加载模块
[ 2011-11-22T12:48:21+08:00 ] ERR: (ThinkException) 无法加载模块
[ 2011-11-22T12:48:24+08:00 ] ERR: (ThinkException) 无法加载模块
[ 2011-11-22T12:48:27+08:00 ] ERR: (ThinkException) 无法加载模块
[ 2011-11-22T12:48:30+08:00 ] ERR: (ThinkException) 无法加载模块
[ 2011-11-22T12:48:33+08:00 ] ERR: (ThinkException) 无法加载模块
[ 2011-11-22T12:48:36+08:00 ] ERR: (ThinkException) 无法加载模块
[ 2011-11-22T12:48:36+08:00 ] ERR: (ThinkException) 无法加载模块
[ 2011-11-22T12:48:37+08:00 ] ERR: (ThinkException) 无法加载模块
[ 2011-11-22T12:48:39+08:00 ] ERR: (ThinkException) 无法加载模块
[ 2011-11-22T12:48:40+08:00 ] ERR: (ThinkException) 无法加载模块
[ 2011-11-22T12:48:42+08:00 ] ERR: (ThinkException) 无法加载模块
[ 2011-11-22T12:48:42+08:00 ] ERR: (ThinkException) 无法加载模块
[ 2011-11-22T12:48:43+08:00 ] ERR: (ThinkException) 无法加载模块
[ 2011-11-22T12:48:45+08:00 ] ERR: (ThinkException) 无法加载模块
[ 2011-11-22T12:48:46+08:00 ] ERR: (ThinkException) 无法加载模块
[ 2011-11-22T12:48:48+08:00 ] ERR: (ThinkException) 无法加载模块
[ 2011-11-22T12:48:49+08:00 ] ERR: (ThinkException) 无法加载模块
[ 2011-11-22T12:48:51+08:00 ] ERR: (ThinkException) 无法加载模块
[ 2011-11-22T12:48:52+08:00 ] ERR: (ThinkException) 无法加载模块
[ 2011-11-22T12:48:54+08:00 ] ERR: (ThinkException) 无法加载模块
[ 2011-11-22T12:48:55+08:00 ] ERR: (ThinkException) 无法加载模块
[ 2011-11-22T12:48:57+08:00 ] ERR: (ThinkException) 无法加载模块
[ 2011-11-22T12:48:58+08:00 ] ERR: (ThinkException) 无法加载模块
[ 2011-11-22T12:49:00+08:00 ] ERR: (ThinkException) 无法加载模块
[ 2011-11-22T12:49:01+08:00 ] ERR: (ThinkException) 无法加载模块
[ 2011-11-22T12:49:03+08:00 ] ERR: (ThinkException) 无法加载模块
[ 2011-11-22T12:49:04+08:00 ] ERR: (ThinkException) 无法加载模块
[ 2011-11-22T12:49:07+08:00 ] ERR: (ThinkException) 无法加载模块
[ 2011-11-22T12:49:08+08:00 ] ERR: (ThinkException) 无法加载模块
[ 2011-11-22T12:49:10+08:00 ] ERR: (ThinkException) 无法加载模块
[ 2011-11-22T12:49:13+08:00 ] ERR: (ThinkException) 无法加载模块
[ 2011-11-22T12:49:16+08:00 ] ERR: (ThinkException) 无法加载模块
[ 2011-11-22T12:50:30+08:00 ] ERR: (ThinkException) 无法加载模块
[ 2011-11-22T12:50:34+08:00 ] ERR: (ThinkException) 无法加载模块
[ 2011-11-22T12:51:31+08:00 ] ERR: (ThinkException) 无法加载模块
[ 2011-11-22T12:54:14+08:00 ] ERR: (ThinkException) 无法加载模块
[ 2011-11-22T12:54:18+08:00 ] ERR: (ThinkException) 无法加载模块
[ 2011-11-22T12:54:25+08:00 ] ERR: (ThinkException) 无法加载模块
[ 2011-11-22T12:54:31+08:00 ] ERR: (ThinkException) 无法加载模块
[ 2011-11-22T12:54:31+08:00 ] ERR: (ThinkException) 无法加载模块
[ 2011-11-22T12:56:27+08:00 ] ERR: (ThinkException) 无法加载模块
[ 2011-11-22T12:56:43+08:00 ] ERR: (ThinkException) 无法加载模块
[ 2011-11-22T12:56:46+08:00 ] ERR: (ThinkException) 无法加载模块
[ 2011-11-22T12:58:30+08:00 ] ERR: (ThinkException) 无法加载模块
[ 2011-11-22T12:58:36+08:00 ] ERR: (ThinkException) 无法加载模块
[ 2011-11-22T12:58:53+08:00 ] ERR: (ThinkException) 无法加载模块
[ 2011-11-22T12:59:02+08:00 ] ERR: (ThinkException) 无法加载模块
[ 2011-11-22T12:59:08+08:00 ] ERR: (ThinkException) 无法加载模块
[ 2011-11-22T12:59:10+08:00 ] ERR: (ThinkException) 无法加载模块
[ 2011-11-22T12:59:51+08:00 ] ERR: (ThinkException) 无法加载模块
[ 2011-11-22T13:00:09+08:00 ] ERR: (ThinkException) 无法加载模块
[ 2011-11-22T13:00:26+08:00 ] ERR: (ThinkException) 无法加载模块
[ 2011-11-22T13:00:28+08:00 ] ERR: (ThinkException) 无法加载模块
[ 2011-11-22T13:00:44+08:00 ] ERR: (ThinkException) 无法加载模块
[ 2011-11-22T13:00:52+08:00 ] ERR: (ThinkException) 无法加载模块
[ 2011-11-22T13:00:56+08:00 ] ERR: (ThinkException) 无法加载模块
[ 2011-11-22T13:01:05+08:00 ] ERR: (ThinkException) 无法加载模块
[ 2011-11-22T13:01:10+08:00 ] ERR: (ThinkException) 无法加载模块
[ 2011-11-22T13:01:22+08:00 ] ERR: (ThinkException) 无法加载模块
[ 2011-11-22T13:01:31+08:00 ] ERR: (ThinkException) 无法加载模块
[ 2011-11-22T13:01:36+08:00 ] ERR: (ThinkException) 无法加载模块
[ 2011-11-22T13:02:50+08:00 ] ERR: (ThinkException) 无法加载模块
[ 2011-11-22T13:03:05+08:00 ] ERR: (ThinkException) 无法加载模块
[ 2011-11-22T13:03:09+08:00 ] ERR: (ThinkException) 无法加载模块
[ 2011-11-22T13:03:22+08:00 ] ERR: (ThinkException) 无法加载模块
[ 2011-11-22T13:10:15+08:00 ] ERR: (ThinkException) 无法加载模块upload
[ 2011-11-22T13:37:09+08:00 ] ERR: (ThinkException) 无法加载模块
[ 2011-11-22T13:37:22+08:00 ] ERR: (ThinkException) 无法加载模块
[ 2011-11-22T13:52:17+08:00 ] ERR: (ThinkException) 无法加载模块
[ 2011-11-22T13:52:17+08:00 ] ERR: (ThinkException) 无法加载模块
[ 2011-11-22T13:52:20+08:00 ] ERR: (ThinkException) 无法加载模块
[ 2011-11-22T13:52:23+08:00 ] ERR: (ThinkException) 无法加载模块
[ 2011-11-22T13:52:26+08:00 ] ERR: (ThinkException) 无法加载模块
[ 2011-11-22T13:52:27+08:00 ] ERR: (ThinkException) 无法加载模块App
[ 2011-11-22T13:52:33+08:00 ] ERR: (ThinkException) 无法加载模块App
[ 2011-11-22T13:52:39+08:00 ] ERR: (ThinkException) 无法加载模块cippus
[ 2011-11-22T13:52:40+08:00 ] ERR: (ThinkException) 无法加载模块themes
[ 2011-11-22T13:52:40+08:00 ] ERR: (ThinkException) 无法加载模块App
[ 2011-11-22T13:53:52+08:00 ] ERR: (ThinkException) 无法加载模块PHP
[ 2011-11-22T13:53:52+08:00 ] ERR: (ThinkException) 无法加载模块App
[ 2011-11-22T13:55:15+08:00 ] ERR: (ThinkException) 无法加载模块PHP
[ 2011-11-22T13:55:15+08:00 ] ERR: (ThinkException) 无法加载模块App
[ 2011-11-22T13:55:25+08:00 ] ERR: (ThinkException) 无法加载模块PHP
[ 2011-11-22T13:55:25+08:00 ] ERR: (ThinkException) 无法加载模块App
[ 2011-11-22T13:55:41+08:00 ] ERR: (ThinkException) 无法加载模块App
[ 2011-11-22T13:55:43+08:00 ] ERR: (ThinkException) 无法加载模块cippus
[ 2011-11-22T13:55:45+08:00 ] ERR: (ThinkException) 无法加载模块App
[ 2011-11-22T13:55:48+08:00 ] ERR: (ThinkException) 无法加载模块App
[ 2011-11-22T14:02:59+08:00 ] ERR: (ThinkException) 无法加载模块
[ 2011-11-22T14:36:07+08:00 ] ERR: (ThinkException) 无法加载模块
[ 2011-11-22T14:36:07+08:00 ] ERR: (ThinkException) 无法加载模块
[ 2011-11-22T14:36:10+08:00 ] ERR: (ThinkException) 无法加载模块
[ 2011-11-22T14:36:13+08:00 ] ERR: (ThinkException) 无法加载模块
[ 2011-11-22T14:36:16+08:00 ] ERR: (ThinkException) 无法加载模块
[ 2011-11-22T14:36:19+08:00 ] ERR: (ThinkException) 无法加载模块
[ 2011-11-22T14:36:22+08:00 ] ERR: (ThinkException) 无法加载模块
[ 2011-11-22T14:36:25+08:00 ] ERR: (ThinkException) 无法加载模块
[ 2011-11-22T14:36:28+08:00 ] ERR: (ThinkException) 无法加载模块
[ 2011-11-22T14:36:31+08:00 ] ERR: (ThinkException) 无法加载模块
[ 2011-11-22T14:36:34+08:00 ] ERR: (ThinkException) 无法加载模块
[ 2011-11-22T14:36:37+08:00 ] ERR: (ThinkException) 无法加载模块
[ 2011-11-22T14:36:40+08:00 ] ERR: (ThinkException) 无法加载模块
[ 2011-11-22T14:36:43+08:00 ] ERR: (ThinkException) 无法加载模块
[ 2011-11-22T14:36:46+08:00 ] ERR: (ThinkException) 无法加载模块
[ 2011-11-22T14:36:49+08:00 ] ERR: (ThinkException) 无法加载模块
[ 2011-11-22T14:36:52+08:00 ] ERR: (ThinkException) 无法加载模块
[ 2011-11-22T14:36:55+08:00 ] ERR: (ThinkException) 无法加载模块
[ 2011-11-22T14:36:58+08:00 ] ERR: (ThinkException) 无法加载模块
[ 2011-11-22T14:37:01+08:00 ] ERR: (ThinkException) 无法加载模块
[ 2011-11-22T14:37:04+08:00 ] ERR: (ThinkException) 无法加载模块
[ 2011-11-22T14:37:07+08:00 ] ERR: (ThinkException) 无法加载模块
[ 2011-11-22T14:37:10+08:00 ] ERR: (ThinkException) 无法加载模块
[ 2011-11-22T14:37:10+08:00 ] ERR: (ThinkException) 无法加载模块
[ 2011-11-22T14:37:11+08:00 ] ERR: (ThinkException) 无法加载模块
[ 2011-11-22T14:37:12+08:00 ] ERR: (ThinkException) 无法加载模块
[ 2011-11-22T14:37:13+08:00 ] ERR: (ThinkException) 无法加载模块
[ 2011-11-22T14:37:16+08:00 ] ERR: (ThinkException) 无法加载模块
[ 2011-11-22T14:37:29+08:00 ] ERR: (ThinkException) 无法加载模块
[ 2011-11-22T14:37:29+08:00 ] ERR: (ThinkException) 无法加载模块
[ 2011-11-22T14:37:32+08:00 ] ERR: (ThinkException) 无法加载模块
[ 2011-11-22T14:37:35+08:00 ] ERR: (ThinkException) 无法加载模块
[ 2011-11-22T14:37:38+08:00 ] ERR: (ThinkException) 无法加载模块
[ 2011-11-22T14:37:41+08:00 ] ERR: (ThinkException) 无法加载模块
[ 2011-11-22T14:37:44+08:00 ] ERR: (ThinkException) 无法加载模块
[ 2011-11-22T14:37:46+08:00 ] ERR: (ThinkException) 无法加载模块App
[ 2011-11-22T14:37:58+08:00 ] ERR: (ThinkException) 无法加载模块App
[ 2011-11-22T14:38:01+08:00 ] ERR: (ThinkException) 无法加载模块cippus
[ 2011-11-22T14:38:03+08:00 ] ERR: (ThinkException) 无法加载模块App
[ 2011-11-22T14:38:05+08:00 ] ERR: (ThinkException) 无法加载模块themes
[ 2011-11-22T14:38:05+08:00 ] ERR: (ThinkException) 无法加载模块App
[ 2011-11-22T14:38:07+08:00 ] ERR: (ThinkException) 无法加载模块PHP
[ 2011-11-22T14:38:07+08:00 ] ERR: (ThinkException) 无法加载模块App
[ 2011-11-22T14:38:11+08:00 ] ERR: (ThinkException) 无法加载模块PHP
[ 2011-11-22T14:38:11+08:00 ] ERR: (ThinkException) 无法加载模块App
[ 2011-11-22T14:38:18+08:00 ] ERR: (ThinkException) 无法加载模块cippus
[ 2011-11-22T14:38:19+08:00 ] ERR: (ThinkException) 无法加载模块themes
[ 2011-11-22T14:38:20+08:00 ] ERR: (ThinkException) 无法加载模块App
[ 2011-11-22T14:39:02+08:00 ] ERR: (ThinkException) 无法加载模块App
[ 2011-11-22T14:39:33+08:00 ] ERR: (ThinkException) 无法加载模块
[ 2011-11-22T14:39:34+08:00 ] ERR: (ThinkException) 无法加载模块
[ 2011-11-22T14:39:37+08:00 ] ERR: (ThinkException) 无法加载模块
[ 2011-11-22T14:39:40+08:00 ] ERR: (ThinkException) 无法加载模块
[ 2011-11-22T14:39:43+08:00 ] ERR: (ThinkException) 无法加载模块
[ 2011-11-22T14:39:46+08:00 ] ERR: (ThinkException) 无法加载模块
[ 2011-11-22T14:39:46+08:00 ] ERR: (ThinkException) 无法加载模块themes
[ 2011-11-22T14:39:46+08:00 ] ERR: (ThinkException) 无法加载模块App
[ 2011-11-22T14:39:49+08:00 ] ERR: (ThinkException) 无法加载模块
[ 2011-11-22T14:39:52+08:00 ] ERR: (ThinkException) 无法加载模块
[ 2011-11-22T14:39:55+08:00 ] ERR: (ThinkException) 无法加载模块
[ 2011-11-22T14:39:58+08:00 ] ERR: (ThinkException) 无法加载模块
[ 2011-11-22T14:40:01+08:00 ] ERR: (ThinkException) 无法加载模块
[ 2011-11-22T14:40:04+08:00 ] ERR: (ThinkException) 无法加载模块
[ 2011-11-22T14:40:07+08:00 ] ERR: (ThinkException) 无法加载模块
[ 2011-11-22T14:40:08+08:00 ] ERR: (ThinkException) 无法加载模块App
[ 2011-11-22T14:40:10+08:00 ] ERR: (ThinkException) 无法加载模块
[ 2011-11-22T14:40:12+08:00 ] ERR: (ThinkException) 无法加载模块
[ 2011-11-22T14:40:12+08:00 ] ERR: (ThinkException) 无法加载模块
[ 2011-11-22T14:40:15+08:00 ] ERR: (ThinkException) 无法加载模块
[ 2011-11-22T14:40:18+08:00 ] ERR: (ThinkException) 无法加载模块
[ 2011-11-22T14:40:21+08:00 ] ERR: (ThinkException) 无法加载模块
[ 2011-11-22T14:40:24+08:00 ] ERR: (ThinkException) 无法加载模块
[ 2011-11-22T14:40:27+08:00 ] ERR: (ThinkException) 无法加载模块
[ 2011-11-22T14:40:30+08:00 ] ERR: (ThinkException) 无法加载模块
[ 2011-11-22T14:40:33+08:00 ] ERR: (ThinkException) 无法加载模块
[ 2011-11-22T14:42:49+08:00 ] ERR: (ThinkException) 无法加载模块
[ 2011-11-22T14:42:49+08:00 ] ERR: (ThinkException) 无法加载模块
[ 2011-11-22T14:42:52+08:00 ] ERR: (ThinkException) 无法加载模块
[ 2011-11-22T14:59:13+08:00 ] ERR: (ThinkException) 无法加载模块
[ 2011-11-22T15:43:55+08:00 ] ERR: (ThinkException) 无法加载模块
[ 2011-11-22T15:44:01+08:00 ] ERR: (ThinkException) 无法加载模块images
[ 2011-11-22T15:44:01+08:00 ] ERR: (ThinkException) 无法加载模块forum
[ 2011-11-22T15:44:02+08:00 ] ERR: (ThinkException) 无法加载模块forum
[ 2011-11-22T15:44:02+08:00 ] ERR: (ThinkException) 无法加载模块forum
[ 2011-11-22T15:44:03+08:00 ] ERR: (ThinkException) 无法加载模块images
[ 2011-11-22T15:54:19+08:00 ] ERR: (ThinkException) 无法加载模块
[ 2011-11-22T15:54:19+08:00 ] ERR: (ThinkException) 无法加载模块
[ 2011-11-22T15:54:19+08:00 ] ERR: (ThinkException) 无法加载模块
[ 2011-11-22T15:54:23+08:00 ] ERR: (ThinkException) 无法加载模块
[ 2011-11-22T15:54:26+08:00 ] ERR: (ThinkException) 无法加载模块
[ 2011-11-22T15:54:29+08:00 ] ERR: (ThinkException) 无法加载模块
[ 2011-11-22T15:54:32+08:00 ] ERR: (ThinkException) 无法加载模块
[ 2011-11-22T15:54:35+08:00 ] ERR: (ThinkException) 无法加载模块
[ 2011-11-22T15:54:38+08:00 ] ERR: (ThinkException) 无法加载模块
[ 2011-11-22T15:54:38+08:00 ] ERR: (ThinkException) 无法加载模块
[ 2011-11-22T15:54:41+08:00 ] ERR: (ThinkException) 无法加载模块
[ 2011-11-22T15:54:44+08:00 ] ERR: (ThinkException) 无法加载模块
[ 2011-11-22T15:54:47+08:00 ] ERR: (ThinkException) 无法加载模块
[ 2011-11-22T15:54:50+08:00 ] ERR: (ThinkException) 无法加载模块
[ 2011-11-22T15:54:53+08:00 ] ERR: (ThinkException) 无法加载模块
[ 2011-11-22T15:54:56+08:00 ] ERR: (ThinkException) 无法加载模块
[ 2011-11-22T15:54:59+08:00 ] ERR: (ThinkException) 无法加载模块
[ 2011-11-22T15:55:02+08:00 ] ERR: (ThinkException) 无法加载模块
[ 2011-11-22T15:55:05+08:00 ] ERR: (ThinkException) 无法加载模块
[ 2011-11-22T15:55:08+08:00 ] ERR: (ThinkException) 无法加载模块
[ 2011-11-22T15:55:11+08:00 ] ERR: (ThinkException) 无法加载模块
[ 2011-11-22T15:55:14+08:00 ] ERR: (ThinkException) 无法加载模块
[ 2011-11-22T15:55:17+08:00 ] ERR: (ThinkException) 无法加载模块
