[ 2011-11-24T15:33:00+08:00 ] ERR: (ThinkException) 无法加载模块
[ 2011-11-24T15:33:05+08:00 ] ERR: (ThinkException) 无法加载模块Ueditor
[ 2011-11-24T15:33:05+08:00 ] ERR: (ThinkException) 无法加载模块Ueditor
[ 2011-11-24T15:33:05+08:00 ] ERR: (ThinkException) 无法加载模块Ueditor
[ 2011-11-24T15:33:05+08:00 ] ERR: (ThinkException) 无法加载模块
[ 2011-11-24T15:33:06+08:00 ] ERR: (ThinkException) 无法加载模块
[ 2011-11-24T15:33:08+08:00 ] ERR: (ThinkException) 无法加载模块Ueditor
[ 2011-11-24T15:33:11+08:00 ] ERR: (ThinkException) 无法加载模块Ueditor
[ 2011-11-24T15:33:14+08:00 ] ERR: (ThinkException) 无法加载模块Ueditor
[ 2011-11-24T15:47:30+08:00 ] ERR: (ThinkException) 无法加载模块App
[ 2011-11-24T15:47:33+08:00 ] ERR: (ThinkException) 无法加载模块App
[ 2011-11-24T15:47:40+08:00 ] ERR: (ThinkException) 无法加载模块App
[ 2011-11-24T15:47:42+08:00 ] ERR: (ThinkException) 无法加载模块themes
[ 2011-11-24T15:47:42+08:00 ] ERR: (ThinkException) 无法加载模块App
[ 2011-11-24T15:47:44+08:00 ] ERR: (ThinkException) 无法加载模块App
[ 2011-11-24T15:47:45+08:00 ] ERR: (ThinkException) 无法加载模块App
[ 2011-11-24T16:16:45+08:00 ] ERR: (ThinkException) 模板不存在[./App/Tpl/default//public/success.html]
[ 2011-11-24T16:16:47+08:00 ] ERR: (ThinkException) 模板不存在[./App/Tpl/default//public/success.html]
[ 2011-11-24T16:22:00+08:00 ] ERR: (ThinkException) 无法加载模块
[ 2011-11-24T16:22:00+08:00 ] ERR: (ThinkException) 无法加载模块
[ 2011-11-24T16:22:12+08:00 ] ERR: (ThinkException) 无法加载模块
[ 2011-11-24T16:22:24+08:00 ] ERR: (ThinkException) 无法加载模块
[ 2011-11-24T16:22:36+08:00 ] ERR: (ThinkException) 无法加载模块
[ 2011-11-24T16:22:48+08:00 ] ERR: (ThinkException) 无法加载模块
[ 2011-11-24T16:23:00+08:00 ] ERR: (ThinkException) 无法加载模块
[ 2011-11-24T16:23:12+08:00 ] ERR: (ThinkException) 无法加载模块
[ 2011-11-24T16:23:24+08:00 ] ERR: (ThinkException) 无法加载模块
[ 2011-11-24T16:23:36+08:00 ] ERR: (ThinkException) 无法加载模块
[ 2011-11-24T16:23:48+08:00 ] ERR: (ThinkException) 无法加载模块
[ 2011-11-24T16:24:00+08:00 ] ERR: (ThinkException) 无法加载模块
[ 2011-11-24T16:24:12+08:00 ] ERR: (ThinkException) 无法加载模块
[ 2011-11-24T16:24:24+08:00 ] ERR: (ThinkException) 无法加载模块
[ 2011-11-24T16:24:36+08:00 ] ERR: (ThinkException) 无法加载模块
[ 2011-11-24T16:24:48+08:00 ] ERR: (ThinkException) 无法加载模块
[ 2011-11-24T16:25:01+08:00 ] ERR: (ThinkException) 无法加载模块
[ 2011-11-24T16:25:13+08:00 ] ERR: (ThinkException) 无法加载模块
[ 2011-11-24T16:25:25+08:00 ] ERR: (ThinkException) 无法加载模块
[ 2011-11-24T16:25:37+08:00 ] ERR: (ThinkException) 无法加载模块
[ 2011-11-24T16:25:49+08:00 ] ERR: (ThinkException) 无法加载模块
[ 2011-11-24T16:26:01+08:00 ] ERR: (ThinkException) 无法加载模块
[ 2011-11-24T16:26:13+08:00 ] ERR: (ThinkException) 无法加载模块
[ 2011-11-24T16:26:25+08:00 ] ERR: (ThinkException) 无法加载模块
[ 2011-11-24T16:26:37+08:00 ] ERR: (ThinkException) 无法加载模块
[ 2011-11-24T16:26:49+08:00 ] ERR: (ThinkException) 无法加载模块
[ 2011-11-24T16:27:01+08:00 ] ERR: (ThinkException) 无法加载模块
[ 2011-11-24T16:27:13+08:00 ] ERR: (ThinkException) 无法加载模块
[ 2011-11-24T16:27:25+08:00 ] ERR: (ThinkException) 无法加载模块
[ 2011-11-24T16:27:37+08:00 ] ERR: (ThinkException) 无法加载模块
[ 2011-11-24T16:27:49+08:00 ] ERR: (ThinkException) 无法加载模块
[ 2011-11-24T16:28:01+08:00 ] ERR: (ThinkException) 无法加载模块
[ 2011-11-24T16:28:13+08:00 ] ERR: (ThinkException) 无法加载模块
[ 2011-11-24T16:28:25+08:00 ] ERR: (ThinkException) 无法加载模块
[ 2011-11-24T16:28:37+08:00 ] ERR: (ThinkException) 无法加载模块
[ 2011-11-24T16:28:49+08:00 ] ERR: (ThinkException) 无法加载模块
[ 2011-11-24T16:29:01+08:00 ] ERR: (ThinkException) 无法加载模块
[ 2011-11-24T16:29:13+08:00 ] ERR: (ThinkException) 无法加载模块
[ 2011-11-24T16:29:25+08:00 ] ERR: (ThinkException) 无法加载模块
[ 2011-11-24T16:29:37+08:00 ] ERR: (ThinkException) 无法加载模块
[ 2011-11-24T16:29:49+08:00 ] ERR: (ThinkException) 无法加载模块
[ 2011-11-24T16:30:01+08:00 ] ERR: (ThinkException) 无法加载模块
[ 2011-11-24T16:30:13+08:00 ] ERR: (ThinkException) 无法加载模块
[ 2011-11-24T16:30:25+08:00 ] ERR: (ThinkException) 无法加载模块
[ 2011-11-24T16:30:37+08:00 ] ERR: (ThinkException) 无法加载模块
[ 2011-11-24T16:30:49+08:00 ] ERR: (ThinkException) 无法加载模块
[ 2011-11-24T16:31:01+08:00 ] ERR: (ThinkException) 无法加载模块
[ 2011-11-24T16:31:13+08:00 ] ERR: (ThinkException) 无法加载模块
[ 2011-11-24T16:31:25+08:00 ] ERR: (ThinkException) 无法加载模块
[ 2011-11-24T16:31:37+08:00 ] ERR: (ThinkException) 无法加载模块
[ 2011-11-24T16:31:49+08:00 ] ERR: (ThinkException) 无法加载模块
[ 2011-11-24T16:32:01+08:00 ] ERR: (ThinkException) 无法加载模块
[ 2011-11-24T16:32:13+08:00 ] ERR: (ThinkException) 无法加载模块
[ 2011-11-24T16:32:25+08:00 ] ERR: (ThinkException) 无法加载模块
[ 2011-11-24T16:32:37+08:00 ] ERR: (ThinkException) 无法加载模块
[ 2011-11-24T16:32:49+08:00 ] ERR: (ThinkException) 无法加载模块
[ 2011-11-24T16:33:01+08:00 ] ERR: (ThinkException) 无法加载模块
[ 2011-11-24T16:33:14+08:00 ] ERR: (ThinkException) 无法加载模块
[ 2011-11-24T16:33:26+08:00 ] ERR: (ThinkException) 无法加载模块
[ 2011-11-24T16:33:38+08:00 ] ERR: (ThinkException) 无法加载模块
[ 2011-11-24T16:33:50+08:00 ] ERR: (ThinkException) 无法加载模块
[ 2011-11-24T16:34:02+08:00 ] ERR: (ThinkException) 无法加载模块
[ 2011-11-24T16:34:14+08:00 ] ERR: (ThinkException) 无法加载模块
[ 2011-11-24T16:34:26+08:00 ] ERR: (ThinkException) 无法加载模块
[ 2011-11-24T16:34:38+08:00 ] ERR: (ThinkException) 无法加载模块
[ 2011-11-24T16:34:50+08:00 ] ERR: (ThinkException) 无法加载模块
[ 2011-11-24T16:35:02+08:00 ] ERR: (ThinkException) 无法加载模块
[ 2011-11-24T16:35:14+08:00 ] ERR: (ThinkException) 无法加载模块
[ 2011-11-24T16:35:26+08:00 ] ERR: (ThinkException) 无法加载模块
[ 2011-11-24T16:35:38+08:00 ] ERR: (ThinkException) 无法加载模块
[ 2011-11-24T16:35:50+08:00 ] ERR: (ThinkException) 无法加载模块
[ 2011-11-24T16:36:02+08:00 ] ERR: (ThinkException) 无法加载模块
[ 2011-11-24T16:36:14+08:00 ] ERR: (ThinkException) 无法加载模块
[ 2011-11-24T16:36:26+08:00 ] ERR: (ThinkException) 无法加载模块
[ 2011-11-24T16:36:38+08:00 ] ERR: (ThinkException) 无法加载模块
[ 2011-11-24T16:36:50+08:00 ] ERR: (ThinkException) 无法加载模块
[ 2011-11-24T16:37:02+08:00 ] ERR: (ThinkException) 无法加载模块
[ 2011-11-24T16:37:14+08:00 ] ERR: (ThinkException) 无法加载模块
[ 2011-11-24T16:37:26+08:00 ] ERR: (ThinkException) 无法加载模块
[ 2011-11-24T16:37:38+08:00 ] ERR: (ThinkException) 无法加载模块
[ 2011-11-24T16:37:50+08:00 ] ERR: (ThinkException) 无法加载模块
[ 2011-11-24T16:38:02+08:00 ] ERR: (ThinkException) 无法加载模块
[ 2011-11-24T16:38:14+08:00 ] ERR: (ThinkException) 无法加载模块
[ 2011-11-24T16:38:26+08:00 ] ERR: (ThinkException) 无法加载模块
[ 2011-11-24T16:38:38+08:00 ] ERR: (ThinkException) 无法加载模块
[ 2011-11-24T16:38:50+08:00 ] ERR: (ThinkException) 无法加载模块
[ 2011-11-24T16:39:02+08:00 ] ERR: (ThinkException) 无法加载模块
[ 2011-11-24T16:39:14+08:00 ] ERR: (ThinkException) 无法加载模块
[ 2011-11-24T16:39:26+08:00 ] ERR: (ThinkException) 无法加载模块
[ 2011-11-24T16:39:38+08:00 ] ERR: (ThinkException) 无法加载模块
[ 2011-11-24T16:39:50+08:00 ] ERR: (ThinkException) 无法加载模块
[ 2011-11-24T16:40:02+08:00 ] ERR: (ThinkException) 无法加载模块
[ 2011-11-24T16:40:14+08:00 ] ERR: (ThinkException) 无法加载模块
[ 2011-11-24T16:40:26+08:00 ] ERR: (ThinkException) 无法加载模块
[ 2011-11-24T16:40:38+08:00 ] ERR: (ThinkException) 无法加载模块
[ 2011-11-24T16:40:50+08:00 ] ERR: (ThinkException) 无法加载模块
[ 2011-11-24T16:41:02+08:00 ] ERR: (ThinkException) 无法加载模块
[ 2011-11-24T16:41:14+08:00 ] ERR: (ThinkException) 无法加载模块
[ 2011-11-24T16:41:26+08:00 ] ERR: (ThinkException) 无法加载模块
[ 2011-11-24T16:41:38+08:00 ] ERR: (ThinkException) 无法加载模块
[ 2011-11-24T16:41:50+08:00 ] ERR: (ThinkException) 无法加载模块
[ 2011-11-24T16:42:02+08:00 ] ERR: (ThinkException) 无法加载模块
[ 2011-11-24T16:42:15+08:00 ] ERR: (ThinkException) 无法加载模块
[ 2011-11-24T16:42:27+08:00 ] ERR: (ThinkException) 无法加载模块
[ 2011-11-24T16:42:39+08:00 ] ERR: (ThinkException) 无法加载模块
[ 2011-11-24T16:42:51+08:00 ] ERR: (ThinkException) 无法加载模块
[ 2011-11-24T16:43:03+08:00 ] ERR: (ThinkException) 无法加载模块
[ 2011-11-24T16:43:15+08:00 ] ERR: (ThinkException) 无法加载模块
[ 2011-11-24T16:43:27+08:00 ] ERR: (ThinkException) 无法加载模块
[ 2011-11-24T16:43:39+08:00 ] ERR: (ThinkException) 无法加载模块
[ 2011-11-24T16:43:51+08:00 ] ERR: (ThinkException) 无法加载模块
[ 2011-11-24T16:44:03+08:00 ] ERR: (ThinkException) 无法加载模块
[ 2011-11-24T16:44:15+08:00 ] ERR: (ThinkException) 无法加载模块
[ 2011-11-24T16:44:27+08:00 ] ERR: (ThinkException) 无法加载模块
[ 2011-11-24T16:44:39+08:00 ] ERR: (ThinkException) 无法加载模块
[ 2011-11-24T16:44:51+08:00 ] ERR: (ThinkException) 无法加载模块
[ 2011-11-24T16:45:03+08:00 ] ERR: (ThinkException) 无法加载模块
[ 2011-11-24T16:45:15+08:00 ] ERR: (ThinkException) 无法加载模块
[ 2011-11-24T16:45:27+08:00 ] ERR: (ThinkException) 无法加载模块
[ 2011-11-24T16:45:39+08:00 ] ERR: (ThinkException) 无法加载模块
[ 2011-11-24T16:45:51+08:00 ] ERR: (ThinkException) 无法加载模块
[ 2011-11-24T16:46:03+08:00 ] ERR: (ThinkException) 无法加载模块
[ 2011-11-24T16:46:15+08:00 ] ERR: (ThinkException) 无法加载模块
[ 2011-11-24T16:46:27+08:00 ] ERR: (ThinkException) 无法加载模块
[ 2011-11-24T16:46:39+08:00 ] ERR: (ThinkException) 无法加载模块
[ 2011-11-24T16:46:51+08:00 ] ERR: (ThinkException) 无法加载模块
[ 2011-11-24T16:47:03+08:00 ] ERR: (ThinkException) 无法加载模块
[ 2011-11-24T16:47:15+08:00 ] ERR: (ThinkException) 无法加载模块
[ 2011-11-24T16:47:27+08:00 ] ERR: (ThinkException) 无法加载模块
[ 2011-11-24T16:47:39+08:00 ] ERR: (ThinkException) 无法加载模块
[ 2011-11-24T16:47:51+08:00 ] ERR: (ThinkException) 无法加载模块
[ 2011-11-24T16:48:03+08:00 ] ERR: (ThinkException) 无法加载模块
[ 2011-11-24T16:48:15+08:00 ] ERR: (ThinkException) 无法加载模块
[ 2011-11-24T16:48:27+08:00 ] ERR: (ThinkException) 无法加载模块
[ 2011-11-24T16:48:39+08:00 ] ERR: (ThinkException) 无法加载模块
[ 2011-11-24T16:48:51+08:00 ] ERR: (ThinkException) 无法加载模块
[ 2011-11-24T16:49:03+08:00 ] ERR: (ThinkException) 无法加载模块
[ 2011-11-24T16:49:15+08:00 ] ERR: (ThinkException) 无法加载模块
[ 2011-11-24T16:49:27+08:00 ] ERR: (ThinkException) 无法加载模块
[ 2011-11-24T16:49:39+08:00 ] ERR: (ThinkException) 无法加载模块
[ 2011-11-24T16:49:51+08:00 ] ERR: (ThinkException) 无法加载模块
[ 2011-11-24T16:50:03+08:00 ] ERR: (ThinkException) 无法加载模块
[ 2011-11-24T16:50:15+08:00 ] ERR: (ThinkException) 无法加载模块
[ 2011-11-24T16:50:27+08:00 ] ERR: (ThinkException) 无法加载模块
[ 2011-11-24T16:50:39+08:00 ] ERR: (ThinkException) 无法加载模块
[ 2011-11-24T16:50:51+08:00 ] ERR: (ThinkException) 无法加载模块
[ 2011-11-24T16:51:03+08:00 ] ERR: (ThinkException) 无法加载模块
[ 2011-11-24T16:51:16+08:00 ] ERR: (ThinkException) 无法加载模块
[ 2011-11-24T16:51:28+08:00 ] ERR: (ThinkException) 无法加载模块
[ 2011-11-24T16:51:40+08:00 ] ERR: (ThinkException) 无法加载模块
[ 2011-11-24T16:51:52+08:00 ] ERR: (ThinkException) 无法加载模块
[ 2011-11-24T16:52:04+08:00 ] ERR: (ThinkException) 无法加载模块
[ 2011-11-24T16:52:16+08:00 ] ERR: (ThinkException) 无法加载模块
[ 2011-11-24T16:52:28+08:00 ] ERR: (ThinkException) 无法加载模块
[ 2011-11-24T16:52:40+08:00 ] ERR: (ThinkException) 无法加载模块
[ 2011-11-24T16:52:52+08:00 ] ERR: (ThinkException) 无法加载模块
[ 2011-11-24T16:53:04+08:00 ] ERR: (ThinkException) 无法加载模块
[ 2011-11-24T16:53:16+08:00 ] ERR: (ThinkException) 无法加载模块
[ 2011-11-24T16:53:28+08:00 ] ERR: (ThinkException) 无法加载模块
[ 2011-11-24T16:53:40+08:00 ] ERR: (ThinkException) 无法加载模块
[ 2011-11-24T16:53:52+08:00 ] ERR: (ThinkException) 无法加载模块
[ 2011-11-24T16:54:04+08:00 ] ERR: (ThinkException) 无法加载模块
[ 2011-11-24T16:54:16+08:00 ] ERR: (ThinkException) 无法加载模块
[ 2011-11-24T16:54:28+08:00 ] ERR: (ThinkException) 无法加载模块
[ 2011-11-24T16:54:40+08:00 ] ERR: (ThinkException) 无法加载模块
[ 2011-11-24T16:54:52+08:00 ] ERR: (ThinkException) 无法加载模块
[ 2011-11-24T16:55:04+08:00 ] ERR: (ThinkException) 无法加载模块
[ 2011-11-24T16:55:16+08:00 ] ERR: (ThinkException) 无法加载模块
[ 2011-11-24T16:55:28+08:00 ] ERR: (ThinkException) 无法加载模块
[ 2011-11-24T16:55:40+08:00 ] ERR: (ThinkException) 无法加载模块
[ 2011-11-24T16:55:52+08:00 ] ERR: (ThinkException) 无法加载模块
[ 2011-11-24T16:56:04+08:00 ] ERR: (ThinkException) 无法加载模块
[ 2011-11-24T16:56:16+08:00 ] ERR: (ThinkException) 无法加载模块
[ 2011-11-24T16:56:28+08:00 ] ERR: (ThinkException) 无法加载模块
[ 2011-11-24T16:56:40+08:00 ] ERR: (ThinkException) 无法加载模块
[ 2011-11-24T16:56:52+08:00 ] ERR: (ThinkException) 无法加载模块
[ 2011-11-24T16:57:04+08:00 ] ERR: (ThinkException) 无法加载模块
[ 2011-11-24T16:57:16+08:00 ] ERR: (ThinkException) 无法加载模块
[ 2011-11-24T16:57:28+08:00 ] ERR: (ThinkException) 无法加载模块
[ 2011-11-24T16:57:40+08:00 ] ERR: (ThinkException) 无法加载模块
[ 2011-11-24T16:57:52+08:00 ] ERR: (ThinkException) 无法加载模块
[ 2011-11-24T16:58:04+08:00 ] ERR: (ThinkException) 无法加载模块
[ 2011-11-24T16:58:16+08:00 ] ERR: (ThinkException) 无法加载模块
[ 2011-11-24T16:58:28+08:00 ] ERR: (ThinkException) 无法加载模块
[ 2011-11-24T16:58:40+08:00 ] ERR: (ThinkException) 无法加载模块
[ 2011-11-24T16:58:52+08:00 ] ERR: (ThinkException) 无法加载模块
[ 2011-11-24T16:59:04+08:00 ] ERR: (ThinkException) 无法加载模块
[ 2011-11-24T16:59:16+08:00 ] ERR: (ThinkException) 无法加载模块
[ 2011-11-24T16:59:28+08:00 ] ERR: (ThinkException) 无法加载模块
[ 2011-11-24T16:59:40+08:00 ] ERR: (ThinkException) 无法加载模块
[ 2011-11-24T16:59:52+08:00 ] ERR: (ThinkException) 无法加载模块
[ 2011-11-24T17:00:05+08:00 ] ERR: (ThinkException) 无法加载模块
[ 2011-11-24T17:00:17+08:00 ] ERR: (ThinkException) 无法加载模块
[ 2011-11-24T17:00:29+08:00 ] ERR: (ThinkException) 无法加载模块
[ 2011-11-24T17:00:41+08:00 ] ERR: (ThinkException) 无法加载模块
[ 2011-11-24T17:00:53+08:00 ] ERR: (ThinkException) 无法加载模块
[ 2011-11-24T17:01:05+08:00 ] ERR: (ThinkException) 无法加载模块
[ 2011-11-24T17:01:17+08:00 ] ERR: (ThinkException) 无法加载模块
[ 2011-11-24T17:01:29+08:00 ] ERR: (ThinkException) 无法加载模块
[ 2011-11-24T17:01:41+08:00 ] ERR: (ThinkException) 无法加载模块
[ 2011-11-24T17:01:53+08:00 ] ERR: (ThinkException) 无法加载模块
[ 2011-11-24T17:02:05+08:00 ] ERR: (ThinkException) 无法加载模块
[ 2011-11-24T17:02:17+08:00 ] ERR: (ThinkException) 无法加载模块
[ 2011-11-24T17:02:29+08:00 ] ERR: (ThinkException) 无法加载模块
[ 2011-11-24T17:02:41+08:00 ] ERR: (ThinkException) 无法加载模块
[ 2011-11-24T17:02:53+08:00 ] ERR: (ThinkException) 无法加载模块
[ 2011-11-24T17:03:05+08:00 ] ERR: (ThinkException) 无法加载模块
[ 2011-11-24T17:03:17+08:00 ] ERR: (ThinkException) 无法加载模块
[ 2011-11-24T17:03:29+08:00 ] ERR: (ThinkException) 无法加载模块
[ 2011-11-24T17:03:41+08:00 ] ERR: (ThinkException) 无法加载模块
[ 2011-11-24T17:03:53+08:00 ] ERR: (ThinkException) 无法加载模块
[ 2011-11-24T17:04:05+08:00 ] ERR: (ThinkException) 无法加载模块
[ 2011-11-24T17:04:17+08:00 ] ERR: (ThinkException) 无法加载模块
[ 2011-11-24T17:04:29+08:00 ] ERR: (ThinkException) 无法加载模块
[ 2011-11-24T17:04:41+08:00 ] ERR: (ThinkException) 无法加载模块
[ 2011-11-24T17:04:53+08:00 ] ERR: (ThinkException) 无法加载模块
[ 2011-11-24T17:05:05+08:00 ] ERR: (ThinkException) 无法加载模块
[ 2011-11-24T17:05:17+08:00 ] ERR: (ThinkException) 无法加载模块
[ 2011-11-24T17:05:29+08:00 ] ERR: (ThinkException) 无法加载模块
[ 2011-11-24T17:05:41+08:00 ] ERR: (ThinkException) 无法加载模块
[ 2011-11-24T17:05:53+08:00 ] ERR: (ThinkException) 无法加载模块
[ 2011-11-24T17:06:05+08:00 ] ERR: (ThinkException) 无法加载模块
[ 2011-11-24T17:06:17+08:00 ] ERR: (ThinkException) 无法加载模块
[ 2011-11-24T17:06:29+08:00 ] ERR: (ThinkException) 无法加载模块
[ 2011-11-24T17:06:41+08:00 ] ERR: (ThinkException) 无法加载模块
[ 2011-11-24T17:06:53+08:00 ] ERR: (ThinkException) 无法加载模块
[ 2011-11-24T17:07:05+08:00 ] ERR: (ThinkException) 无法加载模块
[ 2011-11-24T17:07:17+08:00 ] ERR: (ThinkException) 无法加载模块
[ 2011-11-24T17:07:29+08:00 ] ERR: (ThinkException) 无法加载模块
[ 2011-11-24T17:07:41+08:00 ] ERR: (ThinkException) 无法加载模块
[ 2011-11-24T17:07:53+08:00 ] ERR: (ThinkException) 无法加载模块
[ 2011-11-24T17:08:05+08:00 ] ERR: (ThinkException) 无法加载模块
[ 2011-11-24T17:08:17+08:00 ] ERR: (ThinkException) 无法加载模块
[ 2011-11-24T17:08:29+08:00 ] ERR: (ThinkException) 无法加载模块
[ 2011-11-24T17:08:41+08:00 ] ERR: (ThinkException) 无法加载模块
[ 2011-11-24T17:08:54+08:00 ] ERR: (ThinkException) 无法加载模块
[ 2011-11-24T17:09:06+08:00 ] ERR: (ThinkException) 无法加载模块
[ 2011-11-24T17:09:18+08:00 ] ERR: (ThinkException) 无法加载模块
[ 2011-11-24T17:09:30+08:00 ] ERR: (ThinkException) 无法加载模块
[ 2011-11-24T17:09:42+08:00 ] ERR: (ThinkException) 无法加载模块
[ 2011-11-24T17:09:54+08:00 ] ERR: (ThinkException) 无法加载模块
[ 2011-11-24T17:10:06+08:00 ] ERR: (ThinkException) 无法加载模块
[ 2011-11-24T17:10:18+08:00 ] ERR: (ThinkException) 无法加载模块
[ 2011-11-24T17:10:30+08:00 ] ERR: (ThinkException) 无法加载模块
[ 2011-11-24T17:10:42+08:00 ] ERR: (ThinkException) 无法加载模块
[ 2011-11-24T17:10:54+08:00 ] ERR: (ThinkException) 无法加载模块
[ 2011-11-24T17:11:06+08:00 ] ERR: (ThinkException) 无法加载模块
[ 2011-11-24T17:11:18+08:00 ] ERR: (ThinkException) 无法加载模块
[ 2011-11-24T17:11:30+08:00 ] ERR: (ThinkException) 无法加载模块
[ 2011-11-24T17:11:42+08:00 ] ERR: (ThinkException) 无法加载模块
[ 2011-11-24T17:11:54+08:00 ] ERR: (ThinkException) 无法加载模块
[ 2011-11-24T17:12:06+08:00 ] ERR: (ThinkException) 无法加载模块
[ 2011-11-24T17:12:18+08:00 ] ERR: (ThinkException) 无法加载模块
[ 2011-11-24T17:12:30+08:00 ] ERR: (ThinkException) 无法加载模块
[ 2011-11-24T17:12:42+08:00 ] ERR: (ThinkException) 无法加载模块
[ 2011-11-24T17:12:54+08:00 ] ERR: (ThinkException) 无法加载模块
[ 2011-11-24T17:13:06+08:00 ] ERR: (ThinkException) 无法加载模块
[ 2011-11-24T17:13:18+08:00 ] ERR: (ThinkException) 无法加载模块
[ 2011-11-24T17:13:30+08:00 ] ERR: (ThinkException) 无法加载模块
[ 2011-11-24T17:13:42+08:00 ] ERR: (ThinkException) 无法加载模块
[ 2011-11-24T17:13:54+08:00 ] ERR: (ThinkException) 无法加载模块
[ 2011-11-24T17:14:06+08:00 ] ERR: (ThinkException) 无法加载模块
[ 2011-11-24T17:14:18+08:00 ] ERR: (ThinkException) 无法加载模块
[ 2011-11-24T17:14:30+08:00 ] ERR: (ThinkException) 无法加载模块
[ 2011-11-24T17:14:42+08:00 ] ERR: (ThinkException) 无法加载模块
[ 2011-11-24T17:14:54+08:00 ] ERR: (ThinkException) 无法加载模块
[ 2011-11-24T17:15:06+08:00 ] ERR: (ThinkException) 无法加载模块
[ 2011-11-24T17:15:18+08:00 ] ERR: (ThinkException) 无法加载模块
[ 2011-11-24T17:15:30+08:00 ] ERR: (ThinkException) 无法加载模块
[ 2011-11-24T17:15:42+08:00 ] ERR: (ThinkException) 无法加载模块
[ 2011-11-24T17:15:54+08:00 ] ERR: (ThinkException) 无法加载模块
[ 2011-11-24T17:16:06+08:00 ] ERR: (ThinkException) 无法加载模块
[ 2011-11-24T17:16:18+08:00 ] ERR: (ThinkException) 无法加载模块
[ 2011-11-24T17:16:30+08:00 ] ERR: (ThinkException) 无法加载模块
[ 2011-11-24T17:16:42+08:00 ] ERR: (ThinkException) 无法加载模块
[ 2011-11-24T17:16:54+08:00 ] ERR: (ThinkException) 无法加载模块
[ 2011-11-24T17:17:06+08:00 ] ERR: (ThinkException) 无法加载模块
[ 2011-11-24T17:17:18+08:00 ] ERR: (ThinkException) 无法加载模块
[ 2011-11-24T17:17:30+08:00 ] ERR: (ThinkException) 无法加载模块
[ 2011-11-24T17:17:42+08:00 ] ERR: (ThinkException) 无法加载模块
[ 2011-11-24T17:17:54+08:00 ] ERR: (ThinkException) 无法加载模块
[ 2011-11-24T17:18:07+08:00 ] ERR: (ThinkException) 无法加载模块
[ 2011-11-24T17:18:19+08:00 ] ERR: (ThinkException) 无法加载模块
[ 2011-11-24T17:18:31+08:00 ] ERR: (ThinkException) 无法加载模块
[ 2011-11-24T17:18:43+08:00 ] ERR: (ThinkException) 无法加载模块
[ 2011-11-24T17:18:55+08:00 ] ERR: (ThinkException) 无法加载模块
[ 2011-11-24T17:19:07+08:00 ] ERR: (ThinkException) 无法加载模块
[ 2011-11-24T17:19:19+08:00 ] ERR: (ThinkException) 无法加载模块
[ 2011-11-24T17:19:31+08:00 ] ERR: (ThinkException) 无法加载模块
[ 2011-11-24T17:19:43+08:00 ] ERR: (ThinkException) 无法加载模块
[ 2011-11-24T17:19:55+08:00 ] ERR: (ThinkException) 无法加载模块
[ 2011-11-24T17:20:07+08:00 ] ERR: (ThinkException) 无法加载模块
[ 2011-11-24T17:20:19+08:00 ] ERR: (ThinkException) 无法加载模块
[ 2011-11-24T17:20:31+08:00 ] ERR: (ThinkException) 无法加载模块
[ 2011-11-24T17:20:43+08:00 ] ERR: (ThinkException) 无法加载模块
[ 2011-11-24T17:20:55+08:00 ] ERR: (ThinkException) 无法加载模块
[ 2011-11-24T17:21:07+08:00 ] ERR: (ThinkException) 无法加载模块
[ 2011-11-24T17:21:19+08:00 ] ERR: (ThinkException) 无法加载模块
[ 2011-11-24T17:21:31+08:00 ] ERR: (ThinkException) 无法加载模块
[ 2011-11-24T17:21:43+08:00 ] ERR: (ThinkException) 无法加载模块
[ 2011-11-24T17:21:55+08:00 ] ERR: (ThinkException) 无法加载模块
[ 2011-11-24T17:22:07+08:00 ] ERR: (ThinkException) 无法加载模块
[ 2011-11-24T17:22:19+08:00 ] ERR: (ThinkException) 无法加载模块
[ 2011-11-24T17:22:31+08:00 ] ERR: (ThinkException) 无法加载模块
[ 2011-11-24T17:22:43+08:00 ] ERR: (ThinkException) 无法加载模块
[ 2011-11-24T17:22:55+08:00 ] ERR: (ThinkException) 无法加载模块
[ 2011-11-24T17:23:07+08:00 ] ERR: (ThinkException) 无法加载模块
[ 2011-11-24T17:23:19+08:00 ] ERR: (ThinkException) 无法加载模块
[ 2011-11-24T17:23:31+08:00 ] ERR: (ThinkException) 无法加载模块
[ 2011-11-24T17:23:43+08:00 ] ERR: (ThinkException) 无法加载模块
[ 2011-11-24T17:23:55+08:00 ] ERR: (ThinkException) 无法加载模块
[ 2011-11-24T17:24:07+08:00 ] ERR: (ThinkException) 无法加载模块
[ 2011-11-24T17:24:19+08:00 ] ERR: (ThinkException) 无法加载模块
[ 2011-11-24T17:24:31+08:00 ] ERR: (ThinkException) 无法加载模块
[ 2011-11-24T17:24:43+08:00 ] ERR: (ThinkException) 无法加载模块
[ 2011-11-24T17:24:55+08:00 ] ERR: (ThinkException) 无法加载模块
[ 2011-11-24T17:25:07+08:00 ] ERR: (ThinkException) 无法加载模块
[ 2011-11-24T17:25:19+08:00 ] ERR: (ThinkException) 无法加载模块
[ 2011-11-24T17:25:31+08:00 ] ERR: (ThinkException) 无法加载模块
[ 2011-11-24T17:25:43+08:00 ] ERR: (ThinkException) 无法加载模块
[ 2011-11-24T17:25:55+08:00 ] ERR: (ThinkException) 无法加载模块
[ 2011-11-24T17:26:07+08:00 ] ERR: (ThinkException) 无法加载模块
[ 2011-11-24T17:26:19+08:00 ] ERR: (ThinkException) 无法加载模块
[ 2011-11-24T17:26:31+08:00 ] ERR: (ThinkException) 无法加载模块
[ 2011-11-24T17:26:43+08:00 ] ERR: (ThinkException) 无法加载模块
[ 2011-11-24T17:26:56+08:00 ] ERR: (ThinkException) 无法加载模块
[ 2011-11-24T17:27:08+08:00 ] ERR: (ThinkException) 无法加载模块
[ 2011-11-24T17:27:20+08:00 ] ERR: (ThinkException) 无法加载模块
[ 2011-11-24T17:27:32+08:00 ] ERR: (ThinkException) 无法加载模块
[ 2011-11-24T17:27:44+08:00 ] ERR: (ThinkException) 无法加载模块
[ 2011-11-24T17:27:56+08:00 ] ERR: (ThinkException) 无法加载模块
[ 2011-11-24T17:28:08+08:00 ] ERR: (ThinkException) 无法加载模块
[ 2011-11-24T17:28:20+08:00 ] ERR: (ThinkException) 无法加载模块
[ 2011-11-24T17:28:32+08:00 ] ERR: (ThinkException) 无法加载模块
[ 2011-11-24T17:28:44+08:00 ] ERR: (ThinkException) 无法加载模块
[ 2011-11-24T17:28:56+08:00 ] ERR: (ThinkException) 无法加载模块
[ 2011-11-24T17:29:08+08:00 ] ERR: (ThinkException) 无法加载模块
[ 2011-11-24T17:29:20+08:00 ] ERR: (ThinkException) 无法加载模块
[ 2011-11-24T17:29:32+08:00 ] ERR: (ThinkException) 无法加载模块
[ 2011-11-24T17:29:44+08:00 ] ERR: (ThinkException) 无法加载模块
[ 2011-11-24T17:29:56+08:00 ] ERR: (ThinkException) 无法加载模块
[ 2011-11-24T17:30:08+08:00 ] ERR: (ThinkException) 无法加载模块
[ 2011-11-24T17:30:20+08:00 ] ERR: (ThinkException) 无法加载模块
[ 2011-11-24T17:30:32+08:00 ] ERR: (ThinkException) 无法加载模块
[ 2011-11-24T17:30:44+08:00 ] ERR: (ThinkException) 无法加载模块
[ 2011-11-24T17:30:56+08:00 ] ERR: (ThinkException) 无法加载模块
[ 2011-11-24T17:31:08+08:00 ] ERR: (ThinkException) 无法加载模块
[ 2011-11-24T17:31:20+08:00 ] ERR: (ThinkException) 无法加载模块
[ 2011-11-24T17:31:32+08:00 ] ERR: (ThinkException) 无法加载模块
[ 2011-11-24T17:31:44+08:00 ] ERR: (ThinkException) 无法加载模块
[ 2011-11-24T17:31:56+08:00 ] ERR: (ThinkException) 无法加载模块
[ 2011-11-24T17:32:08+08:00 ] ERR: (ThinkException) 无法加载模块
[ 2011-11-24T17:32:20+08:00 ] ERR: (ThinkException) 无法加载模块
[ 2011-11-24T17:32:32+08:00 ] ERR: (ThinkException) 无法加载模块
[ 2011-11-24T17:32:44+08:00 ] ERR: (ThinkException) 无法加载模块
[ 2011-11-24T17:32:56+08:00 ] ERR: (ThinkException) 无法加载模块
[ 2011-11-24T17:33:08+08:00 ] ERR: (ThinkException) 无法加载模块
[ 2011-11-24T17:33:20+08:00 ] ERR: (ThinkException) 无法加载模块
[ 2011-11-24T17:33:32+08:00 ] ERR: (ThinkException) 无法加载模块
[ 2011-11-24T17:33:44+08:00 ] ERR: (ThinkException) 无法加载模块
[ 2011-11-24T17:33:56+08:00 ] ERR: (ThinkException) 无法加载模块
[ 2011-11-24T17:34:08+08:00 ] ERR: (ThinkException) 无法加载模块
[ 2011-11-24T17:34:20+08:00 ] ERR: (ThinkException) 无法加载模块
[ 2011-11-24T17:34:32+08:00 ] ERR: (ThinkException) 无法加载模块
[ 2011-11-24T17:34:44+08:00 ] ERR: (ThinkException) 无法加载模块
[ 2011-11-24T17:34:56+08:00 ] ERR: (ThinkException) 无法加载模块
[ 2011-11-24T17:35:08+08:00 ] ERR: (ThinkException) 无法加载模块
[ 2011-11-24T17:35:20+08:00 ] ERR: (ThinkException) 无法加载模块
[ 2011-11-24T17:35:32+08:00 ] ERR: (ThinkException) 无法加载模块
[ 2011-11-24T17:35:44+08:00 ] ERR: (ThinkException) 无法加载模块
[ 2011-11-24T17:35:57+08:00 ] ERR: (ThinkException) 无法加载模块
[ 2011-11-24T17:36:09+08:00 ] ERR: (ThinkException) 无法加载模块
[ 2011-11-24T17:36:21+08:00 ] ERR: (ThinkException) 无法加载模块
[ 2011-11-24T17:36:33+08:00 ] ERR: (ThinkException) 无法加载模块
[ 2011-11-24T17:36:45+08:00 ] ERR: (ThinkException) 无法加载模块
[ 2011-11-24T17:36:57+08:00 ] ERR: (ThinkException) 无法加载模块
[ 2011-11-24T17:37:09+08:00 ] ERR: (ThinkException) 无法加载模块
[ 2011-11-24T17:37:21+08:00 ] ERR: (ThinkException) 无法加载模块
[ 2011-11-24T17:37:33+08:00 ] ERR: (ThinkException) 无法加载模块
[ 2011-11-24T17:37:45+08:00 ] ERR: (ThinkException) 无法加载模块
[ 2011-11-24T17:37:57+08:00 ] ERR: (ThinkException) 无法加载模块
[ 2011-11-24T17:38:09+08:00 ] ERR: (ThinkException) 无法加载模块
[ 2011-11-24T17:38:21+08:00 ] ERR: (ThinkException) 无法加载模块
[ 2011-11-24T17:38:33+08:00 ] ERR: (ThinkException) 无法加载模块
[ 2011-11-24T17:38:45+08:00 ] ERR: (ThinkException) 无法加载模块
[ 2011-11-24T17:38:57+08:00 ] ERR: (ThinkException) 无法加载模块
[ 2011-11-24T17:39:09+08:00 ] ERR: (ThinkException) 无法加载模块
[ 2011-11-24T17:39:21+08:00 ] ERR: (ThinkException) 无法加载模块
[ 2011-11-24T17:39:33+08:00 ] ERR: (ThinkException) 无法加载模块
[ 2011-11-24T17:39:45+08:00 ] ERR: (ThinkException) 无法加载模块
[ 2011-11-24T17:39:57+08:00 ] ERR: (ThinkException) 无法加载模块
[ 2011-11-24T17:40:09+08:00 ] ERR: (ThinkException) 无法加载模块
[ 2011-11-24T17:40:21+08:00 ] ERR: (ThinkException) 无法加载模块
[ 2011-11-24T17:40:33+08:00 ] ERR: (ThinkException) 无法加载模块
[ 2011-11-24T17:40:45+08:00 ] ERR: (ThinkException) 无法加载模块
[ 2011-11-24T17:40:57+08:00 ] ERR: (ThinkException) 无法加载模块
[ 2011-11-24T17:41:09+08:00 ] ERR: (ThinkException) 无法加载模块
[ 2011-11-24T17:41:21+08:00 ] ERR: (ThinkException) 无法加载模块
[ 2011-11-24T17:41:33+08:00 ] ERR: (ThinkException) 无法加载模块
[ 2011-11-24T17:41:45+08:00 ] ERR: (ThinkException) 无法加载模块
[ 2011-11-24T17:41:57+08:00 ] ERR: (ThinkException) 无法加载模块
[ 2011-11-24T17:42:09+08:00 ] ERR: (ThinkException) 无法加载模块
[ 2011-11-24T17:42:21+08:00 ] ERR: (ThinkException) 无法加载模块
[ 2011-11-24T17:42:33+08:00 ] ERR: (ThinkException) 无法加载模块
[ 2011-11-24T17:42:45+08:00 ] ERR: (ThinkException) 无法加载模块
[ 2011-11-24T17:42:57+08:00 ] ERR: (ThinkException) 无法加载模块
[ 2011-11-24T17:43:09+08:00 ] ERR: (ThinkException) 无法加载模块
[ 2011-11-24T17:43:21+08:00 ] ERR: (ThinkException) 无法加载模块
[ 2011-11-24T17:43:33+08:00 ] ERR: (ThinkException) 无法加载模块
[ 2011-11-24T17:43:45+08:00 ] ERR: (ThinkException) 无法加载模块
[ 2011-11-24T17:43:57+08:00 ] ERR: (ThinkException) 无法加载模块
[ 2011-11-24T17:44:09+08:00 ] ERR: (ThinkException) 无法加载模块
[ 2011-11-24T17:44:21+08:00 ] ERR: (ThinkException) 无法加载模块
[ 2011-11-24T17:44:33+08:00 ] ERR: (ThinkException) 无法加载模块
[ 2011-11-24T17:44:45+08:00 ] ERR: (ThinkException) 无法加载模块
[ 2011-11-24T17:44:58+08:00 ] ERR: (ThinkException) 无法加载模块
[ 2011-11-24T17:45:10+08:00 ] ERR: (ThinkException) 无法加载模块
[ 2011-11-24T17:45:22+08:00 ] ERR: (ThinkException) 无法加载模块
[ 2011-11-24T17:45:34+08:00 ] ERR: (ThinkException) 无法加载模块
[ 2011-11-24T17:45:46+08:00 ] ERR: (ThinkException) 无法加载模块
[ 2011-11-24T17:45:58+08:00 ] ERR: (ThinkException) 无法加载模块
[ 2011-11-24T17:46:10+08:00 ] ERR: (ThinkException) 无法加载模块
[ 2011-11-24T17:46:22+08:00 ] ERR: (ThinkException) 无法加载模块
[ 2011-11-24T17:46:34+08:00 ] ERR: (ThinkException) 无法加载模块
[ 2011-11-24T17:46:46+08:00 ] ERR: (ThinkException) 无法加载模块
[ 2011-11-24T17:46:58+08:00 ] ERR: (ThinkException) 无法加载模块
[ 2011-11-24T17:47:10+08:00 ] ERR: (ThinkException) 无法加载模块
[ 2011-11-24T17:47:22+08:00 ] ERR: (ThinkException) 无法加载模块
[ 2011-11-24T17:47:34+08:00 ] ERR: (ThinkException) 无法加载模块
[ 2011-11-24T17:47:46+08:00 ] ERR: (ThinkException) 无法加载模块
[ 2011-11-24T17:47:58+08:00 ] ERR: (ThinkException) 无法加载模块
[ 2011-11-24T17:48:10+08:00 ] ERR: (ThinkException) 无法加载模块
[ 2011-11-24T17:48:22+08:00 ] ERR: (ThinkException) 无法加载模块
[ 2011-11-24T17:48:34+08:00 ] ERR: (ThinkException) 无法加载模块
[ 2011-11-24T17:48:46+08:00 ] ERR: (ThinkException) 无法加载模块
[ 2011-11-24T17:48:58+08:00 ] ERR: (ThinkException) 无法加载模块
[ 2011-11-24T17:49:10+08:00 ] ERR: (ThinkException) 无法加载模块
[ 2011-11-24T17:49:22+08:00 ] ERR: (ThinkException) 无法加载模块
[ 2011-11-24T17:49:34+08:00 ] ERR: (ThinkException) 无法加载模块
[ 2011-11-24T17:49:46+08:00 ] ERR: (ThinkException) 无法加载模块
[ 2011-11-24T17:49:58+08:00 ] ERR: (ThinkException) 无法加载模块
[ 2011-11-24T17:50:10+08:00 ] ERR: (ThinkException) 无法加载模块
[ 2011-11-24T17:50:22+08:00 ] ERR: (ThinkException) 无法加载模块
[ 2011-11-24T17:50:34+08:00 ] ERR: (ThinkException) 无法加载模块
[ 2011-11-24T17:50:46+08:00 ] ERR: (ThinkException) 无法加载模块
[ 2011-11-24T17:50:58+08:00 ] ERR: (ThinkException) 无法加载模块
[ 2011-11-24T17:51:10+08:00 ] ERR: (ThinkException) 无法加载模块
[ 2011-11-24T17:51:22+08:00 ] ERR: (ThinkException) 无法加载模块
[ 2011-11-24T17:51:34+08:00 ] ERR: (ThinkException) 无法加载模块
[ 2011-11-24T17:51:46+08:00 ] ERR: (ThinkException) 无法加载模块
[ 2011-11-24T17:51:58+08:00 ] ERR: (ThinkException) 无法加载模块
[ 2011-11-24T17:52:10+08:00 ] ERR: (ThinkException) 无法加载模块
[ 2011-11-24T17:52:22+08:00 ] ERR: (ThinkException) 无法加载模块
[ 2011-11-24T17:52:34+08:00 ] ERR: (ThinkException) 无法加载模块
[ 2011-11-24T17:52:46+08:00 ] ERR: (ThinkException) 无法加载模块
[ 2011-11-24T17:52:58+08:00 ] ERR: (ThinkException) 无法加载模块
[ 2011-11-24T17:53:10+08:00 ] ERR: (ThinkException) 无法加载模块
[ 2011-11-24T17:53:22+08:00 ] ERR: (ThinkException) 无法加载模块
[ 2011-11-24T17:53:35+08:00 ] ERR: (ThinkException) 无法加载模块
[ 2011-11-24T17:53:47+08:00 ] ERR: (ThinkException) 无法加载模块
[ 2011-11-24T17:53:59+08:00 ] ERR: (ThinkException) 无法加载模块
[ 2011-11-24T17:54:11+08:00 ] ERR: (ThinkException) 无法加载模块
[ 2011-11-24T17:54:23+08:00 ] ERR: (ThinkException) 无法加载模块
[ 2011-11-24T17:54:35+08:00 ] ERR: (ThinkException) 无法加载模块
[ 2011-11-24T17:54:47+08:00 ] ERR: (ThinkException) 无法加载模块
[ 2011-11-24T17:54:59+08:00 ] ERR: (ThinkException) 无法加载模块
[ 2011-11-24T17:55:11+08:00 ] ERR: (ThinkException) 无法加载模块
[ 2011-11-24T17:55:23+08:00 ] ERR: (ThinkException) 无法加载模块
[ 2011-11-24T17:55:35+08:00 ] ERR: (ThinkException) 无法加载模块
[ 2011-11-24T17:55:47+08:00 ] ERR: (ThinkException) 无法加载模块
[ 2011-11-24T17:55:59+08:00 ] ERR: (ThinkException) 无法加载模块
[ 2011-11-24T17:56:11+08:00 ] ERR: (ThinkException) 无法加载模块
[ 2011-11-24T17:56:23+08:00 ] ERR: (ThinkException) 无法加载模块
[ 2011-11-24T17:56:35+08:00 ] ERR: (ThinkException) 无法加载模块
[ 2011-11-24T17:56:47+08:00 ] ERR: (ThinkException) 无法加载模块
[ 2011-11-24T17:56:59+08:00 ] ERR: (ThinkException) 无法加载模块
[ 2011-11-24T17:57:11+08:00 ] ERR: (ThinkException) 无法加载模块
[ 2011-11-24T17:57:23+08:00 ] ERR: (ThinkException) 无法加载模块
[ 2011-11-24T17:57:35+08:00 ] ERR: (ThinkException) 无法加载模块
[ 2011-11-24T17:57:47+08:00 ] ERR: (ThinkException) 无法加载模块
[ 2011-11-24T17:57:59+08:00 ] ERR: (ThinkException) 无法加载模块
[ 2011-11-24T17:58:11+08:00 ] ERR: (ThinkException) 无法加载模块
[ 2011-11-24T17:58:23+08:00 ] ERR: (ThinkException) 无法加载模块
[ 2011-11-24T17:58:35+08:00 ] ERR: (ThinkException) 无法加载模块
[ 2011-11-24T17:58:47+08:00 ] ERR: (ThinkException) 无法加载模块
[ 2011-11-24T17:58:59+08:00 ] ERR: (ThinkException) 无法加载模块
[ 2011-11-24T17:59:11+08:00 ] ERR: (ThinkException) 无法加载模块
[ 2011-11-24T17:59:23+08:00 ] ERR: (ThinkException) 无法加载模块
[ 2011-11-24T17:59:35+08:00 ] ERR: (ThinkException) 无法加载模块
[ 2011-11-24T17:59:47+08:00 ] ERR: (ThinkException) 无法加载模块
[ 2011-11-24T17:59:59+08:00 ] ERR: (ThinkException) 无法加载模块
[ 2011-11-24T18:00:11+08:00 ] ERR: (ThinkException) 无法加载模块
[ 2011-11-24T18:00:23+08:00 ] ERR: (ThinkException) 无法加载模块
[ 2011-11-24T18:00:35+08:00 ] ERR: (ThinkException) 无法加载模块
[ 2011-11-24T18:00:47+08:00 ] ERR: (ThinkException) 无法加载模块
[ 2011-11-24T18:00:59+08:00 ] ERR: (ThinkException) 无法加载模块
[ 2011-11-24T18:01:11+08:00 ] ERR: (ThinkException) 无法加载模块
[ 2011-11-24T18:01:23+08:00 ] ERR: (ThinkException) 无法加载模块
[ 2011-11-24T18:01:35+08:00 ] ERR: (ThinkException) 无法加载模块
[ 2011-11-24T18:01:47+08:00 ] ERR: (ThinkException) 无法加载模块
[ 2011-11-24T18:01:59+08:00 ] ERR: (ThinkException) 无法加载模块
[ 2011-11-24T18:02:11+08:00 ] ERR: (ThinkException) 无法加载模块
[ 2011-11-24T18:02:24+08:00 ] ERR: (ThinkException) 无法加载模块
[ 2011-11-24T18:02:36+08:00 ] ERR: (ThinkException) 无法加载模块
[ 2011-11-24T18:02:48+08:00 ] ERR: (ThinkException) 无法加载模块
[ 2011-11-24T18:03:00+08:00 ] ERR: (ThinkException) 无法加载模块
[ 2011-11-24T18:03:12+08:00 ] ERR: (ThinkException) 无法加载模块
[ 2011-11-24T18:03:24+08:00 ] ERR: (ThinkException) 无法加载模块
[ 2011-11-24T18:03:36+08:00 ] ERR: (ThinkException) 无法加载模块
[ 2011-11-24T18:03:48+08:00 ] ERR: (ThinkException) 无法加载模块
[ 2011-11-24T18:04:00+08:00 ] ERR: (ThinkException) 无法加载模块
[ 2011-11-24T18:04:12+08:00 ] ERR: (ThinkException) 无法加载模块
[ 2011-11-24T18:04:24+08:00 ] ERR: (ThinkException) 无法加载模块
[ 2011-11-24T18:04:36+08:00 ] ERR: (ThinkException) 无法加载模块
[ 2011-11-24T18:04:48+08:00 ] ERR: (ThinkException) 无法加载模块
[ 2011-11-24T18:05:00+08:00 ] ERR: (ThinkException) 无法加载模块
[ 2011-11-24T18:05:12+08:00 ] ERR: (ThinkException) 无法加载模块
[ 2011-11-24T18:05:24+08:00 ] ERR: (ThinkException) 无法加载模块
[ 2011-11-24T18:05:36+08:00 ] ERR: (ThinkException) 无法加载模块
[ 2011-11-24T18:05:48+08:00 ] ERR: (ThinkException) 无法加载模块
[ 2011-11-24T18:06:00+08:00 ] ERR: (ThinkException) 无法加载模块
[ 2011-11-24T18:06:12+08:00 ] ERR: (ThinkException) 无法加载模块
[ 2011-11-24T18:06:24+08:00 ] ERR: (ThinkException) 无法加载模块
[ 2011-11-24T18:06:36+08:00 ] ERR: (ThinkException) 无法加载模块
[ 2011-11-24T18:06:48+08:00 ] ERR: (ThinkException) 无法加载模块
[ 2011-11-24T18:07:00+08:00 ] ERR: (ThinkException) 无法加载模块
[ 2011-11-24T18:07:12+08:00 ] ERR: (ThinkException) 无法加载模块
[ 2011-11-24T18:07:24+08:00 ] ERR: (ThinkException) 无法加载模块
[ 2011-11-24T18:07:36+08:00 ] ERR: (ThinkException) 无法加载模块
[ 2011-11-24T18:07:48+08:00 ] ERR: (ThinkException) 无法加载模块
[ 2011-11-24T18:08:00+08:00 ] ERR: (ThinkException) 无法加载模块
[ 2011-11-24T18:08:12+08:00 ] ERR: (ThinkException) 无法加载模块
[ 2011-11-24T18:08:24+08:00 ] ERR: (ThinkException) 无法加载模块
[ 2011-11-24T18:08:36+08:00 ] ERR: (ThinkException) 无法加载模块
[ 2011-11-24T18:08:48+08:00 ] ERR: (ThinkException) 无法加载模块
[ 2011-11-24T18:09:00+08:00 ] ERR: (ThinkException) 无法加载模块
[ 2011-11-24T18:09:12+08:00 ] ERR: (ThinkException) 无法加载模块
[ 2011-11-24T18:09:24+08:00 ] ERR: (ThinkException) 无法加载模块
[ 2011-11-24T18:09:36+08:00 ] ERR: (ThinkException) 无法加载模块
[ 2011-11-24T18:09:48+08:00 ] ERR: (ThinkException) 无法加载模块
[ 2011-11-24T18:10:00+08:00 ] ERR: (ThinkException) 无法加载模块
[ 2011-11-24T18:10:12+08:00 ] ERR: (ThinkException) 无法加载模块
[ 2011-11-24T18:10:24+08:00 ] ERR: (ThinkException) 无法加载模块
[ 2011-11-24T18:10:36+08:00 ] ERR: (ThinkException) 无法加载模块
[ 2011-11-24T18:10:48+08:00 ] ERR: (ThinkException) 无法加载模块
[ 2011-11-24T18:11:00+08:00 ] ERR: (ThinkException) 无法加载模块
[ 2011-11-24T18:11:13+08:00 ] ERR: (ThinkException) 无法加载模块
[ 2011-11-24T18:11:25+08:00 ] ERR: (ThinkException) 无法加载模块
[ 2011-11-24T18:11:37+08:00 ] ERR: (ThinkException) 无法加载模块
[ 2011-11-24T18:11:49+08:00 ] ERR: (ThinkException) 无法加载模块
[ 2011-11-24T18:12:01+08:00 ] ERR: (ThinkException) 无法加载模块
[ 2011-11-24T18:12:13+08:00 ] ERR: (ThinkException) 无法加载模块
[ 2011-11-24T18:12:25+08:00 ] ERR: (ThinkException) 无法加载模块
[ 2011-11-24T18:12:37+08:00 ] ERR: (ThinkException) 无法加载模块
[ 2011-11-24T18:12:49+08:00 ] ERR: (ThinkException) 无法加载模块
[ 2011-11-24T18:13:01+08:00 ] ERR: (ThinkException) 无法加载模块
[ 2011-11-24T18:13:13+08:00 ] ERR: (ThinkException) 无法加载模块
[ 2011-11-24T18:13:25+08:00 ] ERR: (ThinkException) 无法加载模块
[ 2011-11-24T18:13:37+08:00 ] ERR: (ThinkException) 无法加载模块
[ 2011-11-24T18:13:49+08:00 ] ERR: (ThinkException) 无法加载模块
[ 2011-11-24T18:14:01+08:00 ] ERR: (ThinkException) 无法加载模块
[ 2011-11-24T18:14:13+08:00 ] ERR: (ThinkException) 无法加载模块
[ 2011-11-24T18:14:25+08:00 ] ERR: (ThinkException) 无法加载模块
[ 2011-11-24T18:14:37+08:00 ] ERR: (ThinkException) 无法加载模块
[ 2011-11-24T18:14:49+08:00 ] ERR: (ThinkException) 无法加载模块
[ 2011-11-24T18:15:01+08:00 ] ERR: (ThinkException) 无法加载模块
[ 2011-11-24T18:15:13+08:00 ] ERR: (ThinkException) 无法加载模块
[ 2011-11-24T18:15:25+08:00 ] ERR: (ThinkException) 无法加载模块
[ 2011-11-24T18:15:37+08:00 ] ERR: (ThinkException) 无法加载模块
[ 2011-11-24T18:15:49+08:00 ] ERR: (ThinkException) 无法加载模块
[ 2011-11-24T18:16:01+08:00 ] ERR: (ThinkException) 无法加载模块
[ 2011-11-24T18:16:13+08:00 ] ERR: (ThinkException) 无法加载模块
[ 2011-11-24T18:16:25+08:00 ] ERR: (ThinkException) 无法加载模块
[ 2011-11-24T18:16:37+08:00 ] ERR: (ThinkException) 无法加载模块
[ 2011-11-24T18:16:49+08:00 ] ERR: (ThinkException) 无法加载模块
[ 2011-11-24T18:17:01+08:00 ] ERR: (ThinkException) 无法加载模块
[ 2011-11-24T18:17:13+08:00 ] ERR: (ThinkException) 无法加载模块
[ 2011-11-24T18:17:25+08:00 ] ERR: (ThinkException) 无法加载模块
[ 2011-11-24T18:17:37+08:00 ] ERR: (ThinkException) 无法加载模块
[ 2011-11-24T18:17:49+08:00 ] ERR: (ThinkException) 无法加载模块
[ 2011-11-24T18:18:01+08:00 ] ERR: (ThinkException) 无法加载模块
[ 2011-11-24T18:18:13+08:00 ] ERR: (ThinkException) 无法加载模块
[ 2011-11-24T18:18:25+08:00 ] ERR: (ThinkException) 无法加载模块
[ 2011-11-24T18:18:37+08:00 ] ERR: (ThinkException) 无法加载模块
[ 2011-11-24T18:18:49+08:00 ] ERR: (ThinkException) 无法加载模块
[ 2011-11-24T18:19:01+08:00 ] ERR: (ThinkException) 无法加载模块
[ 2011-11-24T18:19:13+08:00 ] ERR: (ThinkException) 无法加载模块
[ 2011-11-24T18:19:25+08:00 ] ERR: (ThinkException) 无法加载模块
[ 2011-11-24T18:19:37+08:00 ] ERR: (ThinkException) 无法加载模块
[ 2011-11-24T18:19:49+08:00 ] ERR: (ThinkException) 无法加载模块
[ 2011-11-24T18:20:02+08:00 ] ERR: (ThinkException) 无法加载模块
[ 2011-11-24T18:20:14+08:00 ] ERR: (ThinkException) 无法加载模块
[ 2011-11-24T18:20:26+08:00 ] ERR: (ThinkException) 无法加载模块
[ 2011-11-24T18:20:38+08:00 ] ERR: (ThinkException) 无法加载模块
[ 2011-11-24T18:20:50+08:00 ] ERR: (ThinkException) 无法加载模块
[ 2011-11-24T18:21:02+08:00 ] ERR: (ThinkException) 无法加载模块
[ 2011-11-24T18:21:14+08:00 ] ERR: (ThinkException) 无法加载模块
[ 2011-11-24T18:21:26+08:00 ] ERR: (ThinkException) 无法加载模块
[ 2011-11-24T18:21:38+08:00 ] ERR: (ThinkException) 无法加载模块
[ 2011-11-24T18:21:50+08:00 ] ERR: (ThinkException) 无法加载模块
[ 2011-11-24T18:22:02+08:00 ] ERR: (ThinkException) 无法加载模块
[ 2011-11-24T18:22:14+08:00 ] ERR: (ThinkException) 无法加载模块
[ 2011-11-24T18:22:26+08:00 ] ERR: (ThinkException) 无法加载模块
[ 2011-11-24T18:22:38+08:00 ] ERR: (ThinkException) 无法加载模块
[ 2011-11-24T18:22:50+08:00 ] ERR: (ThinkException) 无法加载模块
[ 2011-11-24T18:23:02+08:00 ] ERR: (ThinkException) 无法加载模块
[ 2011-11-24T18:23:14+08:00 ] ERR: (ThinkException) 无法加载模块
[ 2011-11-24T18:23:26+08:00 ] ERR: (ThinkException) 无法加载模块
[ 2011-11-24T18:23:38+08:00 ] ERR: (ThinkException) 无法加载模块
[ 2011-11-24T18:23:50+08:00 ] ERR: (ThinkException) 无法加载模块
[ 2011-11-24T18:24:02+08:00 ] ERR: (ThinkException) 无法加载模块
[ 2011-11-24T18:24:14+08:00 ] ERR: (ThinkException) 无法加载模块
[ 2011-11-24T18:24:26+08:00 ] ERR: (ThinkException) 无法加载模块
[ 2011-11-24T18:24:38+08:00 ] ERR: (ThinkException) 无法加载模块
[ 2011-11-24T18:24:50+08:00 ] ERR: (ThinkException) 无法加载模块
[ 2011-11-24T18:25:02+08:00 ] ERR: (ThinkException) 无法加载模块
[ 2011-11-24T18:25:14+08:00 ] ERR: (ThinkException) 无法加载模块
[ 2011-11-24T18:25:26+08:00 ] ERR: (ThinkException) 无法加载模块
[ 2011-11-24T18:25:38+08:00 ] ERR: (ThinkException) 无法加载模块
[ 2011-11-24T18:25:50+08:00 ] ERR: (ThinkException) 无法加载模块
[ 2011-11-24T18:26:02+08:00 ] ERR: (ThinkException) 无法加载模块
[ 2011-11-24T18:26:14+08:00 ] ERR: (ThinkException) 无法加载模块
[ 2011-11-24T18:26:26+08:00 ] ERR: (ThinkException) 无法加载模块
[ 2011-11-24T18:26:38+08:00 ] ERR: (ThinkException) 无法加载模块
[ 2011-11-24T18:26:50+08:00 ] ERR: (ThinkException) 无法加载模块
[ 2011-11-24T18:27:02+08:00 ] ERR: (ThinkException) 无法加载模块
[ 2011-11-24T18:27:14+08:00 ] ERR: (ThinkException) 无法加载模块
[ 2011-11-24T18:27:26+08:00 ] ERR: (ThinkException) 无法加载模块
[ 2011-11-24T18:27:38+08:00 ] ERR: (ThinkException) 无法加载模块
[ 2011-11-24T18:27:50+08:00 ] ERR: (ThinkException) 无法加载模块
[ 2011-11-24T18:28:02+08:00 ] ERR: (ThinkException) 无法加载模块
[ 2011-11-24T18:28:14+08:00 ] ERR: (ThinkException) 无法加载模块
[ 2011-11-24T18:28:26+08:00 ] ERR: (ThinkException) 无法加载模块
[ 2011-11-24T18:28:38+08:00 ] ERR: (ThinkException) 无法加载模块
[ 2011-11-24T18:28:50+08:00 ] ERR: (ThinkException) 无法加载模块
[ 2011-11-24T18:29:03+08:00 ] ERR: (ThinkException) 无法加载模块
[ 2011-11-24T18:29:15+08:00 ] ERR: (ThinkException) 无法加载模块
[ 2011-11-24T18:29:27+08:00 ] ERR: (ThinkException) 无法加载模块
[ 2011-11-24T18:29:39+08:00 ] ERR: (ThinkException) 无法加载模块
[ 2011-11-24T18:29:51+08:00 ] ERR: (ThinkException) 无法加载模块
[ 2011-11-24T18:30:03+08:00 ] ERR: (ThinkException) 无法加载模块
[ 2011-11-24T18:30:15+08:00 ] ERR: (ThinkException) 无法加载模块
[ 2011-11-24T18:30:27+08:00 ] ERR: (ThinkException) 无法加载模块
[ 2011-11-24T18:30:39+08:00 ] ERR: (ThinkException) 无法加载模块
[ 2011-11-24T18:30:51+08:00 ] ERR: (ThinkException) 无法加载模块
[ 2011-11-24T18:31:03+08:00 ] ERR: (ThinkException) 无法加载模块
[ 2011-11-24T18:31:15+08:00 ] ERR: (ThinkException) 无法加载模块
[ 2011-11-24T18:31:27+08:00 ] ERR: (ThinkException) 无法加载模块
[ 2011-11-24T18:31:39+08:00 ] ERR: (ThinkException) 无法加载模块
[ 2011-11-24T18:31:51+08:00 ] ERR: (ThinkException) 无法加载模块
[ 2011-11-24T18:32:03+08:00 ] ERR: (ThinkException) 无法加载模块
[ 2011-11-24T18:32:15+08:00 ] ERR: (ThinkException) 无法加载模块
[ 2011-11-24T18:32:27+08:00 ] ERR: (ThinkException) 无法加载模块
[ 2011-11-24T18:32:39+08:00 ] ERR: (ThinkException) 无法加载模块
[ 2011-11-24T18:32:51+08:00 ] ERR: (ThinkException) 无法加载模块
[ 2011-11-24T18:33:03+08:00 ] ERR: (ThinkException) 无法加载模块
[ 2011-11-24T18:33:15+08:00 ] ERR: (ThinkException) 无法加载模块
[ 2011-11-24T18:33:27+08:00 ] ERR: (ThinkException) 无法加载模块
[ 2011-11-24T18:33:39+08:00 ] ERR: (ThinkException) 无法加载模块
[ 2011-11-24T18:33:51+08:00 ] ERR: (ThinkException) 无法加载模块
[ 2011-11-24T18:34:03+08:00 ] ERR: (ThinkException) 无法加载模块
[ 2011-11-24T18:34:15+08:00 ] ERR: (ThinkException) 无法加载模块
[ 2011-11-24T18:34:27+08:00 ] ERR: (ThinkException) 无法加载模块
[ 2011-11-24T18:34:39+08:00 ] ERR: (ThinkException) 无法加载模块
[ 2011-11-24T18:34:51+08:00 ] ERR: (ThinkException) 无法加载模块
[ 2011-11-24T18:35:03+08:00 ] ERR: (ThinkException) 无法加载模块
[ 2011-11-24T18:35:15+08:00 ] ERR: (ThinkException) 无法加载模块
[ 2011-11-24T18:35:27+08:00 ] ERR: (ThinkException) 无法加载模块
[ 2011-11-24T18:35:39+08:00 ] ERR: (ThinkException) 无法加载模块
[ 2011-11-24T18:35:51+08:00 ] ERR: (ThinkException) 无法加载模块
[ 2011-11-24T18:36:03+08:00 ] ERR: (ThinkException) 无法加载模块
[ 2011-11-24T18:36:15+08:00 ] ERR: (ThinkException) 无法加载模块
[ 2011-11-24T18:36:27+08:00 ] ERR: (ThinkException) 无法加载模块
[ 2011-11-24T18:36:39+08:00 ] ERR: (ThinkException) 无法加载模块
[ 2011-11-24T18:36:51+08:00 ] ERR: (ThinkException) 无法加载模块
[ 2011-11-24T18:37:03+08:00 ] ERR: (ThinkException) 无法加载模块
[ 2011-11-24T18:37:15+08:00 ] ERR: (ThinkException) 无法加载模块
[ 2011-11-24T18:37:27+08:00 ] ERR: (ThinkException) 无法加载模块
[ 2011-11-24T18:37:39+08:00 ] ERR: (ThinkException) 无法加载模块
[ 2011-11-24T18:37:51+08:00 ] ERR: (ThinkException) 无法加载模块
[ 2011-11-24T18:38:04+08:00 ] ERR: (ThinkException) 无法加载模块
[ 2011-11-24T18:38:16+08:00 ] ERR: (ThinkException) 无法加载模块
[ 2011-11-24T18:38:28+08:00 ] ERR: (ThinkException) 无法加载模块
[ 2011-11-24T18:38:40+08:00 ] ERR: (ThinkException) 无法加载模块
[ 2011-11-24T18:38:52+08:00 ] ERR: (ThinkException) 无法加载模块
[ 2011-11-24T18:39:04+08:00 ] ERR: (ThinkException) 无法加载模块
[ 2011-11-24T18:39:16+08:00 ] ERR: (ThinkException) 无法加载模块
[ 2011-11-24T18:39:28+08:00 ] ERR: (ThinkException) 无法加载模块
[ 2011-11-24T18:39:40+08:00 ] ERR: (ThinkException) 无法加载模块
[ 2011-11-24T18:39:52+08:00 ] ERR: (ThinkException) 无法加载模块
[ 2011-11-24T18:40:04+08:00 ] ERR: (ThinkException) 无法加载模块
[ 2011-11-24T18:40:16+08:00 ] ERR: (ThinkException) 无法加载模块
[ 2011-11-24T18:40:28+08:00 ] ERR: (ThinkException) 无法加载模块
[ 2011-11-24T18:40:40+08:00 ] ERR: (ThinkException) 无法加载模块
[ 2011-11-24T18:40:52+08:00 ] ERR: (ThinkException) 无法加载模块
[ 2011-11-24T18:41:04+08:00 ] ERR: (ThinkException) 无法加载模块
[ 2011-11-24T18:41:16+08:00 ] ERR: (ThinkException) 无法加载模块
[ 2011-11-24T18:41:28+08:00 ] ERR: (ThinkException) 无法加载模块
[ 2011-11-24T18:41:40+08:00 ] ERR: (ThinkException) 无法加载模块
[ 2011-11-24T18:41:52+08:00 ] ERR: (ThinkException) 无法加载模块
[ 2011-11-24T18:42:04+08:00 ] ERR: (ThinkException) 无法加载模块
[ 2011-11-24T18:42:16+08:00 ] ERR: (ThinkException) 无法加载模块
[ 2011-11-24T18:42:28+08:00 ] ERR: (ThinkException) 无法加载模块
[ 2011-11-24T18:42:40+08:00 ] ERR: (ThinkException) 无法加载模块
[ 2011-11-24T18:42:52+08:00 ] ERR: (ThinkException) 无法加载模块
[ 2011-11-24T18:43:04+08:00 ] ERR: (ThinkException) 无法加载模块
[ 2011-11-24T18:43:16+08:00 ] ERR: (ThinkException) 无法加载模块
[ 2011-11-24T18:43:28+08:00 ] ERR: (ThinkException) 无法加载模块
[ 2011-11-24T18:43:40+08:00 ] ERR: (ThinkException) 无法加载模块
[ 2011-11-24T18:43:52+08:00 ] ERR: (ThinkException) 无法加载模块
[ 2011-11-24T18:44:04+08:00 ] ERR: (ThinkException) 无法加载模块
[ 2011-11-24T18:44:16+08:00 ] ERR: (ThinkException) 无法加载模块
[ 2011-11-24T18:44:28+08:00 ] ERR: (ThinkException) 无法加载模块
[ 2011-11-24T18:44:40+08:00 ] ERR: (ThinkException) 无法加载模块
[ 2011-11-24T18:44:52+08:00 ] ERR: (ThinkException) 无法加载模块
[ 2011-11-24T18:45:04+08:00 ] ERR: (ThinkException) 无法加载模块
[ 2011-11-24T18:45:16+08:00 ] ERR: (ThinkException) 无法加载模块
[ 2011-11-24T18:45:28+08:00 ] ERR: (ThinkException) 无法加载模块
[ 2011-11-24T18:45:40+08:00 ] ERR: (ThinkException) 无法加载模块
[ 2011-11-24T18:45:52+08:00 ] ERR: (ThinkException) 无法加载模块
[ 2011-11-24T18:46:04+08:00 ] ERR: (ThinkException) 无法加载模块
[ 2011-11-24T18:46:16+08:00 ] ERR: (ThinkException) 无法加载模块
[ 2011-11-24T18:46:28+08:00 ] ERR: (ThinkException) 无法加载模块
[ 2011-11-24T18:46:40+08:00 ] ERR: (ThinkException) 无法加载模块
[ 2011-11-24T18:46:52+08:00 ] ERR: (ThinkException) 无法加载模块
[ 2011-11-24T18:47:04+08:00 ] ERR: (ThinkException) 无法加载模块
[ 2011-11-24T18:47:17+08:00 ] ERR: (ThinkException) 无法加载模块
[ 2011-11-24T18:47:29+08:00 ] ERR: (ThinkException) 无法加载模块
[ 2011-11-24T18:47:41+08:00 ] ERR: (ThinkException) 无法加载模块
[ 2011-11-24T18:47:53+08:00 ] ERR: (ThinkException) 无法加载模块
[ 2011-11-24T18:48:05+08:00 ] ERR: (ThinkException) 无法加载模块
[ 2011-11-24T18:48:17+08:00 ] ERR: (ThinkException) 无法加载模块
[ 2011-11-24T18:48:29+08:00 ] ERR: (ThinkException) 无法加载模块
[ 2011-11-24T18:48:41+08:00 ] ERR: (ThinkException) 无法加载模块
[ 2011-11-24T18:48:53+08:00 ] ERR: (ThinkException) 无法加载模块
[ 2011-11-24T18:49:05+08:00 ] ERR: (ThinkException) 无法加载模块
[ 2011-11-24T18:49:17+08:00 ] ERR: (ThinkException) 无法加载模块
[ 2011-11-24T18:49:29+08:00 ] ERR: (ThinkException) 无法加载模块
[ 2011-11-24T18:49:41+08:00 ] ERR: (ThinkException) 无法加载模块
[ 2011-11-24T18:49:53+08:00 ] ERR: (ThinkException) 无法加载模块
[ 2011-11-24T18:50:05+08:00 ] ERR: (ThinkException) 无法加载模块
[ 2011-11-24T18:50:17+08:00 ] ERR: (ThinkException) 无法加载模块
[ 2011-11-24T18:50:29+08:00 ] ERR: (ThinkException) 无法加载模块
[ 2011-11-24T18:50:41+08:00 ] ERR: (ThinkException) 无法加载模块
[ 2011-11-24T18:50:53+08:00 ] ERR: (ThinkException) 无法加载模块
[ 2011-11-24T18:51:05+08:00 ] ERR: (ThinkException) 无法加载模块
[ 2011-11-24T18:51:17+08:00 ] ERR: (ThinkException) 无法加载模块
[ 2011-11-24T18:51:29+08:00 ] ERR: (ThinkException) 无法加载模块
[ 2011-11-24T18:51:41+08:00 ] ERR: (ThinkException) 无法加载模块
[ 2011-11-24T18:51:53+08:00 ] ERR: (ThinkException) 无法加载模块
[ 2011-11-24T18:52:05+08:00 ] ERR: (ThinkException) 无法加载模块
[ 2011-11-24T18:52:17+08:00 ] ERR: (ThinkException) 无法加载模块
[ 2011-11-24T18:52:29+08:00 ] ERR: (ThinkException) 无法加载模块
[ 2011-11-24T18:52:41+08:00 ] ERR: (ThinkException) 无法加载模块
[ 2011-11-24T18:52:53+08:00 ] ERR: (ThinkException) 无法加载模块
[ 2011-11-24T18:53:05+08:00 ] ERR: (ThinkException) 无法加载模块
[ 2011-11-24T18:53:17+08:00 ] ERR: (ThinkException) 无法加载模块
[ 2011-11-24T18:53:29+08:00 ] ERR: (ThinkException) 无法加载模块
[ 2011-11-24T18:53:41+08:00 ] ERR: (ThinkException) 无法加载模块
[ 2011-11-24T18:53:53+08:00 ] ERR: (ThinkException) 无法加载模块
[ 2011-11-24T18:54:05+08:00 ] ERR: (ThinkException) 无法加载模块
[ 2011-11-24T18:54:17+08:00 ] ERR: (ThinkException) 无法加载模块
[ 2011-11-24T18:54:29+08:00 ] ERR: (ThinkException) 无法加载模块
[ 2011-11-24T18:54:41+08:00 ] ERR: (ThinkException) 无法加载模块
[ 2011-11-24T18:54:53+08:00 ] ERR: (ThinkException) 无法加载模块
[ 2011-11-24T18:55:05+08:00 ] ERR: (ThinkException) 无法加载模块
[ 2011-11-24T18:55:17+08:00 ] ERR: (ThinkException) 无法加载模块
[ 2011-11-24T18:55:29+08:00 ] ERR: (ThinkException) 无法加载模块
[ 2011-11-24T18:55:41+08:00 ] ERR: (ThinkException) 无法加载模块
[ 2011-11-24T18:55:53+08:00 ] ERR: (ThinkException) 无法加载模块
[ 2011-11-24T18:56:05+08:00 ] ERR: (ThinkException) 无法加载模块
[ 2011-11-24T18:56:18+08:00 ] ERR: (ThinkException) 无法加载模块
[ 2011-11-24T18:56:30+08:00 ] ERR: (ThinkException) 无法加载模块
[ 2011-11-24T18:56:42+08:00 ] ERR: (ThinkException) 无法加载模块
[ 2011-11-24T18:56:54+08:00 ] ERR: (ThinkException) 无法加载模块
[ 2011-11-24T18:57:06+08:00 ] ERR: (ThinkException) 无法加载模块
[ 2011-11-24T18:57:18+08:00 ] ERR: (ThinkException) 无法加载模块
[ 2011-11-24T18:57:30+08:00 ] ERR: (ThinkException) 无法加载模块
[ 2011-11-24T18:57:42+08:00 ] ERR: (ThinkException) 无法加载模块
[ 2011-11-24T18:57:54+08:00 ] ERR: (ThinkException) 无法加载模块
[ 2011-11-24T18:58:06+08:00 ] ERR: (ThinkException) 无法加载模块
[ 2011-11-24T18:58:18+08:00 ] ERR: (ThinkException) 无法加载模块
[ 2011-11-24T18:58:30+08:00 ] ERR: (ThinkException) 无法加载模块
[ 2011-11-24T18:58:42+08:00 ] ERR: (ThinkException) 无法加载模块
[ 2011-11-24T18:58:54+08:00 ] ERR: (ThinkException) 无法加载模块
[ 2011-11-24T18:59:06+08:00 ] ERR: (ThinkException) 无法加载模块
[ 2011-11-24T18:59:18+08:00 ] ERR: (ThinkException) 无法加载模块
[ 2011-11-24T18:59:30+08:00 ] ERR: (ThinkException) 无法加载模块
[ 2011-11-24T18:59:42+08:00 ] ERR: (ThinkException) 无法加载模块
[ 2011-11-24T18:59:54+08:00 ] ERR: (ThinkException) 无法加载模块
[ 2011-11-24T19:00:06+08:00 ] ERR: (ThinkException) 无法加载模块
[ 2011-11-24T19:00:18+08:00 ] ERR: (ThinkException) 无法加载模块
[ 2011-11-24T19:00:30+08:00 ] ERR: (ThinkException) 无法加载模块
[ 2011-11-24T19:00:42+08:00 ] ERR: (ThinkException) 无法加载模块
[ 2011-11-24T19:00:54+08:00 ] ERR: (ThinkException) 无法加载模块
[ 2011-11-24T19:01:06+08:00 ] ERR: (ThinkException) 无法加载模块
[ 2011-11-24T19:01:18+08:00 ] ERR: (ThinkException) 无法加载模块
[ 2011-11-24T19:01:30+08:00 ] ERR: (ThinkException) 无法加载模块
[ 2011-11-24T19:01:42+08:00 ] ERR: (ThinkException) 无法加载模块
[ 2011-11-24T19:01:54+08:00 ] ERR: (ThinkException) 无法加载模块
[ 2011-11-24T19:02:06+08:00 ] ERR: (ThinkException) 无法加载模块
[ 2011-11-24T19:02:18+08:00 ] ERR: (ThinkException) 无法加载模块
[ 2011-11-24T19:02:30+08:00 ] ERR: (ThinkException) 无法加载模块
[ 2011-11-24T19:02:42+08:00 ] ERR: (ThinkException) 无法加载模块
[ 2011-11-24T19:02:54+08:00 ] ERR: (ThinkException) 无法加载模块
[ 2011-11-24T19:03:06+08:00 ] ERR: (ThinkException) 无法加载模块
[ 2011-11-24T19:03:18+08:00 ] ERR: (ThinkException) 无法加载模块
[ 2011-11-24T19:03:30+08:00 ] ERR: (ThinkException) 无法加载模块
[ 2011-11-24T19:03:42+08:00 ] ERR: (ThinkException) 无法加载模块
[ 2011-11-24T19:03:54+08:00 ] ERR: (ThinkException) 无法加载模块
[ 2011-11-24T19:04:06+08:00 ] ERR: (ThinkException) 无法加载模块
[ 2011-11-24T19:04:18+08:00 ] ERR: (ThinkException) 无法加载模块
[ 2011-11-24T19:04:30+08:00 ] ERR: (ThinkException) 无法加载模块
[ 2011-11-24T19:04:42+08:00 ] ERR: (ThinkException) 无法加载模块
[ 2011-11-24T19:04:54+08:00 ] ERR: (ThinkException) 无法加载模块
[ 2011-11-24T19:05:06+08:00 ] ERR: (ThinkException) 无法加载模块
[ 2011-11-24T19:05:18+08:00 ] ERR: (ThinkException) 无法加载模块
[ 2011-11-24T19:05:31+08:00 ] ERR: (ThinkException) 无法加载模块
[ 2011-11-24T19:05:43+08:00 ] ERR: (ThinkException) 无法加载模块
[ 2011-11-24T19:05:55+08:00 ] ERR: (ThinkException) 无法加载模块
[ 2011-11-24T19:06:07+08:00 ] ERR: (ThinkException) 无法加载模块
[ 2011-11-24T19:06:19+08:00 ] ERR: (ThinkException) 无法加载模块
[ 2011-11-24T19:06:31+08:00 ] ERR: (ThinkException) 无法加载模块
[ 2011-11-24T19:06:43+08:00 ] ERR: (ThinkException) 无法加载模块
[ 2011-11-24T19:06:55+08:00 ] ERR: (ThinkException) 无法加载模块
[ 2011-11-24T19:07:07+08:00 ] ERR: (ThinkException) 无法加载模块
[ 2011-11-24T19:07:19+08:00 ] ERR: (ThinkException) 无法加载模块
[ 2011-11-24T19:07:31+08:00 ] ERR: (ThinkException) 无法加载模块
[ 2011-11-24T19:07:43+08:00 ] ERR: (ThinkException) 无法加载模块
[ 2011-11-24T19:07:55+08:00 ] ERR: (ThinkException) 无法加载模块
[ 2011-11-24T19:08:07+08:00 ] ERR: (ThinkException) 无法加载模块
[ 2011-11-24T19:08:19+08:00 ] ERR: (ThinkException) 无法加载模块
[ 2011-11-24T19:08:31+08:00 ] ERR: (ThinkException) 无法加载模块
[ 2011-11-24T19:08:43+08:00 ] ERR: (ThinkException) 无法加载模块
[ 2011-11-24T19:08:55+08:00 ] ERR: (ThinkException) 无法加载模块
[ 2011-11-24T19:09:07+08:00 ] ERR: (ThinkException) 无法加载模块
[ 2011-11-24T19:09:19+08:00 ] ERR: (ThinkException) 无法加载模块
[ 2011-11-24T19:09:31+08:00 ] ERR: (ThinkException) 无法加载模块
[ 2011-11-24T19:09:43+08:00 ] ERR: (ThinkException) 无法加载模块
[ 2011-11-24T19:09:55+08:00 ] ERR: (ThinkException) 无法加载模块
[ 2011-11-24T19:10:07+08:00 ] ERR: (ThinkException) 无法加载模块
[ 2011-11-24T19:10:19+08:00 ] ERR: (ThinkException) 无法加载模块
[ 2011-11-24T19:10:31+08:00 ] ERR: (ThinkException) 无法加载模块
[ 2011-11-24T19:10:43+08:00 ] ERR: (ThinkException) 无法加载模块
[ 2011-11-24T19:10:55+08:00 ] ERR: (ThinkException) 无法加载模块
[ 2011-11-24T19:11:07+08:00 ] ERR: (ThinkException) 无法加载模块
[ 2011-11-24T19:11:19+08:00 ] ERR: (ThinkException) 无法加载模块
[ 2011-11-24T19:11:31+08:00 ] ERR: (ThinkException) 无法加载模块
[ 2011-11-24T19:11:43+08:00 ] ERR: (ThinkException) 无法加载模块
[ 2011-11-24T19:11:55+08:00 ] ERR: (ThinkException) 无法加载模块
[ 2011-11-24T19:12:07+08:00 ] ERR: (ThinkException) 无法加载模块
[ 2011-11-24T19:12:19+08:00 ] ERR: (ThinkException) 无法加载模块
[ 2011-11-24T19:12:31+08:00 ] ERR: (ThinkException) 无法加载模块
[ 2011-11-24T19:12:43+08:00 ] ERR: (ThinkException) 无法加载模块
[ 2011-11-24T19:12:55+08:00 ] ERR: (ThinkException) 无法加载模块
[ 2011-11-24T19:13:07+08:00 ] ERR: (ThinkException) 无法加载模块
[ 2011-11-24T19:13:19+08:00 ] ERR: (ThinkException) 无法加载模块
[ 2011-11-24T19:13:31+08:00 ] ERR: (ThinkException) 无法加载模块
[ 2011-11-24T19:13:43+08:00 ] ERR: (ThinkException) 无法加载模块
[ 2011-11-24T19:13:55+08:00 ] ERR: (ThinkException) 无法加载模块
[ 2011-11-24T19:14:07+08:00 ] ERR: (ThinkException) 无法加载模块
[ 2011-11-24T19:14:20+08:00 ] ERR: (ThinkException) 无法加载模块
[ 2011-11-24T19:14:32+08:00 ] ERR: (ThinkException) 无法加载模块
[ 2011-11-24T19:14:44+08:00 ] ERR: (ThinkException) 无法加载模块
[ 2011-11-24T19:14:56+08:00 ] ERR: (ThinkException) 无法加载模块
[ 2011-11-24T19:15:08+08:00 ] ERR: (ThinkException) 无法加载模块
[ 2011-11-24T19:15:20+08:00 ] ERR: (ThinkException) 无法加载模块
[ 2011-11-24T19:15:32+08:00 ] ERR: (ThinkException) 无法加载模块
[ 2011-11-24T19:15:44+08:00 ] ERR: (ThinkException) 无法加载模块
[ 2011-11-24T19:15:56+08:00 ] ERR: (ThinkException) 无法加载模块
[ 2011-11-24T19:16:08+08:00 ] ERR: (ThinkException) 无法加载模块
[ 2011-11-24T19:16:20+08:00 ] ERR: (ThinkException) 无法加载模块
[ 2011-11-24T19:16:32+08:00 ] ERR: (ThinkException) 无法加载模块
[ 2011-11-24T19:16:44+08:00 ] ERR: (ThinkException) 无法加载模块
[ 2011-11-24T19:16:56+08:00 ] ERR: (ThinkException) 无法加载模块
[ 2011-11-24T19:17:08+08:00 ] ERR: (ThinkException) 无法加载模块
[ 2011-11-24T19:17:20+08:00 ] ERR: (ThinkException) 无法加载模块
[ 2011-11-24T19:17:32+08:00 ] ERR: (ThinkException) 无法加载模块
[ 2011-11-24T19:17:44+08:00 ] ERR: (ThinkException) 无法加载模块
[ 2011-11-24T19:17:56+08:00 ] ERR: (ThinkException) 无法加载模块
[ 2011-11-24T19:18:08+08:00 ] ERR: (ThinkException) 无法加载模块
[ 2011-11-24T19:18:20+08:00 ] ERR: (ThinkException) 无法加载模块
[ 2011-11-24T19:18:32+08:00 ] ERR: (ThinkException) 无法加载模块
[ 2011-11-24T19:18:44+08:00 ] ERR: (ThinkException) 无法加载模块
[ 2011-11-24T19:18:56+08:00 ] ERR: (ThinkException) 无法加载模块
[ 2011-11-24T19:19:08+08:00 ] ERR: (ThinkException) 无法加载模块
[ 2011-11-24T19:19:20+08:00 ] ERR: (ThinkException) 无法加载模块
[ 2011-11-24T19:19:32+08:00 ] ERR: (ThinkException) 无法加载模块
[ 2011-11-24T19:19:44+08:00 ] ERR: (ThinkException) 无法加载模块
[ 2011-11-24T19:19:56+08:00 ] ERR: (ThinkException) 无法加载模块
[ 2011-11-24T19:20:08+08:00 ] ERR: (ThinkException) 无法加载模块
[ 2011-11-24T19:20:20+08:00 ] ERR: (ThinkException) 无法加载模块
[ 2011-11-24T19:20:32+08:00 ] ERR: (ThinkException) 无法加载模块
[ 2011-11-24T19:20:44+08:00 ] ERR: (ThinkException) 无法加载模块
[ 2011-11-24T19:20:56+08:00 ] ERR: (ThinkException) 无法加载模块
[ 2011-11-24T19:21:08+08:00 ] ERR: (ThinkException) 无法加载模块
[ 2011-11-24T19:21:20+08:00 ] ERR: (ThinkException) 无法加载模块
[ 2011-11-24T19:21:32+08:00 ] ERR: (ThinkException) 无法加载模块
[ 2011-11-24T19:21:44+08:00 ] ERR: (ThinkException) 无法加载模块
[ 2011-11-24T19:21:56+08:00 ] ERR: (ThinkException) 无法加载模块
[ 2011-11-24T19:22:08+08:00 ] ERR: (ThinkException) 无法加载模块
[ 2011-11-24T19:22:20+08:00 ] ERR: (ThinkException) 无法加载模块
[ 2011-11-24T19:22:32+08:00 ] ERR: (ThinkException) 无法加载模块
[ 2011-11-24T19:22:44+08:00 ] ERR: (ThinkException) 无法加载模块
[ 2011-11-24T19:22:56+08:00 ] ERR: (ThinkException) 无法加载模块
[ 2011-11-24T19:23:08+08:00 ] ERR: (ThinkException) 无法加载模块
[ 2011-11-24T19:23:21+08:00 ] ERR: (ThinkException) 无法加载模块
[ 2011-11-24T19:23:33+08:00 ] ERR: (ThinkException) 无法加载模块
[ 2011-11-24T19:23:45+08:00 ] ERR: (ThinkException) 无法加载模块
[ 2011-11-24T19:23:57+08:00 ] ERR: (ThinkException) 无法加载模块
[ 2011-11-24T19:24:09+08:00 ] ERR: (ThinkException) 无法加载模块
[ 2011-11-24T19:24:21+08:00 ] ERR: (ThinkException) 无法加载模块
[ 2011-11-24T19:24:33+08:00 ] ERR: (ThinkException) 无法加载模块
[ 2011-11-24T19:24:45+08:00 ] ERR: (ThinkException) 无法加载模块
[ 2011-11-24T19:24:57+08:00 ] ERR: (ThinkException) 无法加载模块
[ 2011-11-24T19:25:09+08:00 ] ERR: (ThinkException) 无法加载模块
[ 2011-11-24T19:25:21+08:00 ] ERR: (ThinkException) 无法加载模块
[ 2011-11-24T19:25:33+08:00 ] ERR: (ThinkException) 无法加载模块
[ 2011-11-24T19:25:45+08:00 ] ERR: (ThinkException) 无法加载模块
[ 2011-11-24T19:25:57+08:00 ] ERR: (ThinkException) 无法加载模块
[ 2011-11-24T19:26:09+08:00 ] ERR: (ThinkException) 无法加载模块
[ 2011-11-24T19:26:21+08:00 ] ERR: (ThinkException) 无法加载模块
[ 2011-11-24T19:26:33+08:00 ] ERR: (ThinkException) 无法加载模块
[ 2011-11-24T19:26:45+08:00 ] ERR: (ThinkException) 无法加载模块
[ 2011-11-24T19:26:57+08:00 ] ERR: (ThinkException) 无法加载模块
[ 2011-11-24T19:27:09+08:00 ] ERR: (ThinkException) 无法加载模块
[ 2011-11-24T19:27:21+08:00 ] ERR: (ThinkException) 无法加载模块
[ 2011-11-24T19:27:33+08:00 ] ERR: (ThinkException) 无法加载模块
[ 2011-11-24T19:27:45+08:00 ] ERR: (ThinkException) 无法加载模块
[ 2011-11-24T19:27:57+08:00 ] ERR: (ThinkException) 无法加载模块
[ 2011-11-24T19:28:09+08:00 ] ERR: (ThinkException) 无法加载模块
[ 2011-11-24T19:28:21+08:00 ] ERR: (ThinkException) 无法加载模块
[ 2011-11-24T19:28:33+08:00 ] ERR: (ThinkException) 无法加载模块
[ 2011-11-24T19:28:45+08:00 ] ERR: (ThinkException) 无法加载模块
[ 2011-11-24T19:28:57+08:00 ] ERR: (ThinkException) 无法加载模块
[ 2011-11-24T19:29:09+08:00 ] ERR: (ThinkException) 无法加载模块
[ 2011-11-24T19:29:21+08:00 ] ERR: (ThinkException) 无法加载模块
[ 2011-11-24T19:29:33+08:00 ] ERR: (ThinkException) 无法加载模块
[ 2011-11-24T19:29:45+08:00 ] ERR: (ThinkException) 无法加载模块
[ 2011-11-24T19:29:57+08:00 ] ERR: (ThinkException) 无法加载模块
[ 2011-11-24T19:30:09+08:00 ] ERR: (ThinkException) 无法加载模块
[ 2011-11-24T19:30:21+08:00 ] ERR: (ThinkException) 无法加载模块
[ 2011-11-24T19:30:33+08:00 ] ERR: (ThinkException) 无法加载模块
[ 2011-11-24T19:30:45+08:00 ] ERR: (ThinkException) 无法加载模块
[ 2011-11-24T19:30:57+08:00 ] ERR: (ThinkException) 无法加载模块
[ 2011-11-24T19:31:09+08:00 ] ERR: (ThinkException) 无法加载模块
[ 2011-11-24T19:31:21+08:00 ] ERR: (ThinkException) 无法加载模块
[ 2011-11-24T19:31:33+08:00 ] ERR: (ThinkException) 无法加载模块
[ 2011-11-24T19:31:45+08:00 ] ERR: (ThinkException) 无法加载模块
[ 2011-11-24T19:31:57+08:00 ] ERR: (ThinkException) 无法加载模块
[ 2011-11-24T19:32:09+08:00 ] ERR: (ThinkException) 无法加载模块
[ 2011-11-24T19:32:22+08:00 ] ERR: (ThinkException) 无法加载模块
[ 2011-11-24T19:32:34+08:00 ] ERR: (ThinkException) 无法加载模块
[ 2011-11-24T19:32:46+08:00 ] ERR: (ThinkException) 无法加载模块
[ 2011-11-24T19:32:58+08:00 ] ERR: (ThinkException) 无法加载模块
[ 2011-11-24T19:33:10+08:00 ] ERR: (ThinkException) 无法加载模块
[ 2011-11-24T19:33:22+08:00 ] ERR: (ThinkException) 无法加载模块
[ 2011-11-24T19:33:34+08:00 ] ERR: (ThinkException) 无法加载模块
[ 2011-11-24T19:33:46+08:00 ] ERR: (ThinkException) 无法加载模块
[ 2011-11-24T19:33:58+08:00 ] ERR: (ThinkException) 无法加载模块
[ 2011-11-24T19:34:10+08:00 ] ERR: (ThinkException) 无法加载模块
[ 2011-11-24T19:34:22+08:00 ] ERR: (ThinkException) 无法加载模块
[ 2011-11-24T19:34:34+08:00 ] ERR: (ThinkException) 无法加载模块
[ 2011-11-24T19:34:46+08:00 ] ERR: (ThinkException) 无法加载模块
[ 2011-11-24T19:34:58+08:00 ] ERR: (ThinkException) 无法加载模块
[ 2011-11-24T19:35:10+08:00 ] ERR: (ThinkException) 无法加载模块
[ 2011-11-24T19:35:22+08:00 ] ERR: (ThinkException) 无法加载模块
[ 2011-11-24T19:35:34+08:00 ] ERR: (ThinkException) 无法加载模块
[ 2011-11-24T19:35:46+08:00 ] ERR: (ThinkException) 无法加载模块
[ 2011-11-24T19:35:58+08:00 ] ERR: (ThinkException) 无法加载模块
[ 2011-11-24T19:36:10+08:00 ] ERR: (ThinkException) 无法加载模块
[ 2011-11-24T19:36:22+08:00 ] ERR: (ThinkException) 无法加载模块
[ 2011-11-24T19:36:34+08:00 ] ERR: (ThinkException) 无法加载模块
[ 2011-11-24T19:36:46+08:00 ] ERR: (ThinkException) 无法加载模块
[ 2011-11-24T19:36:58+08:00 ] ERR: (ThinkException) 无法加载模块
[ 2011-11-24T19:37:10+08:00 ] ERR: (ThinkException) 无法加载模块
[ 2011-11-24T19:37:22+08:00 ] ERR: (ThinkException) 无法加载模块
[ 2011-11-24T19:37:34+08:00 ] ERR: (ThinkException) 无法加载模块
[ 2011-11-24T19:37:46+08:00 ] ERR: (ThinkException) 无法加载模块
[ 2011-11-24T19:37:58+08:00 ] ERR: (ThinkException) 无法加载模块
[ 2011-11-24T19:38:10+08:00 ] ERR: (ThinkException) 无法加载模块
[ 2011-11-24T19:38:22+08:00 ] ERR: (ThinkException) 无法加载模块
[ 2011-11-24T19:38:34+08:00 ] ERR: (ThinkException) 无法加载模块
[ 2011-11-24T19:38:46+08:00 ] ERR: (ThinkException) 无法加载模块
[ 2011-11-24T19:38:58+08:00 ] ERR: (ThinkException) 无法加载模块
[ 2011-11-24T19:39:10+08:00 ] ERR: (ThinkException) 无法加载模块
[ 2011-11-24T19:39:22+08:00 ] ERR: (ThinkException) 无法加载模块
[ 2011-11-24T19:39:34+08:00 ] ERR: (ThinkException) 无法加载模块
[ 2011-11-24T19:39:46+08:00 ] ERR: (ThinkException) 无法加载模块
[ 2011-11-24T19:39:58+08:00 ] ERR: (ThinkException) 无法加载模块
[ 2011-11-24T19:40:10+08:00 ] ERR: (ThinkException) 无法加载模块
[ 2011-11-24T19:40:22+08:00 ] ERR: (ThinkException) 无法加载模块
[ 2011-11-24T19:40:34+08:00 ] ERR: (ThinkException) 无法加载模块
[ 2011-11-24T19:40:46+08:00 ] ERR: (ThinkException) 无法加载模块
[ 2011-11-24T19:40:58+08:00 ] ERR: (ThinkException) 无法加载模块
[ 2011-11-24T19:41:10+08:00 ] ERR: (ThinkException) 无法加载模块
[ 2011-11-24T19:41:23+08:00 ] ERR: (ThinkException) 无法加载模块
[ 2011-11-24T19:41:35+08:00 ] ERR: (ThinkException) 无法加载模块
[ 2011-11-24T19:41:47+08:00 ] ERR: (ThinkException) 无法加载模块
[ 2011-11-24T19:41:59+08:00 ] ERR: (ThinkException) 无法加载模块
[ 2011-11-24T19:42:11+08:00 ] ERR: (ThinkException) 无法加载模块
[ 2011-11-24T19:42:23+08:00 ] ERR: (ThinkException) 无法加载模块
[ 2011-11-24T19:42:35+08:00 ] ERR: (ThinkException) 无法加载模块
[ 2011-11-24T19:42:47+08:00 ] ERR: (ThinkException) 无法加载模块
[ 2011-11-24T19:42:59+08:00 ] ERR: (ThinkException) 无法加载模块
[ 2011-11-24T19:43:11+08:00 ] ERR: (ThinkException) 无法加载模块
[ 2011-11-24T19:43:23+08:00 ] ERR: (ThinkException) 无法加载模块
[ 2011-11-24T19:43:35+08:00 ] ERR: (ThinkException) 无法加载模块
[ 2011-11-24T19:43:47+08:00 ] ERR: (ThinkException) 无法加载模块
[ 2011-11-24T19:43:59+08:00 ] ERR: (ThinkException) 无法加载模块
[ 2011-11-24T19:44:11+08:00 ] ERR: (ThinkException) 无法加载模块
[ 2011-11-24T19:44:23+08:00 ] ERR: (ThinkException) 无法加载模块
[ 2011-11-24T19:44:35+08:00 ] ERR: (ThinkException) 无法加载模块
[ 2011-11-24T19:44:47+08:00 ] ERR: (ThinkException) 无法加载模块
[ 2011-11-24T19:44:59+08:00 ] ERR: (ThinkException) 无法加载模块
[ 2011-11-24T19:45:11+08:00 ] ERR: (ThinkException) 无法加载模块
[ 2011-11-24T19:45:23+08:00 ] ERR: (ThinkException) 无法加载模块
[ 2011-11-24T19:45:35+08:00 ] ERR: (ThinkException) 无法加载模块
[ 2011-11-24T19:45:47+08:00 ] ERR: (ThinkException) 无法加载模块
[ 2011-11-24T19:45:59+08:00 ] ERR: (ThinkException) 无法加载模块
[ 2011-11-24T19:46:11+08:00 ] ERR: (ThinkException) 无法加载模块
[ 2011-11-24T19:46:23+08:00 ] ERR: (ThinkException) 无法加载模块
[ 2011-11-24T19:46:35+08:00 ] ERR: (ThinkException) 无法加载模块
[ 2011-11-24T19:46:47+08:00 ] ERR: (ThinkException) 无法加载模块
[ 2011-11-24T19:46:59+08:00 ] ERR: (ThinkException) 无法加载模块
[ 2011-11-24T19:47:11+08:00 ] ERR: (ThinkException) 无法加载模块
[ 2011-11-24T19:47:23+08:00 ] ERR: (ThinkException) 无法加载模块
[ 2011-11-24T19:47:35+08:00 ] ERR: (ThinkException) 无法加载模块
[ 2011-11-24T19:47:47+08:00 ] ERR: (ThinkException) 无法加载模块
[ 2011-11-24T19:47:59+08:00 ] ERR: (ThinkException) 无法加载模块
[ 2011-11-24T19:48:11+08:00 ] ERR: (ThinkException) 无法加载模块
[ 2011-11-24T19:48:23+08:00 ] ERR: (ThinkException) 无法加载模块
[ 2011-11-24T19:48:35+08:00 ] ERR: (ThinkException) 无法加载模块
[ 2011-11-24T19:48:47+08:00 ] ERR: (ThinkException) 无法加载模块
[ 2011-11-24T19:48:59+08:00 ] ERR: (ThinkException) 无法加载模块
[ 2011-11-24T19:49:11+08:00 ] ERR: (ThinkException) 无法加载模块
[ 2011-11-24T19:49:23+08:00 ] ERR: (ThinkException) 无法加载模块
[ 2011-11-24T19:49:35+08:00 ] ERR: (ThinkException) 无法加载模块
[ 2011-11-24T19:49:47+08:00 ] ERR: (ThinkException) 无法加载模块
[ 2011-11-24T19:49:59+08:00 ] ERR: (ThinkException) 无法加载模块
[ 2011-11-24T19:50:12+08:00 ] ERR: (ThinkException) 无法加载模块
[ 2011-11-24T19:50:24+08:00 ] ERR: (ThinkException) 无法加载模块
[ 2011-11-24T19:50:36+08:00 ] ERR: (ThinkException) 无法加载模块
[ 2011-11-24T19:50:48+08:00 ] ERR: (ThinkException) 无法加载模块
[ 2011-11-24T19:51:00+08:00 ] ERR: (ThinkException) 无法加载模块
[ 2011-11-24T19:51:12+08:00 ] ERR: (ThinkException) 无法加载模块
[ 2011-11-24T19:51:24+08:00 ] ERR: (ThinkException) 无法加载模块
[ 2011-11-24T19:51:36+08:00 ] ERR: (ThinkException) 无法加载模块
[ 2011-11-24T19:51:48+08:00 ] ERR: (ThinkException) 无法加载模块
[ 2011-11-24T19:52:00+08:00 ] ERR: (ThinkException) 无法加载模块
[ 2011-11-24T19:52:12+08:00 ] ERR: (ThinkException) 无法加载模块
[ 2011-11-24T19:52:24+08:00 ] ERR: (ThinkException) 无法加载模块
[ 2011-11-24T19:52:36+08:00 ] ERR: (ThinkException) 无法加载模块
[ 2011-11-24T19:52:48+08:00 ] ERR: (ThinkException) 无法加载模块
[ 2011-11-24T19:53:00+08:00 ] ERR: (ThinkException) 无法加载模块
[ 2011-11-24T19:53:12+08:00 ] ERR: (ThinkException) 无法加载模块
[ 2011-11-24T19:53:24+08:00 ] ERR: (ThinkException) 无法加载模块
[ 2011-11-24T19:53:36+08:00 ] ERR: (ThinkException) 无法加载模块
[ 2011-11-24T19:53:48+08:00 ] ERR: (ThinkException) 无法加载模块
[ 2011-11-24T19:54:00+08:00 ] ERR: (ThinkException) 无法加载模块
[ 2011-11-24T19:54:12+08:00 ] ERR: (ThinkException) 无法加载模块
[ 2011-11-24T19:54:24+08:00 ] ERR: (ThinkException) 无法加载模块
[ 2011-11-24T19:54:36+08:00 ] ERR: (ThinkException) 无法加载模块
[ 2011-11-24T19:54:48+08:00 ] ERR: (ThinkException) 无法加载模块
[ 2011-11-24T19:55:00+08:00 ] ERR: (ThinkException) 无法加载模块
[ 2011-11-24T19:55:12+08:00 ] ERR: (ThinkException) 无法加载模块
[ 2011-11-24T19:55:24+08:00 ] ERR: (ThinkException) 无法加载模块
[ 2011-11-24T19:55:36+08:00 ] ERR: (ThinkException) 无法加载模块
[ 2011-11-24T19:55:48+08:00 ] ERR: (ThinkException) 无法加载模块
[ 2011-11-24T19:56:00+08:00 ] ERR: (ThinkException) 无法加载模块
[ 2011-11-24T19:56:12+08:00 ] ERR: (ThinkException) 无法加载模块
[ 2011-11-24T19:56:24+08:00 ] ERR: (ThinkException) 无法加载模块
[ 2011-11-24T19:56:36+08:00 ] ERR: (ThinkException) 无法加载模块
[ 2011-11-24T19:56:48+08:00 ] ERR: (ThinkException) 无法加载模块
[ 2011-11-24T19:57:00+08:00 ] ERR: (ThinkException) 无法加载模块
[ 2011-11-24T19:57:12+08:00 ] ERR: (ThinkException) 无法加载模块
[ 2011-11-24T19:57:24+08:00 ] ERR: (ThinkException) 无法加载模块
[ 2011-11-24T19:57:36+08:00 ] ERR: (ThinkException) 无法加载模块
[ 2011-11-24T19:57:48+08:00 ] ERR: (ThinkException) 无法加载模块
[ 2011-11-24T19:58:00+08:00 ] ERR: (ThinkException) 无法加载模块
[ 2011-11-24T19:58:12+08:00 ] ERR: (ThinkException) 无法加载模块
[ 2011-11-24T19:58:24+08:00 ] ERR: (ThinkException) 无法加载模块
[ 2011-11-24T19:58:36+08:00 ] ERR: (ThinkException) 无法加载模块
[ 2011-11-24T19:58:48+08:00 ] ERR: (ThinkException) 无法加载模块
[ 2011-11-24T19:59:00+08:00 ] ERR: (ThinkException) 无法加载模块
[ 2011-11-24T19:59:12+08:00 ] ERR: (ThinkException) 无法加载模块
[ 2011-11-24T19:59:25+08:00 ] ERR: (ThinkException) 无法加载模块
[ 2011-11-24T19:59:37+08:00 ] ERR: (ThinkException) 无法加载模块
[ 2011-11-24T19:59:49+08:00 ] ERR: (ThinkException) 无法加载模块
[ 2011-11-24T20:00:01+08:00 ] ERR: (ThinkException) 无法加载模块
[ 2011-11-24T20:00:13+08:00 ] ERR: (ThinkException) 无法加载模块
[ 2011-11-24T20:00:25+08:00 ] ERR: (ThinkException) 无法加载模块
[ 2011-11-24T20:00:37+08:00 ] ERR: (ThinkException) 无法加载模块
[ 2011-11-24T20:00:49+08:00 ] ERR: (ThinkException) 无法加载模块
[ 2011-11-24T20:01:01+08:00 ] ERR: (ThinkException) 无法加载模块
[ 2011-11-24T20:01:13+08:00 ] ERR: (ThinkException) 无法加载模块
[ 2011-11-24T20:01:25+08:00 ] ERR: (ThinkException) 无法加载模块
[ 2011-11-24T20:01:37+08:00 ] ERR: (ThinkException) 无法加载模块
[ 2011-11-24T20:01:49+08:00 ] ERR: (ThinkException) 无法加载模块
[ 2011-11-24T20:02:01+08:00 ] ERR: (ThinkException) 无法加载模块
[ 2011-11-24T20:02:13+08:00 ] ERR: (ThinkException) 无法加载模块
[ 2011-11-24T20:02:25+08:00 ] ERR: (ThinkException) 无法加载模块
[ 2011-11-24T20:02:37+08:00 ] ERR: (ThinkException) 无法加载模块
[ 2011-11-24T20:02:49+08:00 ] ERR: (ThinkException) 无法加载模块
[ 2011-11-24T20:03:01+08:00 ] ERR: (ThinkException) 无法加载模块
[ 2011-11-24T20:03:13+08:00 ] ERR: (ThinkException) 无法加载模块
[ 2011-11-24T20:03:25+08:00 ] ERR: (ThinkException) 无法加载模块
[ 2011-11-24T20:03:37+08:00 ] ERR: (ThinkException) 无法加载模块
[ 2011-11-24T20:03:49+08:00 ] ERR: (ThinkException) 无法加载模块
[ 2011-11-24T20:04:01+08:00 ] ERR: (ThinkException) 无法加载模块
[ 2011-11-24T20:04:13+08:00 ] ERR: (ThinkException) 无法加载模块
[ 2011-11-24T20:04:25+08:00 ] ERR: (ThinkException) 无法加载模块
[ 2011-11-24T20:04:37+08:00 ] ERR: (ThinkException) 无法加载模块
[ 2011-11-24T20:04:49+08:00 ] ERR: (ThinkException) 无法加载模块
[ 2011-11-24T20:05:01+08:00 ] ERR: (ThinkException) 无法加载模块
[ 2011-11-24T20:05:13+08:00 ] ERR: (ThinkException) 无法加载模块
[ 2011-11-24T20:05:25+08:00 ] ERR: (ThinkException) 无法加载模块
[ 2011-11-24T20:05:37+08:00 ] ERR: (ThinkException) 无法加载模块
[ 2011-11-24T20:05:49+08:00 ] ERR: (ThinkException) 无法加载模块
[ 2011-11-24T20:06:01+08:00 ] ERR: (ThinkException) 无法加载模块
[ 2011-11-24T20:06:13+08:00 ] ERR: (ThinkException) 无法加载模块
[ 2011-11-24T20:06:25+08:00 ] ERR: (ThinkException) 无法加载模块
[ 2011-11-24T20:06:37+08:00 ] ERR: (ThinkException) 无法加载模块
[ 2011-11-24T20:06:49+08:00 ] ERR: (ThinkException) 无法加载模块
[ 2011-11-24T20:07:01+08:00 ] ERR: (ThinkException) 无法加载模块
[ 2011-11-24T20:07:13+08:00 ] ERR: (ThinkException) 无法加载模块
[ 2011-11-24T20:07:25+08:00 ] ERR: (ThinkException) 无法加载模块
[ 2011-11-24T20:07:37+08:00 ] ERR: (ThinkException) 无法加载模块
[ 2011-11-24T20:07:49+08:00 ] ERR: (ThinkException) 无法加载模块
[ 2011-11-24T20:08:02+08:00 ] ERR: (ThinkException) 无法加载模块
[ 2011-11-24T20:08:14+08:00 ] ERR: (ThinkException) 无法加载模块
[ 2011-11-24T20:08:26+08:00 ] ERR: (ThinkException) 无法加载模块
[ 2011-11-24T20:08:38+08:00 ] ERR: (ThinkException) 无法加载模块
[ 2011-11-24T20:08:50+08:00 ] ERR: (ThinkException) 无法加载模块
[ 2011-11-24T20:09:02+08:00 ] ERR: (ThinkException) 无法加载模块
[ 2011-11-24T20:09:14+08:00 ] ERR: (ThinkException) 无法加载模块
[ 2011-11-24T20:09:26+08:00 ] ERR: (ThinkException) 无法加载模块
[ 2011-11-24T20:09:38+08:00 ] ERR: (ThinkException) 无法加载模块
[ 2011-11-24T20:09:50+08:00 ] ERR: (ThinkException) 无法加载模块
[ 2011-11-24T20:10:02+08:00 ] ERR: (ThinkException) 无法加载模块
[ 2011-11-24T20:10:14+08:00 ] ERR: (ThinkException) 无法加载模块
[ 2011-11-24T20:10:26+08:00 ] ERR: (ThinkException) 无法加载模块
[ 2011-11-24T20:10:38+08:00 ] ERR: (ThinkException) 无法加载模块
[ 2011-11-24T20:10:50+08:00 ] ERR: (ThinkException) 无法加载模块
[ 2011-11-24T20:11:02+08:00 ] ERR: (ThinkException) 无法加载模块
[ 2011-11-24T20:11:14+08:00 ] ERR: (ThinkException) 无法加载模块
[ 2011-11-24T20:11:26+08:00 ] ERR: (ThinkException) 无法加载模块
[ 2011-11-24T20:11:38+08:00 ] ERR: (ThinkException) 无法加载模块
[ 2011-11-24T20:11:50+08:00 ] ERR: (ThinkException) 无法加载模块
[ 2011-11-24T20:12:02+08:00 ] ERR: (ThinkException) 无法加载模块
[ 2011-11-24T20:12:14+08:00 ] ERR: (ThinkException) 无法加载模块
[ 2011-11-24T20:12:26+08:00 ] ERR: (ThinkException) 无法加载模块
[ 2011-11-24T20:12:38+08:00 ] ERR: (ThinkException) 无法加载模块
[ 2011-11-24T20:12:50+08:00 ] ERR: (ThinkException) 无法加载模块
[ 2011-11-24T20:13:02+08:00 ] ERR: (ThinkException) 无法加载模块
[ 2011-11-24T20:13:14+08:00 ] ERR: (ThinkException) 无法加载模块
[ 2011-11-24T20:13:26+08:00 ] ERR: (ThinkException) 无法加载模块
[ 2011-11-24T20:13:38+08:00 ] ERR: (ThinkException) 无法加载模块
[ 2011-11-24T20:13:50+08:00 ] ERR: (ThinkException) 无法加载模块
[ 2011-11-24T20:14:02+08:00 ] ERR: (ThinkException) 无法加载模块
[ 2011-11-24T20:14:14+08:00 ] ERR: (ThinkException) 无法加载模块
[ 2011-11-24T20:14:26+08:00 ] ERR: (ThinkException) 无法加载模块
[ 2011-11-24T20:14:38+08:00 ] ERR: (ThinkException) 无法加载模块
[ 2011-11-24T20:14:50+08:00 ] ERR: (ThinkException) 无法加载模块
[ 2011-11-24T20:15:02+08:00 ] ERR: (ThinkException) 无法加载模块
[ 2011-11-24T20:15:14+08:00 ] ERR: (ThinkException) 无法加载模块
[ 2011-11-24T20:15:26+08:00 ] ERR: (ThinkException) 无法加载模块
[ 2011-11-24T20:15:38+08:00 ] ERR: (ThinkException) 无法加载模块
[ 2011-11-24T20:15:50+08:00 ] ERR: (ThinkException) 无法加载模块
[ 2011-11-24T20:16:02+08:00 ] ERR: (ThinkException) 无法加载模块
[ 2011-11-24T20:16:14+08:00 ] ERR: (ThinkException) 无法加载模块
[ 2011-11-24T20:16:26+08:00 ] ERR: (ThinkException) 无法加载模块
[ 2011-11-24T20:16:38+08:00 ] ERR: (ThinkException) 无法加载模块
[ 2011-11-24T20:16:50+08:00 ] ERR: (ThinkException) 无法加载模块
[ 2011-11-24T20:17:03+08:00 ] ERR: (ThinkException) 无法加载模块
[ 2011-11-24T20:17:15+08:00 ] ERR: (ThinkException) 无法加载模块
[ 2011-11-24T20:17:27+08:00 ] ERR: (ThinkException) 无法加载模块
[ 2011-11-24T20:17:39+08:00 ] ERR: (ThinkException) 无法加载模块
[ 2011-11-24T20:17:51+08:00 ] ERR: (ThinkException) 无法加载模块
[ 2011-11-24T20:18:03+08:00 ] ERR: (ThinkException) 无法加载模块
[ 2011-11-24T20:18:15+08:00 ] ERR: (ThinkException) 无法加载模块
[ 2011-11-24T20:18:27+08:00 ] ERR: (ThinkException) 无法加载模块
[ 2011-11-24T20:18:39+08:00 ] ERR: (ThinkException) 无法加载模块
[ 2011-11-24T20:18:51+08:00 ] ERR: (ThinkException) 无法加载模块
[ 2011-11-24T20:19:03+08:00 ] ERR: (ThinkException) 无法加载模块
[ 2011-11-24T20:19:15+08:00 ] ERR: (ThinkException) 无法加载模块
[ 2011-11-24T20:19:27+08:00 ] ERR: (ThinkException) 无法加载模块
[ 2011-11-24T20:19:39+08:00 ] ERR: (ThinkException) 无法加载模块
[ 2011-11-24T20:19:51+08:00 ] ERR: (ThinkException) 无法加载模块
[ 2011-11-24T20:20:03+08:00 ] ERR: (ThinkException) 无法加载模块
[ 2011-11-24T20:20:15+08:00 ] ERR: (ThinkException) 无法加载模块
[ 2011-11-24T20:20:27+08:00 ] ERR: (ThinkException) 无法加载模块
[ 2011-11-24T20:20:39+08:00 ] ERR: (ThinkException) 无法加载模块
[ 2011-11-24T20:20:51+08:00 ] ERR: (ThinkException) 无法加载模块
[ 2011-11-24T20:21:03+08:00 ] ERR: (ThinkException) 无法加载模块
[ 2011-11-24T20:21:15+08:00 ] ERR: (ThinkException) 无法加载模块
[ 2011-11-24T20:21:27+08:00 ] ERR: (ThinkException) 无法加载模块
[ 2011-11-24T20:21:39+08:00 ] ERR: (ThinkException) 无法加载模块
[ 2011-11-24T20:21:51+08:00 ] ERR: (ThinkException) 无法加载模块
[ 2011-11-24T20:22:03+08:00 ] ERR: (ThinkException) 无法加载模块
[ 2011-11-24T20:22:15+08:00 ] ERR: (ThinkException) 无法加载模块
[ 2011-11-24T20:22:27+08:00 ] ERR: (ThinkException) 无法加载模块
[ 2011-11-24T20:22:39+08:00 ] ERR: (ThinkException) 无法加载模块
[ 2011-11-24T20:22:51+08:00 ] ERR: (ThinkException) 无法加载模块
[ 2011-11-24T20:23:03+08:00 ] ERR: (ThinkException) 无法加载模块
[ 2011-11-24T20:23:15+08:00 ] ERR: (ThinkException) 无法加载模块
[ 2011-11-24T20:23:27+08:00 ] ERR: (ThinkException) 无法加载模块
[ 2011-11-24T20:23:39+08:00 ] ERR: (ThinkException) 无法加载模块
[ 2011-11-24T20:23:51+08:00 ] ERR: (ThinkException) 无法加载模块
[ 2011-11-24T20:24:03+08:00 ] ERR: (ThinkException) 无法加载模块
[ 2011-11-24T20:24:15+08:00 ] ERR: (ThinkException) 无法加载模块
[ 2011-11-24T20:24:27+08:00 ] ERR: (ThinkException) 无法加载模块
[ 2011-11-24T20:24:39+08:00 ] ERR: (ThinkException) 无法加载模块
[ 2011-11-24T20:24:51+08:00 ] ERR: (ThinkException) 无法加载模块
[ 2011-11-24T20:25:03+08:00 ] ERR: (ThinkException) 无法加载模块
[ 2011-11-24T20:25:15+08:00 ] ERR: (ThinkException) 无法加载模块
[ 2011-11-24T20:25:27+08:00 ] ERR: (ThinkException) 无法加载模块
[ 2011-11-24T20:25:39+08:00 ] ERR: (ThinkException) 无法加载模块
[ 2011-11-24T20:25:51+08:00 ] ERR: (ThinkException) 无法加载模块
[ 2011-11-24T20:26:04+08:00 ] ERR: (ThinkException) 无法加载模块
[ 2011-11-24T20:26:16+08:00 ] ERR: (ThinkException) 无法加载模块
[ 2011-11-24T20:26:28+08:00 ] ERR: (ThinkException) 无法加载模块
[ 2011-11-24T20:26:40+08:00 ] ERR: (ThinkException) 无法加载模块
[ 2011-11-24T20:26:52+08:00 ] ERR: (ThinkException) 无法加载模块
[ 2011-11-24T20:27:04+08:00 ] ERR: (ThinkException) 无法加载模块
[ 2011-11-24T20:27:16+08:00 ] ERR: (ThinkException) 无法加载模块
[ 2011-11-24T20:27:28+08:00 ] ERR: (ThinkException) 无法加载模块
[ 2011-11-24T20:27:40+08:00 ] ERR: (ThinkException) 无法加载模块
[ 2011-11-24T20:27:52+08:00 ] ERR: (ThinkException) 无法加载模块
[ 2011-11-24T20:28:04+08:00 ] ERR: (ThinkException) 无法加载模块
[ 2011-11-24T20:28:16+08:00 ] ERR: (ThinkException) 无法加载模块
[ 2011-11-24T20:28:28+08:00 ] ERR: (ThinkException) 无法加载模块
[ 2011-11-24T20:28:40+08:00 ] ERR: (ThinkException) 无法加载模块
[ 2011-11-24T20:28:52+08:00 ] ERR: (ThinkException) 无法加载模块
[ 2011-11-24T20:29:04+08:00 ] ERR: (ThinkException) 无法加载模块
[ 2011-11-24T20:29:16+08:00 ] ERR: (ThinkException) 无法加载模块
[ 2011-11-24T20:29:28+08:00 ] ERR: (ThinkException) 无法加载模块
[ 2011-11-24T20:29:40+08:00 ] ERR: (ThinkException) 无法加载模块
[ 2011-11-24T20:29:52+08:00 ] ERR: (ThinkException) 无法加载模块
[ 2011-11-24T20:30:04+08:00 ] ERR: (ThinkException) 无法加载模块
[ 2011-11-24T20:30:16+08:00 ] ERR: (ThinkException) 无法加载模块
[ 2011-11-24T20:30:28+08:00 ] ERR: (ThinkException) 无法加载模块
[ 2011-11-24T20:30:40+08:00 ] ERR: (ThinkException) 无法加载模块
[ 2011-11-24T20:30:52+08:00 ] ERR: (ThinkException) 无法加载模块
[ 2011-11-24T20:31:04+08:00 ] ERR: (ThinkException) 无法加载模块
[ 2011-11-24T20:31:16+08:00 ] ERR: (ThinkException) 无法加载模块
[ 2011-11-24T20:31:28+08:00 ] ERR: (ThinkException) 无法加载模块
[ 2011-11-24T20:31:40+08:00 ] ERR: (ThinkException) 无法加载模块
[ 2011-11-24T20:31:52+08:00 ] ERR: (ThinkException) 无法加载模块
[ 2011-11-24T20:32:04+08:00 ] ERR: (ThinkException) 无法加载模块
[ 2011-11-24T20:32:16+08:00 ] ERR: (ThinkException) 无法加载模块
[ 2011-11-24T20:32:28+08:00 ] ERR: (ThinkException) 无法加载模块
[ 2011-11-24T20:32:40+08:00 ] ERR: (ThinkException) 无法加载模块
[ 2011-11-24T20:32:52+08:00 ] ERR: (ThinkException) 无法加载模块
[ 2011-11-24T20:33:04+08:00 ] ERR: (ThinkException) 无法加载模块
[ 2011-11-24T20:33:16+08:00 ] ERR: (ThinkException) 无法加载模块
[ 2011-11-24T20:33:28+08:00 ] ERR: (ThinkException) 无法加载模块
[ 2011-11-24T20:33:40+08:00 ] ERR: (ThinkException) 无法加载模块
[ 2011-11-24T20:33:52+08:00 ] ERR: (ThinkException) 无法加载模块
[ 2011-11-24T20:34:04+08:00 ] ERR: (ThinkException) 无法加载模块
[ 2011-11-24T20:34:16+08:00 ] ERR: (ThinkException) 无法加载模块
[ 2011-11-24T20:34:28+08:00 ] ERR: (ThinkException) 无法加载模块
[ 2011-11-24T20:34:41+08:00 ] ERR: (ThinkException) 无法加载模块
[ 2011-11-24T20:34:53+08:00 ] ERR: (ThinkException) 无法加载模块
[ 2011-11-24T20:35:05+08:00 ] ERR: (ThinkException) 无法加载模块
[ 2011-11-24T20:35:17+08:00 ] ERR: (ThinkException) 无法加载模块
[ 2011-11-24T20:35:29+08:00 ] ERR: (ThinkException) 无法加载模块
[ 2011-11-24T20:35:41+08:00 ] ERR: (ThinkException) 无法加载模块
[ 2011-11-24T20:35:53+08:00 ] ERR: (ThinkException) 无法加载模块
[ 2011-11-24T20:36:05+08:00 ] ERR: (ThinkException) 无法加载模块
[ 2011-11-24T20:36:17+08:00 ] ERR: (ThinkException) 无法加载模块
[ 2011-11-24T20:36:29+08:00 ] ERR: (ThinkException) 无法加载模块
[ 2011-11-24T20:36:41+08:00 ] ERR: (ThinkException) 无法加载模块
[ 2011-11-24T20:36:53+08:00 ] ERR: (ThinkException) 无法加载模块
[ 2011-11-24T20:37:05+08:00 ] ERR: (ThinkException) 无法加载模块
[ 2011-11-24T20:37:17+08:00 ] ERR: (ThinkException) 无法加载模块
[ 2011-11-24T20:37:29+08:00 ] ERR: (ThinkException) 无法加载模块
[ 2011-11-24T20:37:41+08:00 ] ERR: (ThinkException) 无法加载模块
[ 2011-11-24T20:37:53+08:00 ] ERR: (ThinkException) 无法加载模块
[ 2011-11-24T20:38:05+08:00 ] ERR: (ThinkException) 无法加载模块
[ 2011-11-24T20:38:17+08:00 ] ERR: (ThinkException) 无法加载模块
[ 2011-11-24T20:38:29+08:00 ] ERR: (ThinkException) 无法加载模块
[ 2011-11-24T20:38:41+08:00 ] ERR: (ThinkException) 无法加载模块
[ 2011-11-24T20:38:53+08:00 ] ERR: (ThinkException) 无法加载模块
[ 2011-11-24T20:39:05+08:00 ] ERR: (ThinkException) 无法加载模块
[ 2011-11-24T20:39:17+08:00 ] ERR: (ThinkException) 无法加载模块
[ 2011-11-24T20:39:29+08:00 ] ERR: (ThinkException) 无法加载模块
[ 2011-11-24T20:39:41+08:00 ] ERR: (ThinkException) 无法加载模块
[ 2011-11-24T20:39:53+08:00 ] ERR: (ThinkException) 无法加载模块
[ 2011-11-24T20:40:05+08:00 ] ERR: (ThinkException) 无法加载模块
[ 2011-11-24T20:40:17+08:00 ] ERR: (ThinkException) 无法加载模块
[ 2011-11-24T20:40:29+08:00 ] ERR: (ThinkException) 无法加载模块
[ 2011-11-24T20:40:41+08:00 ] ERR: (ThinkException) 无法加载模块
[ 2011-11-24T20:40:53+08:00 ] ERR: (ThinkException) 无法加载模块
[ 2011-11-24T20:41:05+08:00 ] ERR: (ThinkException) 无法加载模块
[ 2011-11-24T20:41:17+08:00 ] ERR: (ThinkException) 无法加载模块
[ 2011-11-24T20:41:29+08:00 ] ERR: (ThinkException) 无法加载模块
[ 2011-11-24T20:41:41+08:00 ] ERR: (ThinkException) 无法加载模块
[ 2011-11-24T20:41:53+08:00 ] ERR: (ThinkException) 无法加载模块
[ 2011-11-24T20:42:05+08:00 ] ERR: (ThinkException) 无法加载模块
[ 2011-11-24T20:42:17+08:00 ] ERR: (ThinkException) 无法加载模块
[ 2011-11-24T20:42:29+08:00 ] ERR: (ThinkException) 无法加载模块
[ 2011-11-24T20:42:41+08:00 ] ERR: (ThinkException) 无法加载模块
[ 2011-11-24T20:42:53+08:00 ] ERR: (ThinkException) 无法加载模块
[ 2011-11-24T20:43:05+08:00 ] ERR: (ThinkException) 无法加载模块
[ 2011-11-24T20:43:17+08:00 ] ERR: (ThinkException) 无法加载模块
[ 2011-11-24T20:43:30+08:00 ] ERR: (ThinkException) 无法加载模块
[ 2011-11-24T20:43:42+08:00 ] ERR: (ThinkException) 无法加载模块
[ 2011-11-24T20:43:54+08:00 ] ERR: (ThinkException) 无法加载模块
[ 2011-11-24T20:44:06+08:00 ] ERR: (ThinkException) 无法加载模块
[ 2011-11-24T20:44:18+08:00 ] ERR: (ThinkException) 无法加载模块
[ 2011-11-24T20:44:30+08:00 ] ERR: (ThinkException) 无法加载模块
[ 2011-11-24T20:44:39+08:00 ] ERR: (ThinkException) 无法加载模块
[ 2011-11-24T20:44:39+08:00 ] ERR: (ThinkException) 无法加载模块
[ 2011-11-24T21:42:44+08:00 ] ERR: (ThinkException) 无法加载模块
[ 2011-11-24T21:42:44+08:00 ] ERR: (ThinkException) 无法加载模块
[ 2011-11-24T22:23:22+08:00 ] ERR: (ThinkException) Action:_initialize您所请求的方法不存在！
[ 2011-11-24T22:31:16+08:00 ] ERR: (ThinkException) 非法操作show
[ 2011-11-24T22:33:58+08:00 ] ERR: (ThinkException) Action:_initialize您所请求的方法不存在！
[ 2011-11-24T22:33:59+08:00 ] ERR: (ThinkException) Action:_initialize您所请求的方法不存在！
[ 2011-11-24T22:33:59+08:00 ] ERR: (ThinkException) Action:_initialize您所请求的方法不存在！
[ 2011-11-24T22:33:59+08:00 ] ERR: (ThinkException) Action:_initialize您所请求的方法不存在！
[ 2011-11-24T22:34:00+08:00 ] ERR: (ThinkException) Action:_initialize您所请求的方法不存在！
[ 2011-11-24T22:57:17+08:00 ] ERR: (ThinkException) 无法加载模块
[ 2011-11-24T22:57:18+08:00 ] ERR: (ThinkException) 无法加载模块
[ 2011-11-24T22:57:30+08:00 ] ERR: (ThinkException) 无法加载模块
[ 2011-11-24T22:57:42+08:00 ] ERR: (ThinkException) 无法加载模块
[ 2011-11-24T22:57:45+08:00 ] ERR: (ThinkException) 无法加载模块
[ 2011-11-24T22:57:45+08:00 ] ERR: (ThinkException) 无法加载模块
[ 2011-11-24T23:01:23+08:00 ] ERR: (ThinkException) 非法操作show
[ 2011-11-24T23:20:27+08:00 ] ERR: (ThinkException) 无法加载模块
[ 2011-11-24T23:20:27+08:00 ] ERR: (ThinkException) 无法加载模块
[ 2011-11-24T23:20:39+08:00 ] ERR: (ThinkException) 无法加载模块
[ 2011-11-24T23:30:44+08:00 ] ERR: (ThinkException) 非法操作show
[ 2011-11-24T23:31:20+08:00 ] ERR: (ThinkException) 非法操作method="post"
[ 2011-11-24T23:31:28+08:00 ] ERR: (ThinkException) 非法操作method="post"
[ 2011-11-24T23:31:33+08:00 ] ERR: (ThinkException) 非法操作method="post"
[ 2011-11-24T23:31:37+08:00 ] ERR: (ThinkException) 非法操作method="post"
